{"/Users/alex/Desktop/RebelCoderz/armada/engine/src/core/constants/game.ts": {"path":"/Users/alex/Desktop/RebelCoderz/armada/engine/src/core/constants/game.ts","statementMap":{"0":{"start":{"line":1,"column":30},"end":{"line":33,"column":null}}},"fnMap":{},"branchMap":{},"s":{"0":4},"f":{},"b":{},"meta":{"lastBranch":0,"lastFunction":0,"lastStatement":1,"seen":{"s:1:30:33:Infinity":0}}}
,"/Users/alex/Desktop/RebelCoderz/armada/engine/src/core/engine/index.ts": {"path":"/Users/alex/Desktop/RebelCoderz/armada/engine/src/core/engine/index.ts","statementMap":{},"fnMap":{},"branchMap":{},"s":{},"f":{},"b":{},"meta":{"lastBranch":0,"lastFunction":0,"lastStatement":0,"seen":{}}}
,"/Users/alex/Desktop/RebelCoderz/armada/engine/src/core/engine/logic.ts": {"path":"/Users/alex/Desktop/RebelCoderz/armada/engine/src/core/engine/logic.ts","statementMap":{"0":{"start":{"line":7,"column":6},"end":{"line":7,"column":null}},"1":{"start":{"line":7,"column":54},"end":{"line":7,"column":null}},"2":{"start":{"line":39,"column":4},"end":{"line":39,"column":null}},"3":{"start":{"line":40,"column":4},"end":{"line":41,"column":null}},"4":{"start":{"line":42,"column":4},"end":{"line":42,"column":null}},"5":{"start":{"line":43,"column":4},"end":{"line":43,"column":null}},"6":{"start":{"line":44,"column":4},"end":{"line":44,"column":null}},"7":{"start":{"line":45,"column":4},"end":{"line":45,"column":null}},"8":{"start":{"line":46,"column":4},"end":{"line":46,"column":null}},"9":{"start":{"line":47,"column":4},"end":{"line":47,"column":null}},"10":{"start":{"line":49,"column":4},"end":{"line":49,"column":null}},"11":{"start":{"line":50,"column":4},"end":{"line":50,"column":null}},"12":{"start":{"line":51,"column":4},"end":{"line":51,"column":null}},"13":{"start":{"line":52,"column":4},"end":{"line":52,"column":null}},"14":{"start":{"line":53,"column":4},"end":{"line":53,"column":null}},"15":{"start":{"line":54,"column":4},"end":{"line":54,"column":null}},"16":{"start":{"line":55,"column":4},"end":{"line":55,"column":null}},"17":{"start":{"line":56,"column":4},"end":{"line":56,"column":null}},"18":{"start":{"line":59,"column":4},"end":{"line":59,"column":null}},"19":{"start":{"line":60,"column":4},"end":{"line":60,"column":null}},"20":{"start":{"line":61,"column":4},"end":{"line":61,"column":null}},"21":{"start":{"line":62,"column":4},"end":{"line":62,"column":null}},"22":{"start":{"line":76,"column":4},"end":{"line":76,"column":null}},"23":{"start":{"line":77,"column":4},"end":{"line":77,"column":null}},"24":{"start":{"line":78,"column":4},"end":{"line":78,"column":null}},"25":{"start":{"line":79,"column":4},"end":{"line":79,"column":null}},"26":{"start":{"line":80,"column":4},"end":{"line":80,"column":null}},"27":{"start":{"line":81,"column":4},"end":{"line":81,"column":null}},"28":{"start":{"line":83,"column":4},"end":{"line":83,"column":null}},"29":{"start":{"line":84,"column":4},"end":{"line":84,"column":null}},"30":{"start":{"line":85,"column":4},"end":{"line":85,"column":null}},"31":{"start":{"line":86,"column":4},"end":{"line":86,"column":null}},"32":{"start":{"line":87,"column":4},"end":{"line":87,"column":null}},"33":{"start":{"line":88,"column":4},"end":{"line":88,"column":null}},"34":{"start":{"line":89,"column":4},"end":{"line":89,"column":null}},"35":{"start":{"line":90,"column":4},"end":{"line":90,"column":null}},"36":{"start":{"line":92,"column":4},"end":{"line":96,"column":null}},"37":{"start":{"line":97,"column":4},"end":{"line":101,"column":null}},"38":{"start":{"line":103,"column":4},"end":{"line":103,"column":null}},"39":{"start":{"line":110,"column":4},"end":{"line":110,"column":null}},"40":{"start":{"line":111,"column":4},"end":{"line":111,"column":null}},"41":{"start":{"line":112,"column":4},"end":{"line":112,"column":null}},"42":{"start":{"line":113,"column":4},"end":{"line":113,"column":null}},"43":{"start":{"line":114,"column":4},"end":{"line":114,"column":null}},"44":{"start":{"line":115,"column":4},"end":{"line":115,"column":null}},"45":{"start":{"line":117,"column":4},"end":{"line":117,"column":null}},"46":{"start":{"line":118,"column":4},"end":{"line":118,"column":null}},"47":{"start":{"line":119,"column":4},"end":{"line":119,"column":null}},"48":{"start":{"line":120,"column":4},"end":{"line":120,"column":null}},"49":{"start":{"line":121,"column":4},"end":{"line":121,"column":null}},"50":{"start":{"line":122,"column":4},"end":{"line":122,"column":null}},"51":{"start":{"line":123,"column":4},"end":{"line":123,"column":null}},"52":{"start":{"line":124,"column":4},"end":{"line":124,"column":null}},"53":{"start":{"line":126,"column":4},"end":{"line":126,"column":null}},"54":{"start":{"line":135,"column":4},"end":{"line":135,"column":null}},"55":{"start":{"line":136,"column":4},"end":{"line":136,"column":null}},"56":{"start":{"line":137,"column":4},"end":{"line":137,"column":null}},"57":{"start":{"line":145,"column":4},"end":{"line":145,"column":null}},"58":{"start":{"line":153,"column":4},"end":{"line":153,"column":null}},"59":{"start":{"line":161,"column":4},"end":{"line":161,"column":null}},"60":{"start":{"line":168,"column":4},"end":{"line":168,"column":null}},"61":{"start":{"line":169,"column":4},"end":{"line":169,"column":null}},"62":{"start":{"line":170,"column":4},"end":{"line":170,"column":null}},"63":{"start":{"line":177,"column":4},"end":{"line":177,"column":null}},"64":{"start":{"line":178,"column":4},"end":{"line":178,"column":null}},"65":{"start":{"line":179,"column":4},"end":{"line":179,"column":null}},"66":{"start":{"line":186,"column":4},"end":{"line":189,"column":null}},"67":{"start":{"line":187,"column":6},"end":{"line":187,"column":null}},"68":{"start":{"line":189,"column":6},"end":{"line":189,"column":null}},"69":{"start":{"line":201,"column":4},"end":{"line":207,"column":null}},"70":{"start":{"line":202,"column":6},"end":{"line":207,"column":null}},"71":{"start":{"line":210,"column":19},"end":{"line":210,"column":53}},"72":{"start":{"line":212,"column":23},"end":{"line":217,"column":null}},"73":{"start":{"line":219,"column":16},"end":{"line":219,"column":28}},"74":{"start":{"line":220,"column":21},"end":{"line":220,"column":null}},"75":{"start":{"line":221,"column":4},"end":{"line":221,"column":null}},"76":{"start":{"line":223,"column":4},"end":{"line":226,"column":null}},"77":{"start":{"line":224,"column":22},"end":{"line":224,"column":null}},"78":{"start":{"line":225,"column":12},"end":{"line":225,"column":null}},"79":{"start":{"line":226,"column":6},"end":{"line":226,"column":null}},"80":{"start":{"line":229,"column":4},"end":{"line":229,"column":null}},"81":{"start":{"line":230,"column":4},"end":{"line":230,"column":null}},"82":{"start":{"line":231,"column":4},"end":{"line":231,"column":null}},"83":{"start":{"line":234,"column":6},"end":{"line":236,"column":null}},"84":{"start":{"line":238,"column":4},"end":{"line":238,"column":null}},"85":{"start":{"line":240,"column":4},"end":{"line":247,"column":null}},"86":{"start":{"line":262,"column":26},"end":{"line":264,"column":null}},"87":{"start":{"line":265,"column":16},"end":{"line":265,"column":28}},"88":{"start":{"line":266,"column":19},"end":{"line":266,"column":41}},"89":{"start":{"line":268,"column":4},"end":{"line":269,"column":null}},"90":{"start":{"line":269,"column":6},"end":{"line":269,"column":null}},"91":{"start":{"line":272,"column":4},"end":{"line":272,"column":null}},"92":{"start":{"line":283,"column":21},"end":{"line":283,"column":null}},"93":{"start":{"line":284,"column":4},"end":{"line":284,"column":null}},"94":{"start":{"line":294,"column":18},"end":{"line":294,"column":null}},"95":{"start":{"line":295,"column":4},"end":{"line":295,"column":null}},"96":{"start":{"line":295,"column":32},"end":{"line":295,"column":null}},"97":{"start":{"line":297,"column":20},"end":{"line":297,"column":null}},"98":{"start":{"line":298,"column":21},"end":{"line":298,"column":null}},"99":{"start":{"line":300,"column":17},"end":{"line":300,"column":null}},"100":{"start":{"line":301,"column":17},"end":{"line":301,"column":37}},"101":{"start":{"line":303,"column":4},"end":{"line":303,"column":null}},"102":{"start":{"line":312,"column":18},"end":{"line":312,"column":null}},"103":{"start":{"line":315,"column":4},"end":{"line":316,"column":null}},"104":{"start":{"line":316,"column":6},"end":{"line":316,"column":null}},"105":{"start":{"line":319,"column":4},"end":{"line":321,"column":null}},"106":{"start":{"line":320,"column":6},"end":{"line":320,"column":50}},"107":{"start":{"line":329,"column":4},"end":{"line":329,"column":null}},"108":{"start":{"line":329,"column":25},"end":{"line":329,"column":null}},"109":{"start":{"line":331,"column":39},"end":{"line":331,"column":70}},"110":{"start":{"line":332,"column":38},"end":{"line":332,"column":70}},"111":{"start":{"line":334,"column":4},"end":{"line":337,"column":null}},"112":{"start":{"line":335,"column":6},"end":{"line":335,"column":null}},"113":{"start":{"line":336,"column":6},"end":{"line":336,"column":null}},"114":{"start":{"line":337,"column":6},"end":{"line":337,"column":null}},"115":{"start":{"line":350,"column":4},"end":{"line":357,"column":null}},"116":{"start":{"line":351,"column":12},"end":{"line":351,"column":46}},"117":{"start":{"line":352,"column":6},"end":{"line":352,"column":null}},"118":{"start":{"line":354,"column":6},"end":{"line":356,"column":null}},"119":{"start":{"line":355,"column":8},"end":{"line":355,"column":null}},"120":{"start":{"line":365,"column":4},"end":{"line":365,"column":null}},"121":{"start":{"line":366,"column":4},"end":{"line":366,"column":null}},"122":{"start":{"line":367,"column":4},"end":{"line":367,"column":null}},"123":{"start":{"line":368,"column":4},"end":{"line":372,"column":null}},"124":{"start":{"line":373,"column":4},"end":{"line":373,"column":null}},"125":{"start":{"line":381,"column":4},"end":{"line":381,"column":null}},"126":{"start":{"line":382,"column":4},"end":{"line":382,"column":null}},"127":{"start":{"line":383,"column":4},"end":{"line":383,"column":null}},"128":{"start":{"line":384,"column":4},"end":{"line":388,"column":null}},"129":{"start":{"line":389,"column":4},"end":{"line":389,"column":null}},"130":{"start":{"line":397,"column":4},"end":{"line":397,"column":null}},"131":{"start":{"line":398,"column":4},"end":{"line":398,"column":null}},"132":{"start":{"line":399,"column":4},"end":{"line":405,"column":null}},"133":{"start":{"line":400,"column":6},"end":{"line":400,"column":null}},"134":{"start":{"line":401,"column":6},"end":{"line":403,"column":null}},"135":{"start":{"line":402,"column":28},"end":{"line":402,"column":null}},"136":{"start":{"line":403,"column":8},"end":{"line":403,"column":null}},"137":{"start":{"line":406,"column":4},"end":{"line":406,"column":null}},"138":{"start":{"line":407,"column":4},"end":{"line":407,"column":null}},"139":{"start":{"line":415,"column":4},"end":{"line":415,"column":null}},"140":{"start":{"line":416,"column":4},"end":{"line":416,"column":null}},"141":{"start":{"line":417,"column":4},"end":{"line":423,"column":null}},"142":{"start":{"line":418,"column":6},"end":{"line":418,"column":null}},"143":{"start":{"line":419,"column":6},"end":{"line":421,"column":null}},"144":{"start":{"line":420,"column":28},"end":{"line":420,"column":null}},"145":{"start":{"line":421,"column":8},"end":{"line":421,"column":null}},"146":{"start":{"line":424,"column":4},"end":{"line":424,"column":null}},"147":{"start":{"line":425,"column":4},"end":{"line":425,"column":null}},"148":{"start":{"line":433,"column":4},"end":{"line":446,"column":null}},"149":{"start":{"line":454,"column":4},"end":{"line":454,"column":null}},"150":{"start":{"line":462,"column":4},"end":{"line":462,"column":null}},"151":{"start":{"line":471,"column":4},"end":{"line":471,"column":null}},"152":{"start":{"line":480,"column":4},"end":{"line":480,"column":null}},"153":{"start":{"line":488,"column":4},"end":{"line":488,"column":null}},"154":{"start":{"line":496,"column":4},"end":{"line":496,"column":null}},"155":{"start":{"line":504,"column":4},"end":{"line":504,"column":null}},"156":{"start":{"line":514,"column":4},"end":{"line":514,"column":null}},"157":{"start":{"line":529,"column":21},"end":{"line":529,"column":null}},"158":{"start":{"line":530,"column":4},"end":{"line":530,"column":null}},"159":{"start":{"line":546,"column":22},"end":{"line":548,"column":null}},"160":{"start":{"line":549,"column":4},"end":{"line":549,"column":null}},"161":{"start":{"line":557,"column":4},"end":{"line":557,"column":null}}},"fnMap":{"0":{"name":"(anonymous_0)","decl":{"start":{"line":7,"column":6},"end":{"line":7,"column":16}},"loc":{"start":{"line":7,"column":54},"end":{"line":7,"column":null}},"line":7},"1":{"name":"(anonymous_1)","decl":{"start":{"line":35,"column":2},"end":{"line":35,"column":null}},"loc":{"start":{"line":38,"column":4},"end":{"line":62,"column":null}},"line":38},"2":{"name":"(anonymous_2)","decl":{"start":{"line":71,"column":2},"end":{"line":71,"column":9}},"loc":{"start":{"line":75,"column":10},"end":{"line":103,"column":null}},"line":75},"3":{"name":"(anonymous_3)","decl":{"start":{"line":109,"column":2},"end":{"line":109,"column":9}},"loc":{"start":{"line":109,"column":27},"end":{"line":126,"column":null}},"line":109},"4":{"name":"(anonymous_4)","decl":{"start":{"line":134,"column":2},"end":{"line":134,"column":9}},"loc":{"start":{"line":134,"column":65},"end":{"line":137,"column":null}},"line":134},"5":{"name":"(anonymous_5)","decl":{"start":{"line":144,"column":2},"end":{"line":144,"column":9}},"loc":{"start":{"line":144,"column":36},"end":{"line":145,"column":null}},"line":144},"6":{"name":"(anonymous_6)","decl":{"start":{"line":152,"column":2},"end":{"line":152,"column":9}},"loc":{"start":{"line":152,"column":33},"end":{"line":153,"column":null}},"line":152},"7":{"name":"(anonymous_7)","decl":{"start":{"line":160,"column":2},"end":{"line":160,"column":9}},"loc":{"start":{"line":160,"column":32},"end":{"line":161,"column":null}},"line":160},"8":{"name":"(anonymous_8)","decl":{"start":{"line":167,"column":2},"end":{"line":167,"column":9}},"loc":{"start":{"line":167,"column":31},"end":{"line":170,"column":null}},"line":167},"9":{"name":"(anonymous_9)","decl":{"start":{"line":176,"column":2},"end":{"line":176,"column":9}},"loc":{"start":{"line":176,"column":30},"end":{"line":179,"column":null}},"line":176},"10":{"name":"(anonymous_10)","decl":{"start":{"line":185,"column":2},"end":{"line":185,"column":9}},"loc":{"start":{"line":185,"column":28},"end":{"line":189,"column":null}},"line":185},"11":{"name":"(anonymous_11)","decl":{"start":{"line":200,"column":2},"end":{"line":200,"column":9}},"loc":{"start":{"line":200,"column":78},"end":{"line":247,"column":null}},"line":200},"12":{"name":"(anonymous_12)","decl":{"start":{"line":257,"column":2},"end":{"line":257,"column":9}},"loc":{"start":{"line":261,"column":38},"end":{"line":272,"column":null}},"line":261},"13":{"name":"(anonymous_13)","decl":{"start":{"line":282,"column":2},"end":{"line":282,"column":9}},"loc":{"start":{"line":282,"column":74},"end":{"line":284,"column":null}},"line":282},"14":{"name":"(anonymous_14)","decl":{"start":{"line":293,"column":2},"end":{"line":293,"column":9}},"loc":{"start":{"line":293,"column":73},"end":{"line":303,"column":null}},"line":293},"15":{"name":"(anonymous_15)","decl":{"start":{"line":311,"column":2},"end":{"line":311,"column":10}},"loc":{"start":{"line":311,"column":64},"end":{"line":321,"column":null}},"line":311},"16":{"name":"(anonymous_16)","decl":{"start":{"line":319,"column":17},"end":{"line":319,"column":24}},"loc":{"start":{"line":320,"column":6},"end":{"line":320,"column":50}},"line":320},"17":{"name":"(anonymous_17)","decl":{"start":{"line":328,"column":2},"end":{"line":328,"column":10}},"loc":{"start":{"line":328,"column":32},"end":{"line":337,"column":null}},"line":328},"18":{"name":"(anonymous_18)","decl":{"start":{"line":345,"column":2},"end":{"line":345,"column":10}},"loc":{"start":{"line":349,"column":10},"end":{"line":357,"column":null}},"line":349},"19":{"name":"(anonymous_19)","decl":{"start":{"line":350,"column":10},"end":{"line":350,"column":19}},"loc":{"start":{"line":350,"column":36},"end":{"line":357,"column":null}},"line":350},"20":{"name":"(anonymous_20)","decl":{"start":{"line":354,"column":12},"end":{"line":354,"column":21}},"loc":{"start":{"line":354,"column":32},"end":{"line":356,"column":null}},"line":354},"21":{"name":"(anonymous_21)","decl":{"start":{"line":364,"column":2},"end":{"line":364,"column":9}},"loc":{"start":{"line":364,"column":49},"end":{"line":373,"column":null}},"line":364},"22":{"name":"(anonymous_22)","decl":{"start":{"line":380,"column":2},"end":{"line":380,"column":9}},"loc":{"start":{"line":380,"column":48},"end":{"line":389,"column":null}},"line":380},"23":{"name":"(anonymous_23)","decl":{"start":{"line":396,"column":2},"end":{"line":396,"column":9}},"loc":{"start":{"line":396,"column":45},"end":{"line":407,"column":null}},"line":396},"24":{"name":"(anonymous_24)","decl":{"start":{"line":399,"column":10},"end":{"line":399,"column":19}},"loc":{"start":{"line":399,"column":28},"end":{"line":405,"column":null}},"line":399},"25":{"name":"(anonymous_25)","decl":{"start":{"line":414,"column":2},"end":{"line":414,"column":9}},"loc":{"start":{"line":414,"column":44},"end":{"line":425,"column":null}},"line":414},"26":{"name":"(anonymous_26)","decl":{"start":{"line":417,"column":10},"end":{"line":417,"column":19}},"loc":{"start":{"line":417,"column":28},"end":{"line":423,"column":null}},"line":417},"27":{"name":"(anonymous_27)","decl":{"start":{"line":432,"column":2},"end":{"line":432,"column":9}},"loc":{"start":{"line":432,"column":37},"end":{"line":446,"column":null}},"line":432},"28":{"name":"(anonymous_28)","decl":{"start":{"line":453,"column":2},"end":{"line":453,"column":9}},"loc":{"start":{"line":453,"column":38},"end":{"line":454,"column":null}},"line":453},"29":{"name":"(anonymous_29)","decl":{"start":{"line":461,"column":2},"end":{"line":461,"column":9}},"loc":{"start":{"line":461,"column":37},"end":{"line":462,"column":null}},"line":461},"30":{"name":"(anonymous_30)","decl":{"start":{"line":470,"column":2},"end":{"line":470,"column":9}},"loc":{"start":{"line":470,"column":34},"end":{"line":471,"column":null}},"line":470},"31":{"name":"(anonymous_31)","decl":{"start":{"line":479,"column":2},"end":{"line":479,"column":9}},"loc":{"start":{"line":479,"column":33},"end":{"line":480,"column":null}},"line":479},"32":{"name":"(anonymous_32)","decl":{"start":{"line":487,"column":2},"end":{"line":487,"column":9}},"loc":{"start":{"line":487,"column":32},"end":{"line":488,"column":null}},"line":487},"33":{"name":"(anonymous_33)","decl":{"start":{"line":495,"column":2},"end":{"line":495,"column":9}},"loc":{"start":{"line":495,"column":29},"end":{"line":496,"column":null}},"line":495},"34":{"name":"(anonymous_34)","decl":{"start":{"line":503,"column":2},"end":{"line":503,"column":9}},"loc":{"start":{"line":503,"column":65},"end":{"line":504,"column":null}},"line":503},"35":{"name":"(anonymous_35)","decl":{"start":{"line":513,"column":2},"end":{"line":513,"column":9}},"loc":{"start":{"line":513,"column":56},"end":{"line":514,"column":null}},"line":513},"36":{"name":"(anonymous_36)","decl":{"start":{"line":524,"column":2},"end":{"line":524,"column":9}},"loc":{"start":{"line":528,"column":22},"end":{"line":530,"column":null}},"line":528},"37":{"name":"(anonymous_37)","decl":{"start":{"line":541,"column":2},"end":{"line":541,"column":9}},"loc":{"start":{"line":545,"column":13},"end":{"line":549,"column":null}},"line":545},"38":{"name":"(anonymous_38)","decl":{"start":{"line":556,"column":2},"end":{"line":556,"column":10}},"loc":{"start":{"line":556,"column":36},"end":{"line":557,"column":null}},"line":556}},"branchMap":{"0":{"loc":{"start":{"line":36,"column":4},"end":{"line":36,"column":36}},"type":"default-arg","locations":[{"start":{"line":36,"column":34},"end":{"line":36,"column":36}}],"line":36},"1":{"loc":{"start":{"line":39,"column":22},"end":{"line":39,"column":null}},"type":"binary-expr","locations":[{"start":{"line":39,"column":22},"end":{"line":39,"column":43}},{"start":{"line":39,"column":43},"end":{"line":39,"column":null}}],"line":39},"2":{"loc":{"start":{"line":41,"column":6},"end":{"line":41,"column":null}},"type":"binary-expr","locations":[{"start":{"line":41,"column":6},"end":{"line":41,"column":28}},{"start":{"line":41,"column":28},"end":{"line":41,"column":null}}],"line":41},"3":{"loc":{"start":{"line":74,"column":4},"end":{"line":74,"column":null}},"type":"default-arg","locations":[{"start":{"line":74,"column":28},"end":{"line":74,"column":null}}],"line":74},"4":{"loc":{"start":{"line":186,"column":4},"end":{"line":189,"column":null}},"type":"if","locations":[{"start":{"line":186,"column":4},"end":{"line":189,"column":null}},{"start":{"line":188,"column":11},"end":{"line":189,"column":null}}],"line":186},"5":{"loc":{"start":{"line":201,"column":4},"end":{"line":207,"column":null}},"type":"if","locations":[{"start":{"line":201,"column":4},"end":{"line":207,"column":null}},{"start":{},"end":{}}],"line":201},"6":{"loc":{"start":{"line":216,"column":14},"end":{"line":216,"column":null}},"type":"cond-expr","locations":[{"start":{"line":216,"column":35},"end":{"line":216,"column":51}},{"start":{"line":216,"column":51},"end":{"line":216,"column":null}}],"line":216},"7":{"loc":{"start":{"line":220,"column":21},"end":{"line":220,"column":null}},"type":"cond-expr","locations":[{"start":{"line":220,"column":36},"end":{"line":220,"column":58}},{"start":{"line":220,"column":58},"end":{"line":220,"column":null}}],"line":220},"8":{"loc":{"start":{"line":223,"column":4},"end":{"line":226,"column":null}},"type":"if","locations":[{"start":{"line":223,"column":4},"end":{"line":226,"column":null}},{"start":{},"end":{}}],"line":223},"9":{"loc":{"start":{"line":223,"column":8},"end":{"line":223,"column":42}},"type":"binary-expr","locations":[{"start":{"line":223,"column":8},"end":{"line":223,"column":22}},{"start":{"line":223,"column":22},"end":{"line":223,"column":42}}],"line":223},"10":{"loc":{"start":{"line":224,"column":22},"end":{"line":224,"column":null}},"type":"cond-expr","locations":[{"start":{"line":224,"column":37},"end":{"line":224,"column":58}},{"start":{"line":224,"column":58},"end":{"line":224,"column":null}}],"line":224},"11":{"loc":{"start":{"line":225,"column":27},"end":{"line":225,"column":62}},"type":"binary-expr","locations":[{"start":{"line":225,"column":27},"end":{"line":225,"column":53}},{"start":{"line":225,"column":57},"end":{"line":225,"column":62}}],"line":225},"12":{"loc":{"start":{"line":234,"column":6},"end":{"line":236,"column":null}},"type":"cond-expr","locations":[{"start":{"line":235,"column":10},"end":{"line":235,"column":59}},{"start":{"line":236,"column":10},"end":{"line":236,"column":null}}],"line":234},"13":{"loc":{"start":{"line":234,"column":6},"end":{"line":234,"column":null}},"type":"binary-expr","locations":[{"start":{"line":234,"column":6},"end":{"line":234,"column":20}},{"start":{"line":234,"column":20},"end":{"line":234,"column":null}}],"line":234},"14":{"loc":{"start":{"line":262,"column":26},"end":{"line":264,"column":null}},"type":"cond-expr","locations":[{"start":{"line":263,"column":8},"end":{"line":263,"column":null}},{"start":{"line":264,"column":8},"end":{"line":264,"column":null}}],"line":262},"15":{"loc":{"start":{"line":268,"column":4},"end":{"line":269,"column":null}},"type":"if","locations":[{"start":{"line":268,"column":4},"end":{"line":269,"column":null}},{"start":{},"end":{}}],"line":268},"16":{"loc":{"start":{"line":283,"column":21},"end":{"line":283,"column":null}},"type":"cond-expr","locations":[{"start":{"line":283,"column":36},"end":{"line":283,"column":58}},{"start":{"line":283,"column":58},"end":{"line":283,"column":null}}],"line":283},"17":{"loc":{"start":{"line":294,"column":18},"end":{"line":294,"column":null}},"type":"cond-expr","locations":[{"start":{"line":294,"column":33},"end":{"line":294,"column":51}},{"start":{"line":294,"column":51},"end":{"line":294,"column":null}}],"line":294},"18":{"loc":{"start":{"line":295,"column":4},"end":{"line":295,"column":null}},"type":"if","locations":[{"start":{"line":295,"column":4},"end":{"line":295,"column":null}},{"start":{},"end":{}}],"line":295},"19":{"loc":{"start":{"line":297,"column":20},"end":{"line":297,"column":null}},"type":"cond-expr","locations":[{"start":{"line":297,"column":35},"end":{"line":297,"column":56}},{"start":{"line":297,"column":56},"end":{"line":297,"column":null}}],"line":297},"20":{"loc":{"start":{"line":298,"column":21},"end":{"line":298,"column":null}},"type":"cond-expr","locations":[{"start":{"line":298,"column":36},"end":{"line":298,"column":58}},{"start":{"line":298,"column":58},"end":{"line":298,"column":null}}],"line":298},"21":{"loc":{"start":{"line":300,"column":17},"end":{"line":300,"column":null}},"type":"binary-expr","locations":[{"start":{"line":300,"column":17},"end":{"line":300,"column":36}},{"start":{"line":300,"column":40},"end":{"line":300,"column":null}}],"line":300},"22":{"loc":{"start":{"line":303,"column":11},"end":{"line":303,"column":null}},"type":"binary-expr","locations":[{"start":{"line":303,"column":11},"end":{"line":303,"column":33}},{"start":{"line":303,"column":33},"end":{"line":303,"column":null}}],"line":303},"23":{"loc":{"start":{"line":312,"column":18},"end":{"line":312,"column":null}},"type":"cond-expr","locations":[{"start":{"line":312,"column":34},"end":{"line":312,"column":53}},{"start":{"line":312,"column":53},"end":{"line":312,"column":null}}],"line":312},"24":{"loc":{"start":{"line":315,"column":4},"end":{"line":316,"column":null}},"type":"if","locations":[{"start":{"line":315,"column":4},"end":{"line":316,"column":null}},{"start":{},"end":{}}],"line":315},"25":{"loc":{"start":{"line":329,"column":4},"end":{"line":329,"column":null}},"type":"if","locations":[{"start":{"line":329,"column":4},"end":{"line":329,"column":null}},{"start":{},"end":{}}],"line":329},"26":{"loc":{"start":{"line":334,"column":4},"end":{"line":337,"column":null}},"type":"if","locations":[{"start":{"line":334,"column":4},"end":{"line":337,"column":null}},{"start":{},"end":{}}],"line":334},"27":{"loc":{"start":{"line":334,"column":8},"end":{"line":334,"column":65}},"type":"binary-expr","locations":[{"start":{"line":334,"column":8},"end":{"line":334,"column":38}},{"start":{"line":334,"column":38},"end":{"line":334,"column":65}}],"line":334},"28":{"loc":{"start":{"line":335,"column":20},"end":{"line":335,"column":null}},"type":"cond-expr","locations":[{"start":{"line":335,"column":49},"end":{"line":335,"column":59}},{"start":{"line":335,"column":59},"end":{"line":335,"column":null}}],"line":335},"29":{"loc":{"start":{"line":401,"column":6},"end":{"line":403,"column":null}},"type":"if","locations":[{"start":{"line":401,"column":6},"end":{"line":403,"column":null}},{"start":{},"end":{}}],"line":401},"30":{"loc":{"start":{"line":401,"column":10},"end":{"line":401,"column":49}},"type":"binary-expr","locations":[{"start":{"line":401,"column":10},"end":{"line":401,"column":22}},{"start":{"line":401,"column":22},"end":{"line":401,"column":49}}],"line":401},"31":{"loc":{"start":{"line":402,"column":28},"end":{"line":402,"column":null}},"type":"binary-expr","locations":[{"start":{"line":402,"column":28},"end":{"line":402,"column":64}},{"start":{"line":402,"column":68},"end":{"line":402,"column":null}}],"line":402},"32":{"loc":{"start":{"line":419,"column":6},"end":{"line":421,"column":null}},"type":"if","locations":[{"start":{"line":419,"column":6},"end":{"line":421,"column":null}},{"start":{},"end":{}}],"line":419},"33":{"loc":{"start":{"line":419,"column":10},"end":{"line":419,"column":49}},"type":"binary-expr","locations":[{"start":{"line":419,"column":10},"end":{"line":419,"column":22}},{"start":{"line":419,"column":22},"end":{"line":419,"column":49}}],"line":419},"34":{"loc":{"start":{"line":420,"column":28},"end":{"line":420,"column":null}},"type":"binary-expr","locations":[{"start":{"line":420,"column":28},"end":{"line":420,"column":63}},{"start":{"line":420,"column":67},"end":{"line":420,"column":null}}],"line":420},"35":{"loc":{"start":{"line":514,"column":11},"end":{"line":514,"column":null}},"type":"binary-expr","locations":[{"start":{"line":514,"column":11},"end":{"line":514,"column":21}},{"start":{"line":514,"column":21},"end":{"line":514,"column":44}},{"start":{"line":514,"column":44},"end":{"line":514,"column":54}},{"start":{"line":514,"column":54},"end":{"line":514,"column":null}}],"line":514},"36":{"loc":{"start":{"line":529,"column":21},"end":{"line":529,"column":null}},"type":"cond-expr","locations":[{"start":{"line":529,"column":36},"end":{"line":529,"column":58}},{"start":{"line":529,"column":58},"end":{"line":529,"column":null}}],"line":529},"37":{"loc":{"start":{"line":546,"column":22},"end":{"line":548,"column":null}},"type":"cond-expr","locations":[{"start":{"line":547,"column":8},"end":{"line":547,"column":null}},{"start":{"line":548,"column":8},"end":{"line":548,"column":null}}],"line":546}},"s":{"0":2,"1":966,"2":80,"3":80,"4":80,"5":80,"6":80,"7":80,"8":80,"9":80,"10":80,"11":80,"12":80,"13":80,"14":80,"15":80,"16":80,"17":80,"18":80,"19":80,"20":80,"21":80,"22":65,"23":65,"24":65,"25":65,"26":65,"27":65,"28":65,"29":65,"30":65,"31":65,"32":65,"33":65,"34":65,"35":65,"36":65,"37":65,"38":65,"39":2,"40":2,"41":2,"42":2,"43":2,"44":2,"45":2,"46":2,"47":2,"48":2,"49":2,"50":2,"51":2,"52":2,"53":2,"54":2,"55":2,"56":2,"57":13,"58":120,"59":121,"60":9,"61":9,"62":9,"63":17,"64":17,"65":17,"66":22,"67":14,"68":8,"69":90,"70":2,"71":88,"72":88,"73":90,"74":90,"75":90,"76":90,"77":74,"78":74,"79":74,"80":88,"81":88,"82":90,"83":90,"84":90,"85":90,"86":92,"87":92,"88":92,"89":92,"90":76,"91":16,"92":97,"93":97,"94":297,"95":297,"96":1,"97":296,"98":297,"99":297,"100":297,"101":297,"102":176,"103":176,"104":0,"105":176,"106":218,"107":88,"108":0,"109":88,"110":88,"111":88,"112":8,"113":8,"114":8,"115":134,"116":268,"117":268,"118":268,"119":670,"120":2,"121":2,"122":2,"123":2,"124":2,"125":2,"126":2,"127":2,"128":2,"129":2,"130":2,"131":2,"132":2,"133":3,"134":3,"135":3,"136":3,"137":2,"138":2,"139":2,"140":2,"141":2,"142":3,"143":3,"144":3,"145":3,"146":2,"147":2,"148":112,"149":3,"150":3,"151":1,"152":1,"153":4,"154":2,"155":3,"156":14,"157":3,"158":3,"159":10,"160":10,"161":191},"f":{"0":966,"1":80,"2":65,"3":2,"4":2,"5":13,"6":120,"7":121,"8":9,"9":17,"10":22,"11":90,"12":92,"13":97,"14":297,"15":176,"16":218,"17":88,"18":134,"19":268,"20":670,"21":2,"22":2,"23":2,"24":3,"25":2,"26":3,"27":112,"28":3,"29":3,"30":1,"31":1,"32":4,"33":2,"34":3,"35":14,"36":3,"37":10,"38":191},"b":{"0":[80],"1":[80,4],"2":[80,4],"3":[65],"4":[14,8],"5":[2,88],"6":[74,14],"7":[72,16],"8":[74,16],"9":[90,74],"10":[64,10],"11":[74,40],"12":[74,14],"13":[90,74],"14":[74,18],"15":[76,16],"16":[79,18],"17":[192,105],"18":[1,296],"19":[191,105],"20":[191,105],"21":[297,126],"22":[297,295],"23":[88,88],"24":[0,176],"25":[0,88],"26":[8,80],"27":[88,87],"28":[1,7],"29":[3,0],"30":[3,3],"31":[3,2],"32":[3,0],"33":[3,3],"34":[3,2],"35":[14,12,8,7],"36":[3,0],"37":[6,4]},"meta":{"lastBranch":38,"lastFunction":39,"lastStatement":162,"seen":{"s:7:6:7:Infinity":0,"f:7:6:7:16":0,"s:7:54:7:Infinity":1,"f:35:2:35:Infinity":1,"b:36:34:36:36":0,"s:39:4:39:Infinity":2,"b:39:22:39:43:39:43:39:Infinity":1,"s:40:4:41:Infinity":3,"b:41:6:41:28:41:28:41:Infinity":2,"s:42:4:42:Infinity":4,"s:43:4:43:Infinity":5,"s:44:4:44:Infinity":6,"s:45:4:45:Infinity":7,"s:46:4:46:Infinity":8,"s:47:4:47:Infinity":9,"s:49:4:49:Infinity":10,"s:50:4:50:Infinity":11,"s:51:4:51:Infinity":12,"s:52:4:52:Infinity":13,"s:53:4:53:Infinity":14,"s:54:4:54:Infinity":15,"s:55:4:55:Infinity":16,"s:56:4:56:Infinity":17,"s:59:4:59:Infinity":18,"s:60:4:60:Infinity":19,"s:61:4:61:Infinity":20,"s:62:4:62:Infinity":21,"f:71:2:71:9":2,"b:74:28:74:Infinity":3,"s:76:4:76:Infinity":22,"s:77:4:77:Infinity":23,"s:78:4:78:Infinity":24,"s:79:4:79:Infinity":25,"s:80:4:80:Infinity":26,"s:81:4:81:Infinity":27,"s:83:4:83:Infinity":28,"s:84:4:84:Infinity":29,"s:85:4:85:Infinity":30,"s:86:4:86:Infinity":31,"s:87:4:87:Infinity":32,"s:88:4:88:Infinity":33,"s:89:4:89:Infinity":34,"s:90:4:90:Infinity":35,"s:92:4:96:Infinity":36,"s:97:4:101:Infinity":37,"s:103:4:103:Infinity":38,"f:109:2:109:9":3,"s:110:4:110:Infinity":39,"s:111:4:111:Infinity":40,"s:112:4:112:Infinity":41,"s:113:4:113:Infinity":42,"s:114:4:114:Infinity":43,"s:115:4:115:Infinity":44,"s:117:4:117:Infinity":45,"s:118:4:118:Infinity":46,"s:119:4:119:Infinity":47,"s:120:4:120:Infinity":48,"s:121:4:121:Infinity":49,"s:122:4:122:Infinity":50,"s:123:4:123:Infinity":51,"s:124:4:124:Infinity":52,"s:126:4:126:Infinity":53,"f:134:2:134:9":4,"s:135:4:135:Infinity":54,"s:136:4:136:Infinity":55,"s:137:4:137:Infinity":56,"f:144:2:144:9":5,"s:145:4:145:Infinity":57,"f:152:2:152:9":6,"s:153:4:153:Infinity":58,"f:160:2:160:9":7,"s:161:4:161:Infinity":59,"f:167:2:167:9":8,"s:168:4:168:Infinity":60,"s:169:4:169:Infinity":61,"s:170:4:170:Infinity":62,"f:176:2:176:9":9,"s:177:4:177:Infinity":63,"s:178:4:178:Infinity":64,"s:179:4:179:Infinity":65,"f:185:2:185:9":10,"b:186:4:189:Infinity:188:11:189:Infinity":4,"s:186:4:189:Infinity":66,"s:187:6:187:Infinity":67,"s:189:6:189:Infinity":68,"f:200:2:200:9":11,"b:201:4:207:Infinity:undefined:undefined:undefined:undefined":5,"s:201:4:207:Infinity":69,"s:202:6:207:Infinity":70,"s:210:19:210:53":71,"s:212:23:217:Infinity":72,"b:216:35:216:51:216:51:216:Infinity":6,"s:219:16:219:28":73,"s:220:21:220:Infinity":74,"b:220:36:220:58:220:58:220:Infinity":7,"s:221:4:221:Infinity":75,"b:223:4:226:Infinity:undefined:undefined:undefined:undefined":8,"s:223:4:226:Infinity":76,"b:223:8:223:22:223:22:223:42":9,"s:224:22:224:Infinity":77,"b:224:37:224:58:224:58:224:Infinity":10,"s:225:12:225:Infinity":78,"b:225:27:225:53:225:57:225:62":11,"s:226:6:226:Infinity":79,"s:229:4:229:Infinity":80,"s:230:4:230:Infinity":81,"s:231:4:231:Infinity":82,"s:234:6:236:Infinity":83,"b:235:10:235:59:236:10:236:Infinity":12,"b:234:6:234:20:234:20:234:Infinity":13,"s:238:4:238:Infinity":84,"s:240:4:247:Infinity":85,"f:257:2:257:9":12,"s:262:26:264:Infinity":86,"b:263:8:263:Infinity:264:8:264:Infinity":14,"s:265:16:265:28":87,"s:266:19:266:41":88,"b:268:4:269:Infinity:undefined:undefined:undefined:undefined":15,"s:268:4:269:Infinity":89,"s:269:6:269:Infinity":90,"s:272:4:272:Infinity":91,"f:282:2:282:9":13,"s:283:21:283:Infinity":92,"b:283:36:283:58:283:58:283:Infinity":16,"s:284:4:284:Infinity":93,"f:293:2:293:9":14,"s:294:18:294:Infinity":94,"b:294:33:294:51:294:51:294:Infinity":17,"b:295:4:295:Infinity:undefined:undefined:undefined:undefined":18,"s:295:4:295:Infinity":95,"s:295:32:295:Infinity":96,"s:297:20:297:Infinity":97,"b:297:35:297:56:297:56:297:Infinity":19,"s:298:21:298:Infinity":98,"b:298:36:298:58:298:58:298:Infinity":20,"s:300:17:300:Infinity":99,"b:300:17:300:36:300:40:300:Infinity":21,"s:301:17:301:37":100,"s:303:4:303:Infinity":101,"b:303:11:303:33:303:33:303:Infinity":22,"f:311:2:311:10":15,"s:312:18:312:Infinity":102,"b:312:34:312:53:312:53:312:Infinity":23,"b:315:4:316:Infinity:undefined:undefined:undefined:undefined":24,"s:315:4:316:Infinity":103,"s:316:6:316:Infinity":104,"s:319:4:321:Infinity":105,"f:319:17:319:24":16,"s:320:6:320:50":106,"f:328:2:328:10":17,"b:329:4:329:Infinity:undefined:undefined:undefined:undefined":25,"s:329:4:329:Infinity":107,"s:329:25:329:Infinity":108,"s:331:39:331:70":109,"s:332:38:332:70":110,"b:334:4:337:Infinity:undefined:undefined:undefined:undefined":26,"s:334:4:337:Infinity":111,"b:334:8:334:38:334:38:334:65":27,"s:335:6:335:Infinity":112,"b:335:49:335:59:335:59:335:Infinity":28,"s:336:6:336:Infinity":113,"s:337:6:337:Infinity":114,"f:345:2:345:10":18,"s:350:4:357:Infinity":115,"f:350:10:350:19":19,"s:351:12:351:46":116,"s:352:6:352:Infinity":117,"s:354:6:356:Infinity":118,"f:354:12:354:21":20,"s:355:8:355:Infinity":119,"f:364:2:364:9":21,"s:365:4:365:Infinity":120,"s:366:4:366:Infinity":121,"s:367:4:367:Infinity":122,"s:368:4:372:Infinity":123,"s:373:4:373:Infinity":124,"f:380:2:380:9":22,"s:381:4:381:Infinity":125,"s:382:4:382:Infinity":126,"s:383:4:383:Infinity":127,"s:384:4:388:Infinity":128,"s:389:4:389:Infinity":129,"f:396:2:396:9":23,"s:397:4:397:Infinity":130,"s:398:4:398:Infinity":131,"s:399:4:405:Infinity":132,"f:399:10:399:19":24,"s:400:6:400:Infinity":133,"b:401:6:403:Infinity:undefined:undefined:undefined:undefined":29,"s:401:6:403:Infinity":134,"b:401:10:401:22:401:22:401:49":30,"s:402:28:402:Infinity":135,"b:402:28:402:64:402:68:402:Infinity":31,"s:403:8:403:Infinity":136,"s:406:4:406:Infinity":137,"s:407:4:407:Infinity":138,"f:414:2:414:9":25,"s:415:4:415:Infinity":139,"s:416:4:416:Infinity":140,"s:417:4:423:Infinity":141,"f:417:10:417:19":26,"s:418:6:418:Infinity":142,"b:419:6:421:Infinity:undefined:undefined:undefined:undefined":32,"s:419:6:421:Infinity":143,"b:419:10:419:22:419:22:419:49":33,"s:420:28:420:Infinity":144,"b:420:28:420:63:420:67:420:Infinity":34,"s:421:8:421:Infinity":145,"s:424:4:424:Infinity":146,"s:425:4:425:Infinity":147,"f:432:2:432:9":27,"s:433:4:446:Infinity":148,"f:453:2:453:9":28,"s:454:4:454:Infinity":149,"f:461:2:461:9":29,"s:462:4:462:Infinity":150,"f:470:2:470:9":30,"s:471:4:471:Infinity":151,"f:479:2:479:9":31,"s:480:4:480:Infinity":152,"f:487:2:487:9":32,"s:488:4:488:Infinity":153,"f:495:2:495:9":33,"s:496:4:496:Infinity":154,"f:503:2:503:9":34,"s:504:4:504:Infinity":155,"f:513:2:513:9":35,"s:514:4:514:Infinity":156,"b:514:11:514:21:514:21:514:44:514:44:514:54:514:54:514:Infinity":35,"f:524:2:524:9":36,"s:529:21:529:Infinity":157,"b:529:36:529:58:529:58:529:Infinity":36,"s:530:4:530:Infinity":158,"f:541:2:541:9":37,"s:546:22:548:Infinity":159,"b:547:8:547:Infinity:548:8:548:Infinity":37,"s:549:4:549:Infinity":160,"f:556:2:556:10":38,"s:557:4:557:Infinity":161}}}
,"/Users/alex/Desktop/RebelCoderz/armada/engine/src/core/engine/match.ts": {"path":"/Users/alex/Desktop/RebelCoderz/armada/engine/src/core/engine/match.ts","statementMap":{"0":{"start":{"line":20,"column":4},"end":{"line":22,"column":null}},"1":{"start":{"line":21,"column":26},"end":{"line":21,"column":47}},"2":{"start":{"line":22,"column":6},"end":{"line":22,"column":null}},"3":{"start":{"line":25,"column":4},"end":{"line":25,"column":null}},"4":{"start":{"line":28,"column":4},"end":{"line":41,"column":null}},"5":{"start":{"line":30,"column":8},"end":{"line":30,"column":null}},"6":{"start":{"line":33,"column":8},"end":{"line":33,"column":null}},"7":{"start":{"line":36,"column":8},"end":{"line":36,"column":null}},"8":{"start":{"line":39,"column":8},"end":{"line":39,"column":null}},"9":{"start":{"line":55,"column":4},"end":{"line":55,"column":null}},"10":{"start":{"line":56,"column":4},"end":{"line":56,"column":null}},"11":{"start":{"line":79,"column":23},"end":{"line":79,"column":66}},"12":{"start":{"line":81,"column":4},"end":{"line":87,"column":null}},"13":{"start":{"line":82,"column":6},"end":{"line":87,"column":null}},"14":{"start":{"line":91,"column":20},"end":{"line":91,"column":null}},"15":{"start":{"line":92,"column":24},"end":{"line":92,"column":null}},"16":{"start":{"line":93,"column":17},"end":{"line":93,"column":null}},"17":{"start":{"line":95,"column":4},"end":{"line":118,"column":null}},"18":{"start":{"line":97,"column":6},"end":{"line":97,"column":null}},"19":{"start":{"line":98,"column":6},"end":{"line":98,"column":null}},"20":{"start":{"line":99,"column":6},"end":{"line":99,"column":null}},"21":{"start":{"line":100,"column":15},"end":{"line":118,"column":null}},"22":{"start":{"line":101,"column":6},"end":{"line":111,"column":null}},"23":{"start":{"line":103,"column":8},"end":{"line":103,"column":null}},"24":{"start":{"line":104,"column":8},"end":{"line":104,"column":null}},"25":{"start":{"line":105,"column":8},"end":{"line":105,"column":null}},"26":{"start":{"line":106,"column":8},"end":{"line":106,"column":null}},"27":{"start":{"line":109,"column":8},"end":{"line":109,"column":null}},"28":{"start":{"line":110,"column":8},"end":{"line":110,"column":null}},"29":{"start":{"line":111,"column":8},"end":{"line":111,"column":null}},"30":{"start":{"line":115,"column":6},"end":{"line":115,"column":null}},"31":{"start":{"line":116,"column":6},"end":{"line":116,"column":null}},"32":{"start":{"line":117,"column":6},"end":{"line":117,"column":null}},"33":{"start":{"line":118,"column":6},"end":{"line":118,"column":null}},"34":{"start":{"line":121,"column":4},"end":{"line":126,"column":null}},"35":{"start":{"line":133,"column":4},"end":{"line":133,"column":null}},"36":{"start":{"line":140,"column":4},"end":{"line":140,"column":null}},"37":{"start":{"line":147,"column":4},"end":{"line":147,"column":null}},"38":{"start":{"line":154,"column":4},"end":{"line":154,"column":null}},"39":{"start":{"line":161,"column":4},"end":{"line":161,"column":null}},"40":{"start":{"line":168,"column":4},"end":{"line":168,"column":null}},"41":{"start":{"line":175,"column":4},"end":{"line":175,"column":null}},"42":{"start":{"line":182,"column":4},"end":{"line":182,"column":null}},"43":{"start":{"line":189,"column":4},"end":{"line":189,"column":null}},"44":{"start":{"line":196,"column":4},"end":{"line":196,"column":null}},"45":{"start":{"line":203,"column":4},"end":{"line":203,"column":null}},"46":{"start":{"line":218,"column":4},"end":{"line":218,"column":null}},"47":{"start":{"line":233,"column":4},"end":{"line":233,"column":null}}},"fnMap":{"0":{"name":"(anonymous_0)","decl":{"start":{"line":19,"column":2},"end":{"line":19,"column":14}},"loc":{"start":{"line":19,"column":72},"end":{"line":41,"column":null}},"line":19},"1":{"name":"(anonymous_1)","decl":{"start":{"line":29,"column":6},"end":{"line":29,"column":22}},"loc":{"start":{"line":29,"column":32},"end":{"line":30,"column":null}},"line":29},"2":{"name":"(anonymous_2)","decl":{"start":{"line":32,"column":6},"end":{"line":32,"column":21}},"loc":{"start":{"line":32,"column":30},"end":{"line":33,"column":null}},"line":32},"3":{"name":"(anonymous_3)","decl":{"start":{"line":35,"column":6},"end":{"line":35,"column":15}},"loc":{"start":{"line":35,"column":38},"end":{"line":36,"column":null}},"line":35},"4":{"name":"(anonymous_4)","decl":{"start":{"line":38,"column":6},"end":{"line":38,"column":19}},"loc":{"start":{"line":38,"column":30},"end":{"line":39,"column":null}},"line":38},"5":{"name":"(anonymous_5)","decl":{"start":{"line":50,"column":2},"end":{"line":50,"column":9}},"loc":{"start":{"line":54,"column":10},"end":{"line":56,"column":null}},"line":54},"6":{"name":"(anonymous_6)","decl":{"start":{"line":73,"column":2},"end":{"line":73,"column":9}},"loc":{"start":{"line":77,"column":21},"end":{"line":126,"column":null}},"line":77},"7":{"name":"(anonymous_7)","decl":{"start":{"line":132,"column":2},"end":{"line":132,"column":9}},"loc":{"start":{"line":132,"column":33},"end":{"line":133,"column":null}},"line":132},"8":{"name":"(anonymous_8)","decl":{"start":{"line":139,"column":2},"end":{"line":139,"column":9}},"loc":{"start":{"line":139,"column":32},"end":{"line":140,"column":null}},"line":139},"9":{"name":"(anonymous_9)","decl":{"start":{"line":146,"column":2},"end":{"line":146,"column":9}},"loc":{"start":{"line":146,"column":36},"end":{"line":147,"column":null}},"line":146},"10":{"name":"(anonymous_10)","decl":{"start":{"line":153,"column":2},"end":{"line":153,"column":9}},"loc":{"start":{"line":153,"column":37},"end":{"line":154,"column":null}},"line":153},"11":{"name":"(anonymous_11)","decl":{"start":{"line":160,"column":2},"end":{"line":160,"column":9}},"loc":{"start":{"line":160,"column":33},"end":{"line":161,"column":null}},"line":160},"12":{"name":"(anonymous_12)","decl":{"start":{"line":167,"column":2},"end":{"line":167,"column":9}},"loc":{"start":{"line":167,"column":74},"end":{"line":168,"column":null}},"line":167},"13":{"name":"(anonymous_13)","decl":{"start":{"line":174,"column":2},"end":{"line":174,"column":9}},"loc":{"start":{"line":174,"column":56},"end":{"line":175,"column":null}},"line":174},"14":{"name":"(anonymous_14)","decl":{"start":{"line":181,"column":2},"end":{"line":181,"column":9}},"loc":{"start":{"line":181,"column":29},"end":{"line":182,"column":null}},"line":181},"15":{"name":"(anonymous_15)","decl":{"start":{"line":188,"column":2},"end":{"line":188,"column":9}},"loc":{"start":{"line":188,"column":32},"end":{"line":189,"column":null}},"line":188},"16":{"name":"(anonymous_16)","decl":{"start":{"line":195,"column":2},"end":{"line":195,"column":9}},"loc":{"start":{"line":195,"column":28},"end":{"line":196,"column":null}},"line":195},"17":{"name":"(anonymous_17)","decl":{"start":{"line":202,"column":2},"end":{"line":202,"column":9}},"loc":{"start":{"line":202,"column":65},"end":{"line":203,"column":null}},"line":202},"18":{"name":"(anonymous_18)","decl":{"start":{"line":213,"column":2},"end":{"line":213,"column":9}},"loc":{"start":{"line":217,"column":22},"end":{"line":218,"column":null}},"line":217},"19":{"name":"(anonymous_19)","decl":{"start":{"line":228,"column":2},"end":{"line":228,"column":9}},"loc":{"start":{"line":232,"column":13},"end":{"line":233,"column":null}},"line":232}},"branchMap":{"0":{"loc":{"start":{"line":20,"column":4},"end":{"line":22,"column":null}},"type":"if","locations":[{"start":{"line":20,"column":4},"end":{"line":22,"column":null}},{"start":{},"end":{}}],"line":20},"1":{"loc":{"start":{"line":53,"column":4},"end":{"line":53,"column":null}},"type":"default-arg","locations":[{"start":{"line":53,"column":28},"end":{"line":53,"column":null}}],"line":53},"2":{"loc":{"start":{"line":81,"column":4},"end":{"line":87,"column":null}},"type":"if","locations":[{"start":{"line":81,"column":4},"end":{"line":87,"column":null}},{"start":{},"end":{}}],"line":81},"3":{"loc":{"start":{"line":86,"column":16},"end":{"line":86,"column":null}},"type":"binary-expr","locations":[{"start":{"line":86,"column":16},"end":{"line":86,"column":36}},{"start":{"line":86,"column":36},"end":{"line":86,"column":null}}],"line":86},"4":{"loc":{"start":{"line":95,"column":4},"end":{"line":118,"column":null}},"type":"if","locations":[{"start":{"line":95,"column":4},"end":{"line":118,"column":null}},{"start":{"line":100,"column":15},"end":{"line":118,"column":null}}],"line":95},"5":{"loc":{"start":{"line":100,"column":15},"end":{"line":118,"column":null}},"type":"if","locations":[{"start":{"line":100,"column":15},"end":{"line":118,"column":null}},{"start":{"line":113,"column":11},"end":{"line":118,"column":null}}],"line":100},"6":{"loc":{"start":{"line":101,"column":6},"end":{"line":111,"column":null}},"type":"if","locations":[{"start":{"line":101,"column":6},"end":{"line":111,"column":null}},{"start":{"line":107,"column":13},"end":{"line":111,"column":null}}],"line":101}},"s":{"0":33,"1":0,"2":0,"3":33,"4":33,"5":100,"6":20,"7":52,"8":4,"9":27,"10":27,"11":53,"12":53,"13":1,"14":52,"15":52,"16":52,"17":52,"18":4,"19":4,"20":4,"21":48,"22":38,"23":10,"24":10,"25":10,"26":10,"27":28,"28":28,"29":28,"30":10,"31":10,"32":10,"33":10,"34":52,"35":5,"36":6,"37":7,"38":3,"39":1,"40":2,"41":4,"42":1,"43":1,"44":1,"45":1,"46":1,"47":3},"f":{"0":33,"1":100,"2":20,"3":52,"4":4,"5":27,"6":53,"7":5,"8":6,"9":7,"10":3,"11":1,"12":2,"13":4,"14":1,"15":1,"16":1,"17":1,"18":1,"19":3},"b":{"0":[0,33],"1":[27],"2":[1,52],"3":[1,0],"4":[4,48],"5":[38,10],"6":[10,28]},"meta":{"lastBranch":7,"lastFunction":20,"lastStatement":48,"seen":{"f:19:2:19:14":0,"b:20:4:22:Infinity:undefined:undefined:undefined:undefined":0,"s:20:4:22:Infinity":0,"s:21:26:21:47":1,"s:22:6:22:Infinity":2,"s:25:4:25:Infinity":3,"s:28:4:41:Infinity":4,"f:29:6:29:22":1,"s:30:8:30:Infinity":5,"f:32:6:32:21":2,"s:33:8:33:Infinity":6,"f:35:6:35:15":3,"s:36:8:36:Infinity":7,"f:38:6:38:19":4,"s:39:8:39:Infinity":8,"f:50:2:50:9":5,"b:53:28:53:Infinity":1,"s:55:4:55:Infinity":9,"s:56:4:56:Infinity":10,"f:73:2:73:9":6,"s:79:23:79:66":11,"b:81:4:87:Infinity:undefined:undefined:undefined:undefined":2,"s:81:4:87:Infinity":12,"s:82:6:87:Infinity":13,"b:86:16:86:36:86:36:86:Infinity":3,"s:91:20:91:Infinity":14,"s:92:24:92:Infinity":15,"s:93:17:93:Infinity":16,"b:95:4:118:Infinity:100:15:118:Infinity":4,"s:95:4:118:Infinity":17,"s:97:6:97:Infinity":18,"s:98:6:98:Infinity":19,"s:99:6:99:Infinity":20,"b:100:15:118:Infinity:113:11:118:Infinity":5,"s:100:15:118:Infinity":21,"b:101:6:111:Infinity:107:13:111:Infinity":6,"s:101:6:111:Infinity":22,"s:103:8:103:Infinity":23,"s:104:8:104:Infinity":24,"s:105:8:105:Infinity":25,"s:106:8:106:Infinity":26,"s:109:8:109:Infinity":27,"s:110:8:110:Infinity":28,"s:111:8:111:Infinity":29,"s:115:6:115:Infinity":30,"s:116:6:116:Infinity":31,"s:117:6:117:Infinity":32,"s:118:6:118:Infinity":33,"s:121:4:126:Infinity":34,"f:132:2:132:9":7,"s:133:4:133:Infinity":35,"f:139:2:139:9":8,"s:140:4:140:Infinity":36,"f:146:2:146:9":9,"s:147:4:147:Infinity":37,"f:153:2:153:9":10,"s:154:4:154:Infinity":38,"f:160:2:160:9":11,"s:161:4:161:Infinity":39,"f:167:2:167:9":12,"s:168:4:168:Infinity":40,"f:174:2:174:9":13,"s:175:4:175:Infinity":41,"f:181:2:181:9":14,"s:182:4:182:Infinity":42,"f:188:2:188:9":15,"s:189:4:189:Infinity":43,"f:195:2:195:9":16,"s:196:4:196:Infinity":44,"f:202:2:202:9":17,"s:203:4:203:Infinity":45,"f:213:2:213:9":18,"s:218:4:218:Infinity":46,"f:228:2:228:9":19,"s:233:4:233:Infinity":47}}}
,"/Users/alex/Desktop/RebelCoderz/armada/engine/src/core/manager/index.ts": {"path":"/Users/alex/Desktop/RebelCoderz/armada/engine/src/core/manager/index.ts","statementMap":{},"fnMap":{},"branchMap":{},"s":{},"f":{},"b":{},"meta":{"lastBranch":0,"lastFunction":0,"lastStatement":0,"seen":{}}}
,"/Users/alex/Desktop/RebelCoderz/armada/engine/src/core/manager/initializer.ts": {"path":"/Users/alex/Desktop/RebelCoderz/armada/engine/src/core/manager/initializer.ts","statementMap":{"0":{"start":{"line":47,"column":4},"end":{"line":47,"column":null}},"1":{"start":{"line":48,"column":4},"end":{"line":48,"column":null}},"2":{"start":{"line":57,"column":52},"end":{"line":57,"column":null}},"3":{"start":{"line":59,"column":4},"end":{"line":65,"column":null}},"4":{"start":{"line":63,"column":6},"end":{"line":65,"column":null}},"5":{"start":{"line":68,"column":4},"end":{"line":74,"column":null}},"6":{"start":{"line":72,"column":6},"end":{"line":74,"column":null}},"7":{"start":{"line":77,"column":23},"end":{"line":79,"column":null}},"8":{"start":{"line":78,"column":22},"end":{"line":78,"column":null}},"9":{"start":{"line":81,"column":29},"end":{"line":81,"column":71}},"10":{"start":{"line":83,"column":4},"end":{"line":86,"column":null}},"11":{"start":{"line":84,"column":6},"end":{"line":86,"column":null}},"12":{"start":{"line":95,"column":4},"end":{"line":100,"column":null}},"13":{"start":{"line":109,"column":4},"end":{"line":119,"column":null}},"14":{"start":{"line":111,"column":8},"end":{"line":111,"column":null}},"15":{"start":{"line":113,"column":8},"end":{"line":113,"column":null}},"16":{"start":{"line":116,"column":8},"end":{"line":119,"column":null}},"17":{"start":{"line":150,"column":24},"end":{"line":150,"column":72}},"18":{"start":{"line":151,"column":23},"end":{"line":151,"column":70}},"19":{"start":{"line":154,"column":6},"end":{"line":158,"column":null}},"20":{"start":{"line":161,"column":4},"end":{"line":164,"column":null}},"21":{"start":{"line":162,"column":6},"end":{"line":162,"column":null}},"22":{"start":{"line":164,"column":6},"end":{"line":164,"column":null}},"23":{"start":{"line":167,"column":4},"end":{"line":172,"column":null}}},"fnMap":{"0":{"name":"(anonymous_0)","decl":{"start":{"line":46,"column":2},"end":{"line":46,"column":14}},"loc":{"start":{"line":46,"column":48},"end":{"line":48,"column":null}},"line":46},"1":{"name":"(anonymous_1)","decl":{"start":{"line":56,"column":2},"end":{"line":56,"column":10}},"loc":{"start":{"line":56,"column":33},"end":{"line":86,"column":null}},"line":56},"2":{"name":"(anonymous_2)","decl":{"start":{"line":77,"column":49},"end":{"line":77,"column":null}},"loc":{"start":{"line":78,"column":22},"end":{"line":78,"column":null}},"line":78},"3":{"name":"(anonymous_3)","decl":{"start":{"line":94,"column":2},"end":{"line":94,"column":9}},"loc":{"start":{"line":94,"column":40},"end":{"line":100,"column":null}},"line":94},"4":{"name":"(anonymous_4)","decl":{"start":{"line":108,"column":2},"end":{"line":108,"column":10}},"loc":{"start":{"line":108,"column":43},"end":{"line":119,"column":null}},"line":108},"5":{"name":"(anonymous_5)","decl":{"start":{"line":146,"column":2},"end":{"line":146,"column":9}},"loc":{"start":{"line":149,"column":15},"end":{"line":172,"column":null}},"line":149}},"branchMap":{"0":{"loc":{"start":{"line":46,"column":14},"end":{"line":46,"column":46}},"type":"default-arg","locations":[{"start":{"line":46,"column":44},"end":{"line":46,"column":46}}],"line":46},"1":{"loc":{"start":{"line":59,"column":4},"end":{"line":65,"column":null}},"type":"if","locations":[{"start":{"line":59,"column":4},"end":{"line":65,"column":null}},{"start":{},"end":{}}],"line":59},"2":{"loc":{"start":{"line":60,"column":6},"end":{"line":61,"column":null}},"type":"binary-expr","locations":[{"start":{"line":60,"column":6},"end":{"line":60,"column":null}},{"start":{"line":61,"column":6},"end":{"line":61,"column":null}}],"line":60},"3":{"loc":{"start":{"line":68,"column":4},"end":{"line":74,"column":null}},"type":"if","locations":[{"start":{"line":68,"column":4},"end":{"line":74,"column":null}},{"start":{},"end":{}}],"line":68},"4":{"loc":{"start":{"line":69,"column":6},"end":{"line":70,"column":null}},"type":"binary-expr","locations":[{"start":{"line":69,"column":6},"end":{"line":69,"column":null}},{"start":{"line":70,"column":6},"end":{"line":70,"column":null}}],"line":69},"5":{"loc":{"start":{"line":83,"column":4},"end":{"line":86,"column":null}},"type":"if","locations":[{"start":{"line":83,"column":4},"end":{"line":86,"column":null}},{"start":{},"end":{}}],"line":83},"6":{"loc":{"start":{"line":109,"column":4},"end":{"line":119,"column":null}},"type":"switch","locations":[{"start":{"line":110,"column":6},"end":{"line":111,"column":null}},{"start":{"line":112,"column":6},"end":{"line":113,"column":null}},{"start":{"line":114,"column":6},"end":{"line":114,"column":null}},{"start":{"line":115,"column":6},"end":{"line":119,"column":null}}],"line":109},"7":{"loc":{"start":{"line":116,"column":15},"end":{"line":119,"column":null}},"type":"cond-expr","locations":[{"start":{"line":118,"column":12},"end":{"line":118,"column":null}},{"start":{"line":119,"column":12},"end":{"line":119,"column":null}}],"line":116},"8":{"loc":{"start":{"line":150,"column":24},"end":{"line":150,"column":72}},"type":"binary-expr","locations":[{"start":{"line":150,"column":24},"end":{"line":150,"column":46}},{"start":{"line":150,"column":31},"end":{"line":150,"column":72}}],"line":150},"9":{"loc":{"start":{"line":151,"column":23},"end":{"line":151,"column":70}},"type":"binary-expr","locations":[{"start":{"line":151,"column":23},"end":{"line":151,"column":44}},{"start":{"line":151,"column":30},"end":{"line":151,"column":70}}],"line":151},"10":{"loc":{"start":{"line":154,"column":6},"end":{"line":158,"column":null}},"type":"cond-expr","locations":[{"start":{"line":155,"column":10},"end":{"line":155,"column":null}},{"start":{"line":156,"column":10},"end":{"line":158,"column":null}}],"line":154},"11":{"loc":{"start":{"line":156,"column":10},"end":{"line":158,"column":null}},"type":"cond-expr","locations":[{"start":{"line":157,"column":12},"end":{"line":157,"column":null}},{"start":{"line":158,"column":12},"end":{"line":158,"column":null}}],"line":156},"12":{"loc":{"start":{"line":161,"column":4},"end":{"line":164,"column":null}},"type":"if","locations":[{"start":{"line":161,"column":4},"end":{"line":164,"column":null}},{"start":{"line":163,"column":11},"end":{"line":164,"column":null}}],"line":161}},"s":{"0":35,"1":35,"2":35,"3":35,"4":2,"5":33,"6":2,"7":31,"8":124,"9":31,"10":31,"11":1,"12":39,"13":19,"14":1,"15":1,"16":17,"17":23,"18":23,"19":23,"20":23,"21":19,"22":4,"23":23},"f":{"0":35,"1":35,"2":124,"3":39,"4":19,"5":23},"b":{"0":[35],"1":[2,33],"2":[35,34],"3":[2,31],"4":[33,32],"5":[1,30],"6":[1,1,17,17],"7":[7,10],"8":[23,22],"9":[23,22],"10":[3,20],"11":[1,19],"12":[19,4]},"meta":{"lastBranch":13,"lastFunction":6,"lastStatement":24,"seen":{"f:46:2:46:14":0,"b:46:44:46:46":0,"s:47:4:47:Infinity":0,"s:48:4:48:Infinity":1,"f:56:2:56:10":1,"s:57:52:57:Infinity":2,"b:59:4:65:Infinity:undefined:undefined:undefined:undefined":1,"s:59:4:65:Infinity":3,"b:60:6:60:Infinity:61:6:61:Infinity":2,"s:63:6:65:Infinity":4,"b:68:4:74:Infinity:undefined:undefined:undefined:undefined":3,"s:68:4:74:Infinity":5,"b:69:6:69:Infinity:70:6:70:Infinity":4,"s:72:6:74:Infinity":6,"s:77:23:79:Infinity":7,"f:77:49:77:Infinity":2,"s:78:22:78:Infinity":8,"s:81:29:81:71":9,"b:83:4:86:Infinity:undefined:undefined:undefined:undefined":5,"s:83:4:86:Infinity":10,"s:84:6:86:Infinity":11,"f:94:2:94:9":3,"s:95:4:100:Infinity":12,"f:108:2:108:10":4,"b:110:6:111:Infinity:112:6:113:Infinity:114:6:114:Infinity:115:6:119:Infinity":6,"s:109:4:119:Infinity":13,"s:111:8:111:Infinity":14,"s:113:8:113:Infinity":15,"s:116:8:119:Infinity":16,"b:118:12:118:Infinity:119:12:119:Infinity":7,"f:146:2:146:9":5,"s:150:24:150:72":17,"b:150:24:150:46:150:31:150:72":8,"s:151:23:151:70":18,"b:151:23:151:44:151:30:151:70":9,"s:154:6:158:Infinity":19,"b:155:10:155:Infinity:156:10:158:Infinity":10,"b:157:12:157:Infinity:158:12:158:Infinity":11,"b:161:4:164:Infinity:163:11:164:Infinity":12,"s:161:4:164:Infinity":20,"s:162:6:162:Infinity":21,"s:164:6:164:Infinity":22,"s:167:4:172:Infinity":23}}}
,"/Users/alex/Desktop/RebelCoderz/armada/engine/src/core/tools/ship/calculations.ts": {"path":"/Users/alex/Desktop/RebelCoderz/armada/engine/src/core/tools/ship/calculations.ts","statementMap":{"0":{"start":{"line":11,"column":36},"end":{"line":11,"column":38}},"1":{"start":{"line":13,"column":2},"end":{"line":19,"column":null}},"2":{"start":{"line":14,"column":4},"end":{"line":15,"column":null}},"3":{"start":{"line":14,"column":17},"end":{"line":14,"column":20}},"4":{"start":{"line":15,"column":6},"end":{"line":15,"column":null}},"5":{"start":{"line":18,"column":4},"end":{"line":19,"column":null}},"6":{"start":{"line":18,"column":17},"end":{"line":18,"column":20}},"7":{"start":{"line":19,"column":6},"end":{"line":19,"column":null}},"8":{"start":{"line":23,"column":2},"end":{"line":23,"column":null}},"9":{"start":{"line":27,"column":15},"end":{"line":27,"column":null}},"10":{"start":{"line":28,"column":17},"end":{"line":28,"column":null}},"11":{"start":{"line":30,"column":2},"end":{"line":30,"column":null}},"12":{"start":{"line":34,"column":2},"end":{"line":34,"column":null}},"13":{"start":{"line":43,"column":20},"end":{"line":43,"column":46}},"14":{"start":{"line":45,"column":2},"end":{"line":47,"column":null}},"15":{"start":{"line":46,"column":4},"end":{"line":47,"column":null}},"16":{"start":{"line":47,"column":6},"end":{"line":47,"column":null}},"17":{"start":{"line":51,"column":2},"end":{"line":61,"column":null}},"18":{"start":{"line":52,"column":26},"end":{"line":52,"column":60}},"19":{"start":{"line":54,"column":4},"end":{"line":61,"column":null}},"20":{"start":{"line":55,"column":6},"end":{"line":61,"column":null}},"21":{"start":{"line":56,"column":25},"end":{"line":58,"column":null}},"22":{"start":{"line":60,"column":8},"end":{"line":61,"column":null}},"23":{"start":{"line":61,"column":10},"end":{"line":61,"column":null}},"24":{"start":{"line":67,"column":2},"end":{"line":67,"column":null}},"25":{"start":{"line":76,"column":22},"end":{"line":76,"column":null}},"26":{"start":{"line":77,"column":19},"end":{"line":77,"column":39}},"27":{"start":{"line":79,"column":30},"end":{"line":79,"column":61}},"28":{"start":{"line":81,"column":2},"end":{"line":114,"column":null}},"29":{"start":{"line":81,"column":21},"end":{"line":81,"column":24}},"30":{"start":{"line":83,"column":6},"end":{"line":86,"column":null}},"31":{"start":{"line":89,"column":4},"end":{"line":103,"column":null}},"32":{"start":{"line":90,"column":6},"end":{"line":96,"column":null}},"33":{"start":{"line":98,"column":6},"end":{"line":103,"column":null}},"34":{"start":{"line":106,"column":27},"end":{"line":111,"column":null}},"35":{"start":{"line":113,"column":4},"end":{"line":114,"column":null}},"36":{"start":{"line":114,"column":6},"end":{"line":114,"column":null}},"37":{"start":{"line":118,"column":2},"end":{"line":118,"column":null}},"38":{"start":{"line":122,"column":22},"end":{"line":136,"column":null}},"39":{"start":{"line":137,"column":2},"end":{"line":137,"column":null}},"40":{"start":{"line":148,"column":4},"end":{"line":148,"column":null}},"41":{"start":{"line":150,"column":4},"end":{"line":150,"column":null}},"42":{"start":{"line":152,"column":23},"end":{"line":154,"column":null}},"43":{"start":{"line":156,"column":15},"end":{"line":156,"column":56}},"44":{"start":{"line":157,"column":15},"end":{"line":157,"column":66}},"45":{"start":{"line":158,"column":15},"end":{"line":158,"column":50}},"46":{"start":{"line":159,"column":15},"end":{"line":159,"column":50}},"47":{"start":{"line":163,"column":2},"end":{"line":174,"column":null}},"48":{"start":{"line":164,"column":4},"end":{"line":167,"column":null}},"49":{"start":{"line":168,"column":4},"end":{"line":168,"column":null}},"50":{"start":{"line":170,"column":4},"end":{"line":170,"column":null}},"51":{"start":{"line":171,"column":4},"end":{"line":174,"column":null}},"52":{"start":{"line":177,"column":2},"end":{"line":177,"column":null}},"53":{"start":{"line":188,"column":2},"end":{"line":193,"column":null}},"54":{"start":{"line":189,"column":4},"end":{"line":189,"column":null}},"55":{"start":{"line":190,"column":4},"end":{"line":190,"column":null}},"56":{"start":{"line":192,"column":4},"end":{"line":192,"column":null}},"57":{"start":{"line":193,"column":4},"end":{"line":193,"column":null}},"58":{"start":{"line":196,"column":2},"end":{"line":196,"column":null}},"59":{"start":{"line":200,"column":28},"end":{"line":200,"column":30}},"60":{"start":{"line":201,"column":38},"end":{"line":201,"column":null}},"61":{"start":{"line":203,"column":2},"end":{"line":220,"column":null}},"62":{"start":{"line":204,"column":18},"end":{"line":204,"column":null}},"63":{"start":{"line":206,"column":4},"end":{"line":220,"column":null}},"64":{"start":{"line":206,"column":17},"end":{"line":206,"column":20}},"65":{"start":{"line":207,"column":19},"end":{"line":211,"column":null}},"66":{"start":{"line":213,"column":6},"end":{"line":220,"column":null}},"67":{"start":{"line":214,"column":8},"end":{"line":214,"column":null}},"68":{"start":{"line":216,"column":8},"end":{"line":220,"column":null}},"69":{"start":{"line":225,"column":2},"end":{"line":225,"column":null}}},"fnMap":{"0":{"name":"getShipCells","decl":{"start":{"line":5,"column":16},"end":{"line":5,"column":null}},"loc":{"start":{"line":10,"column":22},"end":{"line":23,"column":null}},"line":10},"1":{"name":"getShipCellsFromShip","decl":{"start":{"line":26,"column":16},"end":{"line":26,"column":37}},"loc":{"start":{"line":26,"column":73},"end":{"line":30,"column":null}},"line":26},"2":{"name":"getShipSize","decl":{"start":{"line":33,"column":16},"end":{"line":33,"column":28}},"loc":{"start":{"line":33,"column":58},"end":{"line":34,"column":null}},"line":33},"3":{"name":"isValidShipPlacement","decl":{"start":{"line":37,"column":16},"end":{"line":37,"column":null}},"loc":{"start":{"line":42,"column":11},"end":{"line":67,"column":null}},"line":42},"4":{"name":"generateShip","decl":{"start":{"line":70,"column":16},"end":{"line":70,"column":null}},"loc":{"start":{"line":75,"column":19},"end":{"line":118,"column":null}},"line":75},"5":{"name":"getQuadrantPreferences","decl":{"start":{"line":121,"column":16},"end":{"line":121,"column":39}},"loc":{"start":{"line":121,"column":73},"end":{"line":137,"column":null}},"line":121},"6":{"name":"generatePositionInPreferredQuadrant","decl":{"start":{"line":140,"column":16},"end":{"line":140,"column":null}},"loc":{"start":{"line":146,"column":20},"end":{"line":177,"column":null}},"line":146},"7":{"name":"generateRandomPosition","decl":{"start":{"line":180,"column":16},"end":{"line":180,"column":null}},"loc":{"start":{"line":185,"column":20},"end":{"line":196,"column":null}},"line":185},"8":{"name":"generateShips","decl":{"start":{"line":199,"column":16},"end":{"line":199,"column":30}},"loc":{"start":{"line":199,"column":71},"end":{"line":225,"column":null}},"line":199}},"branchMap":{"0":{"loc":{"start":{"line":13,"column":2},"end":{"line":19,"column":null}},"type":"if","locations":[{"start":{"line":13,"column":2},"end":{"line":19,"column":null}},{"start":{"line":17,"column":9},"end":{"line":19,"column":null}}],"line":13},"1":{"loc":{"start":{"line":46,"column":4},"end":{"line":47,"column":null}},"type":"if","locations":[{"start":{"line":46,"column":4},"end":{"line":47,"column":null}},{"start":{},"end":{}}],"line":46},"2":{"loc":{"start":{"line":46,"column":8},"end":{"line":46,"column":63}},"type":"binary-expr","locations":[{"start":{"line":46,"column":8},"end":{"line":46,"column":17}},{"start":{"line":46,"column":17},"end":{"line":46,"column":36}},{"start":{"line":46,"column":36},"end":{"line":46,"column":45}},{"start":{"line":46,"column":45},"end":{"line":46,"column":63}}],"line":46},"3":{"loc":{"start":{"line":60,"column":8},"end":{"line":61,"column":null}},"type":"if","locations":[{"start":{"line":60,"column":8},"end":{"line":61,"column":null}},{"start":{},"end":{}}],"line":60},"4":{"loc":{"start":{"line":83,"column":6},"end":{"line":86,"column":null}},"type":"cond-expr","locations":[{"start":{"line":85,"column":10},"end":{"line":85,"column":null}},{"start":{"line":86,"column":10},"end":{"line":86,"column":null}}],"line":83},"5":{"loc":{"start":{"line":89,"column":4},"end":{"line":103,"column":null}},"type":"if","locations":[{"start":{"line":89,"column":4},"end":{"line":103,"column":null}},{"start":{"line":97,"column":11},"end":{"line":103,"column":null}}],"line":89},"6":{"loc":{"start":{"line":89,"column":8},"end":{"line":89,"column":57}},"type":"binary-expr","locations":[{"start":{"line":89,"column":8},"end":{"line":89,"column":31}},{"start":{"line":89,"column":31},"end":{"line":89,"column":57}}],"line":89},"7":{"loc":{"start":{"line":113,"column":4},"end":{"line":114,"column":null}},"type":"if","locations":[{"start":{"line":113,"column":4},"end":{"line":114,"column":null}},{"start":{},"end":{}}],"line":113},"8":{"loc":{"start":{"line":163,"column":2},"end":{"line":174,"column":null}},"type":"if","locations":[{"start":{"line":163,"column":2},"end":{"line":174,"column":null}},{"start":{"line":169,"column":9},"end":{"line":174,"column":null}}],"line":163},"9":{"loc":{"start":{"line":188,"column":2},"end":{"line":193,"column":null}},"type":"if","locations":[{"start":{"line":188,"column":2},"end":{"line":193,"column":null}},{"start":{"line":191,"column":9},"end":{"line":193,"column":null}}],"line":188},"10":{"loc":{"start":{"line":204,"column":18},"end":{"line":204,"column":null}},"type":"binary-expr","locations":[{"start":{"line":204,"column":18},"end":{"line":204,"column":50}},{"start":{"line":204,"column":50},"end":{"line":204,"column":null}}],"line":204},"11":{"loc":{"start":{"line":209,"column":8},"end":{"line":209,"column":null}},"type":"binary-expr","locations":[{"start":{"line":209,"column":8},"end":{"line":209,"column":29}},{"start":{"line":209,"column":29},"end":{"line":209,"column":null}}],"line":209},"12":{"loc":{"start":{"line":210,"column":8},"end":{"line":210,"column":null}},"type":"binary-expr","locations":[{"start":{"line":210,"column":8},"end":{"line":210,"column":30}},{"start":{"line":210,"column":30},"end":{"line":210,"column":null}}],"line":210},"13":{"loc":{"start":{"line":213,"column":6},"end":{"line":220,"column":null}},"type":"if","locations":[{"start":{"line":213,"column":6},"end":{"line":220,"column":null}},{"start":{"line":215,"column":13},"end":{"line":220,"column":null}}],"line":213}},"s":{"0":2602,"1":2602,"2":1231,"3":1231,"4":3693,"5":1371,"6":1371,"7":4331,"8":2602,"9":2598,"10":2598,"11":2598,"12":265,"13":722,"14":722,"15":2293,"16":223,"17":499,"18":1574,"19":1574,"20":6204,"21":16547,"22":16547,"23":223,"24":276,"25":257,"26":257,"27":257,"28":257,"29":257,"30":696,"31":696,"32":461,"33":235,"34":696,"35":696,"36":256,"37":1,"38":264,"39":264,"40":468,"41":468,"42":468,"43":468,"44":468,"45":468,"46":468,"47":468,"48":240,"49":240,"50":228,"51":228,"52":468,"53":239,"54":114,"55":114,"56":125,"57":125,"58":239,"59":52,"60":52,"61":52,"62":208,"63":208,"64":208,"65":249,"66":249,"67":249,"68":0,"69":52},"f":{"0":2602,"1":2598,"2":265,"3":722,"4":257,"5":264,"6":468,"7":239,"8":52},"b":{"0":[1231,1371],"1":[223,2070],"2":[2293,2205,2184,2110],"3":[223,16324],"4":[345,351],"5":[461,235],"6":[696,505],"7":[256,440],"8":[240,228],"9":[114,125],"10":[208,4],"11":[249,0],"12":[249,0],"13":[249,0]},"meta":{"lastBranch":14,"lastFunction":9,"lastStatement":70,"seen":{"f:5:16:5:Infinity":0,"s:11:36:11:38":0,"b:13:2:19:Infinity:17:9:19:Infinity":0,"s:13:2:19:Infinity":1,"s:14:4:15:Infinity":2,"s:14:17:14:20":3,"s:15:6:15:Infinity":4,"s:18:4:19:Infinity":5,"s:18:17:18:20":6,"s:19:6:19:Infinity":7,"s:23:2:23:Infinity":8,"f:26:16:26:37":1,"s:27:15:27:Infinity":9,"s:28:17:28:Infinity":10,"s:30:2:30:Infinity":11,"f:33:16:33:28":2,"s:34:2:34:Infinity":12,"f:37:16:37:Infinity":3,"s:43:20:43:46":13,"s:45:2:47:Infinity":14,"b:46:4:47:Infinity:undefined:undefined:undefined:undefined":1,"s:46:4:47:Infinity":15,"b:46:8:46:17:46:17:46:36:46:36:46:45:46:45:46:63":2,"s:47:6:47:Infinity":16,"s:51:2:61:Infinity":17,"s:52:26:52:60":18,"s:54:4:61:Infinity":19,"s:55:6:61:Infinity":20,"s:56:25:58:Infinity":21,"b:60:8:61:Infinity:undefined:undefined:undefined:undefined":3,"s:60:8:61:Infinity":22,"s:61:10:61:Infinity":23,"s:67:2:67:Infinity":24,"f:70:16:70:Infinity":4,"s:76:22:76:Infinity":25,"s:77:19:77:39":26,"s:79:30:79:61":27,"s:81:2:114:Infinity":28,"s:81:21:81:24":29,"s:83:6:86:Infinity":30,"b:85:10:85:Infinity:86:10:86:Infinity":4,"b:89:4:103:Infinity:97:11:103:Infinity":5,"s:89:4:103:Infinity":31,"b:89:8:89:31:89:31:89:57":6,"s:90:6:96:Infinity":32,"s:98:6:103:Infinity":33,"s:106:27:111:Infinity":34,"b:113:4:114:Infinity:undefined:undefined:undefined:undefined":7,"s:113:4:114:Infinity":35,"s:114:6:114:Infinity":36,"s:118:2:118:Infinity":37,"f:121:16:121:39":5,"s:122:22:136:Infinity":38,"s:137:2:137:Infinity":39,"f:140:16:140:Infinity":6,"s:148:4:148:Infinity":40,"s:150:4:150:Infinity":41,"s:152:23:154:Infinity":42,"s:156:15:156:56":43,"s:157:15:157:66":44,"s:158:15:158:50":45,"s:159:15:159:50":46,"b:163:2:174:Infinity:169:9:174:Infinity":8,"s:163:2:174:Infinity":47,"s:164:4:167:Infinity":48,"s:168:4:168:Infinity":49,"s:170:4:170:Infinity":50,"s:171:4:174:Infinity":51,"s:177:2:177:Infinity":52,"f:180:16:180:Infinity":7,"b:188:2:193:Infinity:191:9:193:Infinity":9,"s:188:2:193:Infinity":53,"s:189:4:189:Infinity":54,"s:190:4:190:Infinity":55,"s:192:4:192:Infinity":56,"s:193:4:193:Infinity":57,"s:196:2:196:Infinity":58,"f:199:16:199:30":8,"s:200:28:200:30":59,"s:201:38:201:Infinity":60,"s:203:2:220:Infinity":61,"s:204:18:204:Infinity":62,"b:204:18:204:50:204:50:204:Infinity":10,"s:206:4:220:Infinity":63,"s:206:17:206:20":64,"s:207:19:211:Infinity":65,"b:209:8:209:29:209:29:209:Infinity":11,"b:210:8:210:30:210:30:210:Infinity":12,"b:213:6:220:Infinity:215:13:220:Infinity":13,"s:213:6:220:Infinity":66,"s:214:8:214:Infinity":67,"s:216:8:220:Infinity":68,"s:225:2:225:Infinity":69}}}
}
