{"/Users/alex/Desktop/RebelCoderz/engine/src/core/engine/board.ts": {"path":"/Users/alex/Desktop/RebelCoderz/engine/src/core/engine/board.ts","statementMap":{"0":{"start":{"line":8,"column":6},"end":{"line":9,"column":24}},"1":{"start":{"line":9,"column":2},"end":{"line":9,"column":24}},"2":{"start":{"line":12,"column":2},"end":{"line":14,"column":null}},"3":{"start":{"line":13,"column":4},"end":{"line":13,"column":67}},"4":{"start":{"line":13,"column":47},"end":{"line":13,"column":65}},"5":{"start":{"line":17,"column":6},"end":{"line":17,"column":null}},"6":{"start":{"line":17,"column":58},"end":{"line":17,"column":null}},"7":{"start":{"line":19,"column":6},"end":{"line":27,"column":null}},"8":{"start":{"line":26,"column":2},"end":{"line":26,"column":null}},"9":{"start":{"line":26,"column":51},"end":{"line":26,"column":null}},"10":{"start":{"line":27,"column":2},"end":{"line":27,"column":null}},"11":{"start":{"line":30,"column":6},"end":{"line":40,"column":null}},"12":{"start":{"line":38,"column":2},"end":{"line":38,"column":null}},"13":{"start":{"line":38,"column":51},"end":{"line":38,"column":null}},"14":{"start":{"line":39,"column":2},"end":{"line":39,"column":null}},"15":{"start":{"line":40,"column":2},"end":{"line":40,"column":null}},"16":{"start":{"line":47,"column":17},"end":{"line":47,"column":null}},"17":{"start":{"line":48,"column":16},"end":{"line":48,"column":null}},"18":{"start":{"line":49,"column":17},"end":{"line":49,"column":null}},"19":{"start":{"line":51,"column":16},"end":{"line":51,"column":41}},"20":{"start":{"line":53,"column":2},"end":{"line":56,"column":null}},"21":{"start":{"line":54,"column":4},"end":{"line":56,"column":null}},"22":{"start":{"line":55,"column":6},"end":{"line":56,"column":null}},"23":{"start":{"line":56,"column":8},"end":{"line":56,"column":null}},"24":{"start":{"line":61,"column":2},"end":{"line":75,"column":null}},"25":{"start":{"line":62,"column":29},"end":{"line":62,"column":63}},"26":{"start":{"line":63,"column":26},"end":{"line":63,"column":55}},"27":{"start":{"line":64,"column":4},"end":{"line":75,"column":null}},"28":{"start":{"line":65,"column":26},"end":{"line":65,"column":null}},"29":{"start":{"line":66,"column":6},"end":{"line":73,"column":null}},"30":{"start":{"line":66,"column":19},"end":{"line":66,"column":22}},"31":{"start":{"line":67,"column":19},"end":{"line":67,"column":null}},"32":{"start":{"line":68,"column":8},"end":{"line":73,"column":null}},"33":{"start":{"line":78,"column":2},"end":{"line":83,"column":null}},"34":{"start":{"line":79,"column":4},"end":{"line":83,"column":null}},"35":{"start":{"line":80,"column":6},"end":{"line":83,"column":null}},"36":{"start":{"line":81,"column":29},"end":{"line":81,"column":69}},"37":{"start":{"line":82,"column":8},"end":{"line":83,"column":null}},"38":{"start":{"line":83,"column":10},"end":{"line":83,"column":null}},"39":{"start":{"line":89,"column":2},"end":{"line":92,"column":null}},"40":{"start":{"line":90,"column":4},"end":{"line":92,"column":null}},"41":{"start":{"line":91,"column":6},"end":{"line":92,"column":null}},"42":{"start":{"line":92,"column":8},"end":{"line":92,"column":null}},"43":{"start":{"line":97,"column":2},"end":{"line":109,"column":null}},"44":{"start":{"line":98,"column":25},"end":{"line":98,"column":60}},"45":{"start":{"line":99,"column":26},"end":{"line":99,"column":55}},"46":{"start":{"line":100,"column":4},"end":{"line":109,"column":null}},"47":{"start":{"line":101,"column":26},"end":{"line":101,"column":null}},"48":{"start":{"line":102,"column":6},"end":{"line":107,"column":null}},"49":{"start":{"line":102,"column":19},"end":{"line":102,"column":22}},"50":{"start":{"line":103,"column":19},"end":{"line":103,"column":null}},"51":{"start":{"line":104,"column":8},"end":{"line":107,"column":null}},"52":{"start":{"line":112,"column":2},"end":{"line":117,"column":null}},"53":{"start":{"line":113,"column":4},"end":{"line":117,"column":null}},"54":{"start":{"line":114,"column":6},"end":{"line":117,"column":null}},"55":{"start":{"line":115,"column":29},"end":{"line":115,"column":69}},"56":{"start":{"line":116,"column":8},"end":{"line":117,"column":null}},"57":{"start":{"line":117,"column":10},"end":{"line":117,"column":null}},"58":{"start":{"line":123,"column":2},"end":{"line":139,"column":null}},"59":{"start":{"line":124,"column":4},"end":{"line":139,"column":null}},"60":{"start":{"line":125,"column":27},"end":{"line":125,"column":77}},"61":{"start":{"line":126,"column":6},"end":{"line":126,"column":null}},"62":{"start":{"line":126,"column":25},"end":{"line":126,"column":null}},"63":{"start":{"line":128,"column":24},"end":{"line":134,"column":null}},"64":{"start":{"line":136,"column":6},"end":{"line":139,"column":null}},"65":{"start":{"line":143,"column":2},"end":{"line":161,"column":null}},"66":{"start":{"line":144,"column":4},"end":{"line":161,"column":null}},"67":{"start":{"line":145,"column":27},"end":{"line":145,"column":77}},"68":{"start":{"line":146,"column":6},"end":{"line":146,"column":null}},"69":{"start":{"line":146,"column":25},"end":{"line":146,"column":null}},"70":{"start":{"line":148,"column":24},"end":{"line":156,"column":null}},"71":{"start":{"line":158,"column":6},"end":{"line":161,"column":null}},"72":{"start":{"line":165,"column":2},"end":{"line":165,"column":null}},"73":{"start":{"line":172,"column":17},"end":{"line":172,"column":null}},"74":{"start":{"line":173,"column":16},"end":{"line":173,"column":null}},"75":{"start":{"line":174,"column":17},"end":{"line":174,"column":null}},"76":{"start":{"line":176,"column":16},"end":{"line":176,"column":41}},"77":{"start":{"line":178,"column":2},"end":{"line":181,"column":null}},"78":{"start":{"line":179,"column":4},"end":{"line":181,"column":null}},"79":{"start":{"line":180,"column":6},"end":{"line":181,"column":null}},"80":{"start":{"line":181,"column":8},"end":{"line":181,"column":null}},"81":{"start":{"line":186,"column":2},"end":{"line":191,"column":null}},"82":{"start":{"line":187,"column":4},"end":{"line":191,"column":null}},"83":{"start":{"line":188,"column":6},"end":{"line":191,"column":null}},"84":{"start":{"line":189,"column":29},"end":{"line":189,"column":69}},"85":{"start":{"line":190,"column":8},"end":{"line":191,"column":null}},"86":{"start":{"line":191,"column":10},"end":{"line":191,"column":null}},"87":{"start":{"line":197,"column":2},"end":{"line":209,"column":null}},"88":{"start":{"line":198,"column":25},"end":{"line":198,"column":60}},"89":{"start":{"line":199,"column":26},"end":{"line":199,"column":55}},"90":{"start":{"line":200,"column":4},"end":{"line":209,"column":null}},"91":{"start":{"line":201,"column":26},"end":{"line":201,"column":null}},"92":{"start":{"line":202,"column":6},"end":{"line":207,"column":null}},"93":{"start":{"line":202,"column":19},"end":{"line":202,"column":22}},"94":{"start":{"line":203,"column":19},"end":{"line":203,"column":null}},"95":{"start":{"line":204,"column":8},"end":{"line":207,"column":null}},"96":{"start":{"line":212,"column":2},"end":{"line":215,"column":null}},"97":{"start":{"line":213,"column":4},"end":{"line":215,"column":null}},"98":{"start":{"line":214,"column":6},"end":{"line":215,"column":null}},"99":{"start":{"line":215,"column":8},"end":{"line":215,"column":null}},"100":{"start":{"line":220,"column":2},"end":{"line":234,"column":null}},"101":{"start":{"line":221,"column":29},"end":{"line":221,"column":63}},"102":{"start":{"line":222,"column":26},"end":{"line":222,"column":55}},"103":{"start":{"line":223,"column":4},"end":{"line":234,"column":null}},"104":{"start":{"line":224,"column":26},"end":{"line":224,"column":null}},"105":{"start":{"line":225,"column":6},"end":{"line":232,"column":null}},"106":{"start":{"line":225,"column":19},"end":{"line":225,"column":22}},"107":{"start":{"line":226,"column":19},"end":{"line":226,"column":null}},"108":{"start":{"line":227,"column":8},"end":{"line":232,"column":null}},"109":{"start":{"line":237,"column":2},"end":{"line":242,"column":null}},"110":{"start":{"line":238,"column":4},"end":{"line":242,"column":null}},"111":{"start":{"line":239,"column":6},"end":{"line":242,"column":null}},"112":{"start":{"line":240,"column":29},"end":{"line":240,"column":69}},"113":{"start":{"line":241,"column":8},"end":{"line":242,"column":null}},"114":{"start":{"line":242,"column":10},"end":{"line":242,"column":null}},"115":{"start":{"line":248,"column":2},"end":{"line":264,"column":null}},"116":{"start":{"line":249,"column":4},"end":{"line":264,"column":null}},"117":{"start":{"line":250,"column":27},"end":{"line":250,"column":77}},"118":{"start":{"line":251,"column":6},"end":{"line":251,"column":null}},"119":{"start":{"line":251,"column":25},"end":{"line":251,"column":null}},"120":{"start":{"line":253,"column":24},"end":{"line":259,"column":null}},"121":{"start":{"line":261,"column":6},"end":{"line":264,"column":null}},"122":{"start":{"line":268,"column":2},"end":{"line":286,"column":null}},"123":{"start":{"line":269,"column":4},"end":{"line":286,"column":null}},"124":{"start":{"line":270,"column":27},"end":{"line":270,"column":77}},"125":{"start":{"line":271,"column":6},"end":{"line":271,"column":null}},"126":{"start":{"line":271,"column":25},"end":{"line":271,"column":null}},"127":{"start":{"line":273,"column":24},"end":{"line":281,"column":null}},"128":{"start":{"line":283,"column":6},"end":{"line":286,"column":null}},"129":{"start":{"line":290,"column":2},"end":{"line":290,"column":null}}},"fnMap":{"0":{"name":"(anonymous_0)","decl":{"start":{"line":8,"column":6},"end":{"line":8,"column":13}},"loc":{"start":{"line":9,"column":2},"end":{"line":9,"column":24}},"line":9},"1":{"name":"emptyBoard","decl":{"start":{"line":11,"column":9},"end":{"line":11,"column":20}},"loc":{"start":{"line":11,"column":58},"end":{"line":14,"column":null}},"line":11},"2":{"name":"(anonymous_2)","decl":{"start":{"line":12,"column":38},"end":{"line":12,"column":null}},"loc":{"start":{"line":13,"column":4},"end":{"line":13,"column":67}},"line":13},"3":{"name":"(anonymous_3)","decl":{"start":{"line":13,"column":32},"end":{"line":13,"column":47}},"loc":{"start":{"line":13,"column":47},"end":{"line":13,"column":65}},"line":13},"4":{"name":"(anonymous_4)","decl":{"start":{"line":17,"column":6},"end":{"line":17,"column":20}},"loc":{"start":{"line":17,"column":58},"end":{"line":17,"column":null}},"line":17},"5":{"name":"(anonymous_5)","decl":{"start":{"line":19,"column":6},"end":{"line":19,"column":null}},"loc":{"start":{"line":25,"column":18},"end":{"line":27,"column":null}},"line":25},"6":{"name":"(anonymous_6)","decl":{"start":{"line":30,"column":6},"end":{"line":30,"column":null}},"loc":{"start":{"line":37,"column":14},"end":{"line":40,"column":null}},"line":37},"7":{"name":"buildPlayerBoard","decl":{"start":{"line":43,"column":16},"end":{"line":43,"column":null}},"loc":{"start":{"line":46,"column":9},"end":{"line":165,"column":null}},"line":46},"8":{"name":"(anonymous_8)","decl":{"start":{"line":64,"column":22},"end":{"line":64,"column":31}},"loc":{"start":{"line":64,"column":48},"end":{"line":75,"column":null}},"line":64},"9":{"name":"(anonymous_9)","decl":{"start":{"line":100,"column":21},"end":{"line":100,"column":30}},"loc":{"start":{"line":100,"column":47},"end":{"line":109,"column":null}},"line":100},"10":{"name":"buildEnemyBoard","decl":{"start":{"line":168,"column":16},"end":{"line":168,"column":null}},"loc":{"start":{"line":171,"column":9},"end":{"line":290,"column":null}},"line":171},"11":{"name":"(anonymous_11)","decl":{"start":{"line":200,"column":21},"end":{"line":200,"column":30}},"loc":{"start":{"line":200,"column":47},"end":{"line":209,"column":null}},"line":200},"12":{"name":"(anonymous_12)","decl":{"start":{"line":223,"column":22},"end":{"line":223,"column":31}},"loc":{"start":{"line":223,"column":48},"end":{"line":234,"column":null}},"line":223}},"branchMap":{"0":{"loc":{"start":{"line":26,"column":2},"end":{"line":26,"column":null}},"type":"if","locations":[{"start":{"line":26,"column":2},"end":{"line":26,"column":null}},{"start":{},"end":{}}],"line":26},"1":{"loc":{"start":{"line":26,"column":6},"end":{"line":26,"column":51}},"type":"binary-expr","locations":[{"start":{"line":26,"column":6},"end":{"line":26,"column":15}},{"start":{"line":26,"column":15},"end":{"line":26,"column":29}},{"start":{"line":26,"column":29},"end":{"line":26,"column":38}},{"start":{"line":26,"column":38},"end":{"line":26,"column":51}}],"line":26},"2":{"loc":{"start":{"line":38,"column":2},"end":{"line":38,"column":null}},"type":"if","locations":[{"start":{"line":38,"column":2},"end":{"line":38,"column":null}},{"start":{},"end":{}}],"line":38},"3":{"loc":{"start":{"line":38,"column":6},"end":{"line":38,"column":51}},"type":"binary-expr","locations":[{"start":{"line":38,"column":6},"end":{"line":38,"column":15}},{"start":{"line":38,"column":15},"end":{"line":38,"column":29}},{"start":{"line":38,"column":29},"end":{"line":38,"column":38}},{"start":{"line":38,"column":38},"end":{"line":38,"column":51}}],"line":38},"4":{"loc":{"start":{"line":47,"column":17},"end":{"line":47,"column":null}},"type":"binary-expr","locations":[{"start":{"line":47,"column":17},"end":{"line":47,"column":37}},{"start":{"line":47,"column":37},"end":{"line":47,"column":null}}],"line":47},"5":{"loc":{"start":{"line":48,"column":16},"end":{"line":48,"column":null}},"type":"binary-expr","locations":[{"start":{"line":48,"column":16},"end":{"line":48,"column":31}},{"start":{"line":48,"column":31},"end":{"line":48,"column":null}}],"line":48},"6":{"loc":{"start":{"line":49,"column":17},"end":{"line":49,"column":null}},"type":"binary-expr","locations":[{"start":{"line":49,"column":17},"end":{"line":49,"column":33}},{"start":{"line":49,"column":33},"end":{"line":49,"column":null}}],"line":49},"7":{"loc":{"start":{"line":53,"column":2},"end":{"line":56,"column":null}},"type":"if","locations":[{"start":{"line":53,"column":2},"end":{"line":56,"column":null}},{"start":{},"end":{}}],"line":53},"8":{"loc":{"start":{"line":61,"column":2},"end":{"line":75,"column":null}},"type":"if","locations":[{"start":{"line":61,"column":2},"end":{"line":75,"column":null}},{"start":{},"end":{}}],"line":61},"9":{"loc":{"start":{"line":70,"column":12},"end":{"line":72,"column":null}},"type":"cond-expr","locations":[{"start":{"line":71,"column":16},"end":{"line":71,"column":null}},{"start":{"line":72,"column":16},"end":{"line":72,"column":null}}],"line":70},"10":{"loc":{"start":{"line":70,"column":12},"end":{"line":70,"column":57}},"type":"binary-expr","locations":[{"start":{"line":70,"column":12},"end":{"line":70,"column":29}},{"start":{"line":70,"column":29},"end":{"line":70,"column":57}}],"line":70},"11":{"loc":{"start":{"line":78,"column":2},"end":{"line":83,"column":null}},"type":"if","locations":[{"start":{"line":78,"column":2},"end":{"line":83,"column":null}},{"start":{},"end":{}}],"line":78},"12":{"loc":{"start":{"line":79,"column":27},"end":{"line":79,"column":54}},"type":"binary-expr","locations":[{"start":{"line":79,"column":27},"end":{"line":79,"column":52}},{"start":{"line":79,"column":52},"end":{"line":79,"column":54}}],"line":79},"13":{"loc":{"start":{"line":82,"column":8},"end":{"line":83,"column":null}},"type":"if","locations":[{"start":{"line":82,"column":8},"end":{"line":83,"column":null}},{"start":{},"end":{}}],"line":82},"14":{"loc":{"start":{"line":89,"column":2},"end":{"line":92,"column":null}},"type":"if","locations":[{"start":{"line":89,"column":2},"end":{"line":92,"column":null}},{"start":{},"end":{}}],"line":89},"15":{"loc":{"start":{"line":97,"column":2},"end":{"line":109,"column":null}},"type":"if","locations":[{"start":{"line":97,"column":2},"end":{"line":109,"column":null}},{"start":{},"end":{}}],"line":97},"16":{"loc":{"start":{"line":106,"column":12},"end":{"line":106,"column":null}},"type":"cond-expr","locations":[{"start":{"line":106,"column":56},"end":{"line":106,"column":70}},{"start":{"line":106,"column":70},"end":{"line":106,"column":null}}],"line":106},"17":{"loc":{"start":{"line":106,"column":12},"end":{"line":106,"column":53}},"type":"binary-expr","locations":[{"start":{"line":106,"column":12},"end":{"line":106,"column":29}},{"start":{"line":106,"column":29},"end":{"line":106,"column":53}}],"line":106},"18":{"loc":{"start":{"line":112,"column":2},"end":{"line":117,"column":null}},"type":"if","locations":[{"start":{"line":112,"column":2},"end":{"line":117,"column":null}},{"start":{},"end":{}}],"line":112},"19":{"loc":{"start":{"line":113,"column":27},"end":{"line":113,"column":53}},"type":"binary-expr","locations":[{"start":{"line":113,"column":27},"end":{"line":113,"column":51}},{"start":{"line":113,"column":51},"end":{"line":113,"column":53}}],"line":113},"20":{"loc":{"start":{"line":116,"column":8},"end":{"line":117,"column":null}},"type":"if","locations":[{"start":{"line":116,"column":8},"end":{"line":117,"column":null}},{"start":{},"end":{}}],"line":116},"21":{"loc":{"start":{"line":123,"column":2},"end":{"line":139,"column":null}},"type":"if","locations":[{"start":{"line":123,"column":2},"end":{"line":139,"column":null}},{"start":{},"end":{}}],"line":123},"22":{"loc":{"start":{"line":126,"column":6},"end":{"line":126,"column":null}},"type":"if","locations":[{"start":{"line":126,"column":6},"end":{"line":126,"column":null}},{"start":{},"end":{}}],"line":126},"23":{"loc":{"start":{"line":128,"column":24},"end":{"line":134,"column":null}},"type":"cond-expr","locations":[{"start":{"line":129,"column":10},"end":{"line":129,"column":null}},{"start":{"line":130,"column":10},"end":{"line":134,"column":null}}],"line":128},"24":{"loc":{"start":{"line":130,"column":10},"end":{"line":134,"column":null}},"type":"cond-expr","locations":[{"start":{"line":131,"column":12},"end":{"line":131,"column":null}},{"start":{"line":132,"column":12},"end":{"line":134,"column":null}}],"line":130},"25":{"loc":{"start":{"line":132,"column":12},"end":{"line":134,"column":null}},"type":"cond-expr","locations":[{"start":{"line":133,"column":14},"end":{"line":133,"column":null}},{"start":{"line":134,"column":14},"end":{"line":134,"column":null}}],"line":132},"26":{"loc":{"start":{"line":132,"column":12},"end":{"line":132,"column":null}},"type":"binary-expr","locations":[{"start":{"line":132,"column":12},"end":{"line":132,"column":32}},{"start":{"line":132,"column":32},"end":{"line":132,"column":null}}],"line":132},"27":{"loc":{"start":{"line":143,"column":2},"end":{"line":161,"column":null}},"type":"if","locations":[{"start":{"line":143,"column":2},"end":{"line":161,"column":null}},{"start":{},"end":{}}],"line":143},"28":{"loc":{"start":{"line":146,"column":6},"end":{"line":146,"column":null}},"type":"if","locations":[{"start":{"line":146,"column":6},"end":{"line":146,"column":null}},{"start":{},"end":{}}],"line":146},"29":{"loc":{"start":{"line":148,"column":24},"end":{"line":156,"column":null}},"type":"cond-expr","locations":[{"start":{"line":149,"column":10},"end":{"line":149,"column":null}},{"start":{"line":150,"column":10},"end":{"line":156,"column":null}}],"line":148},"30":{"loc":{"start":{"line":150,"column":10},"end":{"line":156,"column":null}},"type":"cond-expr","locations":[{"start":{"line":151,"column":12},"end":{"line":151,"column":null}},{"start":{"line":152,"column":12},"end":{"line":156,"column":null}}],"line":150},"31":{"loc":{"start":{"line":152,"column":12},"end":{"line":156,"column":null}},"type":"cond-expr","locations":[{"start":{"line":153,"column":14},"end":{"line":153,"column":null}},{"start":{"line":154,"column":14},"end":{"line":156,"column":null}}],"line":152},"32":{"loc":{"start":{"line":152,"column":12},"end":{"line":152,"column":null}},"type":"binary-expr","locations":[{"start":{"line":152,"column":12},"end":{"line":152,"column":32}},{"start":{"line":152,"column":32},"end":{"line":152,"column":null}}],"line":152},"33":{"loc":{"start":{"line":154,"column":14},"end":{"line":156,"column":null}},"type":"cond-expr","locations":[{"start":{"line":155,"column":16},"end":{"line":155,"column":null}},{"start":{"line":156,"column":16},"end":{"line":156,"column":null}}],"line":154},"34":{"loc":{"start":{"line":172,"column":17},"end":{"line":172,"column":null}},"type":"binary-expr","locations":[{"start":{"line":172,"column":17},"end":{"line":172,"column":36}},{"start":{"line":172,"column":36},"end":{"line":172,"column":null}}],"line":172},"35":{"loc":{"start":{"line":173,"column":16},"end":{"line":173,"column":null}},"type":"binary-expr","locations":[{"start":{"line":173,"column":16},"end":{"line":173,"column":31}},{"start":{"line":173,"column":31},"end":{"line":173,"column":null}}],"line":173},"36":{"loc":{"start":{"line":174,"column":17},"end":{"line":174,"column":null}},"type":"binary-expr","locations":[{"start":{"line":174,"column":17},"end":{"line":174,"column":33}},{"start":{"line":174,"column":33},"end":{"line":174,"column":null}}],"line":174},"37":{"loc":{"start":{"line":178,"column":2},"end":{"line":181,"column":null}},"type":"if","locations":[{"start":{"line":178,"column":2},"end":{"line":181,"column":null}},{"start":{},"end":{}}],"line":178},"38":{"loc":{"start":{"line":186,"column":2},"end":{"line":191,"column":null}},"type":"if","locations":[{"start":{"line":186,"column":2},"end":{"line":191,"column":null}},{"start":{},"end":{}}],"line":186},"39":{"loc":{"start":{"line":187,"column":27},"end":{"line":187,"column":53}},"type":"binary-expr","locations":[{"start":{"line":187,"column":27},"end":{"line":187,"column":51}},{"start":{"line":187,"column":51},"end":{"line":187,"column":53}}],"line":187},"40":{"loc":{"start":{"line":190,"column":8},"end":{"line":191,"column":null}},"type":"if","locations":[{"start":{"line":190,"column":8},"end":{"line":191,"column":null}},{"start":{},"end":{}}],"line":190},"41":{"loc":{"start":{"line":197,"column":2},"end":{"line":209,"column":null}},"type":"if","locations":[{"start":{"line":197,"column":2},"end":{"line":209,"column":null}},{"start":{},"end":{}}],"line":197},"42":{"loc":{"start":{"line":206,"column":12},"end":{"line":206,"column":null}},"type":"cond-expr","locations":[{"start":{"line":206,"column":56},"end":{"line":206,"column":70}},{"start":{"line":206,"column":70},"end":{"line":206,"column":null}}],"line":206},"43":{"loc":{"start":{"line":206,"column":12},"end":{"line":206,"column":53}},"type":"binary-expr","locations":[{"start":{"line":206,"column":12},"end":{"line":206,"column":29}},{"start":{"line":206,"column":29},"end":{"line":206,"column":53}}],"line":206},"44":{"loc":{"start":{"line":212,"column":2},"end":{"line":215,"column":null}},"type":"if","locations":[{"start":{"line":212,"column":2},"end":{"line":215,"column":null}},{"start":{},"end":{}}],"line":212},"45":{"loc":{"start":{"line":220,"column":2},"end":{"line":234,"column":null}},"type":"if","locations":[{"start":{"line":220,"column":2},"end":{"line":234,"column":null}},{"start":{},"end":{}}],"line":220},"46":{"loc":{"start":{"line":229,"column":12},"end":{"line":231,"column":null}},"type":"cond-expr","locations":[{"start":{"line":230,"column":16},"end":{"line":230,"column":null}},{"start":{"line":231,"column":16},"end":{"line":231,"column":null}}],"line":229},"47":{"loc":{"start":{"line":229,"column":12},"end":{"line":229,"column":57}},"type":"binary-expr","locations":[{"start":{"line":229,"column":12},"end":{"line":229,"column":29}},{"start":{"line":229,"column":29},"end":{"line":229,"column":57}}],"line":229},"48":{"loc":{"start":{"line":237,"column":2},"end":{"line":242,"column":null}},"type":"if","locations":[{"start":{"line":237,"column":2},"end":{"line":242,"column":null}},{"start":{},"end":{}}],"line":237},"49":{"loc":{"start":{"line":238,"column":27},"end":{"line":238,"column":54}},"type":"binary-expr","locations":[{"start":{"line":238,"column":27},"end":{"line":238,"column":52}},{"start":{"line":238,"column":52},"end":{"line":238,"column":54}}],"line":238},"50":{"loc":{"start":{"line":241,"column":8},"end":{"line":242,"column":null}},"type":"if","locations":[{"start":{"line":241,"column":8},"end":{"line":242,"column":null}},{"start":{},"end":{}}],"line":241},"51":{"loc":{"start":{"line":248,"column":2},"end":{"line":264,"column":null}},"type":"if","locations":[{"start":{"line":248,"column":2},"end":{"line":264,"column":null}},{"start":{},"end":{}}],"line":248},"52":{"loc":{"start":{"line":251,"column":6},"end":{"line":251,"column":null}},"type":"if","locations":[{"start":{"line":251,"column":6},"end":{"line":251,"column":null}},{"start":{},"end":{}}],"line":251},"53":{"loc":{"start":{"line":253,"column":24},"end":{"line":259,"column":null}},"type":"cond-expr","locations":[{"start":{"line":254,"column":10},"end":{"line":254,"column":null}},{"start":{"line":255,"column":10},"end":{"line":259,"column":null}}],"line":253},"54":{"loc":{"start":{"line":255,"column":10},"end":{"line":259,"column":null}},"type":"cond-expr","locations":[{"start":{"line":256,"column":12},"end":{"line":256,"column":null}},{"start":{"line":257,"column":12},"end":{"line":259,"column":null}}],"line":255},"55":{"loc":{"start":{"line":257,"column":12},"end":{"line":259,"column":null}},"type":"cond-expr","locations":[{"start":{"line":258,"column":14},"end":{"line":258,"column":null}},{"start":{"line":259,"column":14},"end":{"line":259,"column":null}}],"line":257},"56":{"loc":{"start":{"line":257,"column":12},"end":{"line":257,"column":null}},"type":"binary-expr","locations":[{"start":{"line":257,"column":12},"end":{"line":257,"column":32}},{"start":{"line":257,"column":32},"end":{"line":257,"column":null}}],"line":257},"57":{"loc":{"start":{"line":268,"column":2},"end":{"line":286,"column":null}},"type":"if","locations":[{"start":{"line":268,"column":2},"end":{"line":286,"column":null}},{"start":{},"end":{}}],"line":268},"58":{"loc":{"start":{"line":271,"column":6},"end":{"line":271,"column":null}},"type":"if","locations":[{"start":{"line":271,"column":6},"end":{"line":271,"column":null}},{"start":{},"end":{}}],"line":271},"59":{"loc":{"start":{"line":273,"column":24},"end":{"line":281,"column":null}},"type":"cond-expr","locations":[{"start":{"line":274,"column":10},"end":{"line":274,"column":null}},{"start":{"line":275,"column":10},"end":{"line":281,"column":null}}],"line":273},"60":{"loc":{"start":{"line":275,"column":10},"end":{"line":281,"column":null}},"type":"cond-expr","locations":[{"start":{"line":276,"column":12},"end":{"line":276,"column":null}},{"start":{"line":277,"column":12},"end":{"line":281,"column":null}}],"line":275},"61":{"loc":{"start":{"line":277,"column":12},"end":{"line":281,"column":null}},"type":"cond-expr","locations":[{"start":{"line":278,"column":14},"end":{"line":278,"column":null}},{"start":{"line":279,"column":14},"end":{"line":281,"column":null}}],"line":277},"62":{"loc":{"start":{"line":277,"column":12},"end":{"line":277,"column":null}},"type":"binary-expr","locations":[{"start":{"line":277,"column":12},"end":{"line":277,"column":32}},{"start":{"line":277,"column":32},"end":{"line":277,"column":null}}],"line":277},"63":{"loc":{"start":{"line":279,"column":14},"end":{"line":281,"column":null}},"type":"cond-expr","locations":[{"start":{"line":280,"column":16},"end":{"line":280,"column":null}},{"start":{"line":281,"column":16},"end":{"line":281,"column":null}}],"line":279}},"s":{"0":2,"1":210,"2":25,"3":250,"4":2500,"5":2,"6":104,"7":2,"8":40,"9":4,"10":36,"11":2,"12":69,"13":1,"14":68,"15":68,"16":13,"17":13,"18":13,"19":13,"20":13,"21":7,"22":9,"23":18,"24":13,"25":3,"26":3,"27":3,"28":3,"29":3,"30":3,"31":4,"32":4,"33":13,"34":3,"35":2,"36":2,"37":2,"38":1,"39":13,"40":1,"41":1,"42":1,"43":13,"44":2,"45":2,"46":2,"47":2,"48":2,"49":2,"50":2,"51":2,"52":13,"53":3,"54":2,"55":2,"56":2,"57":1,"58":13,"59":5,"60":9,"61":9,"62":1,"63":8,"64":9,"65":13,"66":3,"67":6,"68":6,"69":1,"70":5,"71":6,"72":13,"73":12,"74":12,"75":12,"76":12,"77":12,"78":2,"79":2,"80":2,"81":12,"82":6,"83":3,"84":3,"85":3,"86":2,"87":12,"88":3,"89":3,"90":3,"91":3,"92":3,"93":3,"94":3,"95":3,"96":12,"97":2,"98":2,"99":4,"100":12,"101":2,"102":2,"103":2,"104":2,"105":2,"106":2,"107":3,"108":3,"109":12,"110":3,"111":2,"112":2,"113":2,"114":1,"115":12,"116":5,"117":10,"118":10,"119":1,"120":9,"121":10,"122":12,"123":3,"124":6,"125":6,"126":1,"127":5,"128":6,"129":12},"f":{"0":210,"1":25,"2":250,"3":2500,"4":104,"5":40,"6":69,"7":13,"8":3,"9":2,"10":12,"11":3,"12":2},"b":{"0":[4,36],"1":[40,40,36,36],"2":[1,68],"3":[69,68,68,68],"4":[13,1],"5":[13,1],"6":[13,1],"7":[7,6],"8":[3,10],"9":[1,3],"10":[4,4],"11":[3,10],"12":[3,1],"13":[1,1],"14":[1,12],"15":[2,11],"16":[1,1],"17":[2,1],"18":[3,10],"19":[3,1],"20":[1,1],"21":[5,8],"22":[1,8],"23":[2,6],"24":[2,4],"25":[2,2],"26":[4,2],"27":[3,10],"28":[1,5],"29":[1,4],"30":[1,3],"31":[1,2],"32":[3,2],"33":[1,1],"34":[12,1],"35":[12,1],"36":[12,1],"37":[2,10],"38":[6,6],"39":[6,1],"40":[2,1],"41":[3,9],"42":[1,2],"43":[3,3],"44":[2,10],"45":[2,10],"46":[2,1],"47":[3,3],"48":[3,9],"49":[3,1],"50":[1,1],"51":[5,7],"52":[1,9],"53":[2,7],"54":[3,4],"55":[2,2],"56":[4,2],"57":[3,9],"58":[1,5],"59":[1,4],"60":[1,3],"61":[1,2],"62":[3,2],"63":[1,1]},"meta":{"lastBranch":64,"lastFunction":13,"lastStatement":130,"seen":{"s:8:6:9:24":0,"f:8:6:8:13":0,"s:9:2:9:24":1,"f:11:9:11:20":1,"s:12:2:14:Infinity":2,"f:12:38:12:Infinity":2,"s:13:4:13:67":3,"f:13:32:13:47":3,"s:13:47:13:65":4,"s:17:6:17:Infinity":5,"f:17:6:17:20":4,"s:17:58:17:Infinity":6,"s:19:6:27:Infinity":7,"f:19:6:19:Infinity":5,"b:26:2:26:Infinity:undefined:undefined:undefined:undefined":0,"s:26:2:26:Infinity":8,"b:26:6:26:15:26:15:26:29:26:29:26:38:26:38:26:51":1,"s:26:51:26:Infinity":9,"s:27:2:27:Infinity":10,"s:30:6:40:Infinity":11,"f:30:6:30:Infinity":6,"b:38:2:38:Infinity:undefined:undefined:undefined:undefined":2,"s:38:2:38:Infinity":12,"b:38:6:38:15:38:15:38:29:38:29:38:38:38:38:38:51":3,"s:38:51:38:Infinity":13,"s:39:2:39:Infinity":14,"s:40:2:40:Infinity":15,"f:43:16:43:Infinity":7,"s:47:17:47:Infinity":16,"b:47:17:47:37:47:37:47:Infinity":4,"s:48:16:48:Infinity":17,"b:48:16:48:31:48:31:48:Infinity":5,"s:49:17:49:Infinity":18,"b:49:17:49:33:49:33:49:Infinity":6,"s:51:16:51:41":19,"b:53:2:56:Infinity:undefined:undefined:undefined:undefined":7,"s:53:2:56:Infinity":20,"s:54:4:56:Infinity":21,"s:55:6:56:Infinity":22,"s:56:8:56:Infinity":23,"b:61:2:75:Infinity:undefined:undefined:undefined:undefined":8,"s:61:2:75:Infinity":24,"s:62:29:62:63":25,"s:63:26:63:55":26,"s:64:4:75:Infinity":27,"f:64:22:64:31":8,"s:65:26:65:Infinity":28,"s:66:6:73:Infinity":29,"s:66:19:66:22":30,"s:67:19:67:Infinity":31,"s:68:8:73:Infinity":32,"b:71:16:71:Infinity:72:16:72:Infinity":9,"b:70:12:70:29:70:29:70:57":10,"b:78:2:83:Infinity:undefined:undefined:undefined:undefined":11,"s:78:2:83:Infinity":33,"s:79:4:83:Infinity":34,"b:79:27:79:52:79:52:79:54":12,"s:80:6:83:Infinity":35,"s:81:29:81:69":36,"b:82:8:83:Infinity:undefined:undefined:undefined:undefined":13,"s:82:8:83:Infinity":37,"s:83:10:83:Infinity":38,"b:89:2:92:Infinity:undefined:undefined:undefined:undefined":14,"s:89:2:92:Infinity":39,"s:90:4:92:Infinity":40,"s:91:6:92:Infinity":41,"s:92:8:92:Infinity":42,"b:97:2:109:Infinity:undefined:undefined:undefined:undefined":15,"s:97:2:109:Infinity":43,"s:98:25:98:60":44,"s:99:26:99:55":45,"s:100:4:109:Infinity":46,"f:100:21:100:30":9,"s:101:26:101:Infinity":47,"s:102:6:107:Infinity":48,"s:102:19:102:22":49,"s:103:19:103:Infinity":50,"s:104:8:107:Infinity":51,"b:106:56:106:70:106:70:106:Infinity":16,"b:106:12:106:29:106:29:106:53":17,"b:112:2:117:Infinity:undefined:undefined:undefined:undefined":18,"s:112:2:117:Infinity":52,"s:113:4:117:Infinity":53,"b:113:27:113:51:113:51:113:53":19,"s:114:6:117:Infinity":54,"s:115:29:115:69":55,"b:116:8:117:Infinity:undefined:undefined:undefined:undefined":20,"s:116:8:117:Infinity":56,"s:117:10:117:Infinity":57,"b:123:2:139:Infinity:undefined:undefined:undefined:undefined":21,"s:123:2:139:Infinity":58,"s:124:4:139:Infinity":59,"s:125:27:125:77":60,"b:126:6:126:Infinity:undefined:undefined:undefined:undefined":22,"s:126:6:126:Infinity":61,"s:126:25:126:Infinity":62,"s:128:24:134:Infinity":63,"b:129:10:129:Infinity:130:10:134:Infinity":23,"b:131:12:131:Infinity:132:12:134:Infinity":24,"b:133:14:133:Infinity:134:14:134:Infinity":25,"b:132:12:132:32:132:32:132:Infinity":26,"s:136:6:139:Infinity":64,"b:143:2:161:Infinity:undefined:undefined:undefined:undefined":27,"s:143:2:161:Infinity":65,"s:144:4:161:Infinity":66,"s:145:27:145:77":67,"b:146:6:146:Infinity:undefined:undefined:undefined:undefined":28,"s:146:6:146:Infinity":68,"s:146:25:146:Infinity":69,"s:148:24:156:Infinity":70,"b:149:10:149:Infinity:150:10:156:Infinity":29,"b:151:12:151:Infinity:152:12:156:Infinity":30,"b:153:14:153:Infinity:154:14:156:Infinity":31,"b:152:12:152:32:152:32:152:Infinity":32,"b:155:16:155:Infinity:156:16:156:Infinity":33,"s:158:6:161:Infinity":71,"s:165:2:165:Infinity":72,"f:168:16:168:Infinity":10,"s:172:17:172:Infinity":73,"b:172:17:172:36:172:36:172:Infinity":34,"s:173:16:173:Infinity":74,"b:173:16:173:31:173:31:173:Infinity":35,"s:174:17:174:Infinity":75,"b:174:17:174:33:174:33:174:Infinity":36,"s:176:16:176:41":76,"b:178:2:181:Infinity:undefined:undefined:undefined:undefined":37,"s:178:2:181:Infinity":77,"s:179:4:181:Infinity":78,"s:180:6:181:Infinity":79,"s:181:8:181:Infinity":80,"b:186:2:191:Infinity:undefined:undefined:undefined:undefined":38,"s:186:2:191:Infinity":81,"s:187:4:191:Infinity":82,"b:187:27:187:51:187:51:187:53":39,"s:188:6:191:Infinity":83,"s:189:29:189:69":84,"b:190:8:191:Infinity:undefined:undefined:undefined:undefined":40,"s:190:8:191:Infinity":85,"s:191:10:191:Infinity":86,"b:197:2:209:Infinity:undefined:undefined:undefined:undefined":41,"s:197:2:209:Infinity":87,"s:198:25:198:60":88,"s:199:26:199:55":89,"s:200:4:209:Infinity":90,"f:200:21:200:30":11,"s:201:26:201:Infinity":91,"s:202:6:207:Infinity":92,"s:202:19:202:22":93,"s:203:19:203:Infinity":94,"s:204:8:207:Infinity":95,"b:206:56:206:70:206:70:206:Infinity":42,"b:206:12:206:29:206:29:206:53":43,"b:212:2:215:Infinity:undefined:undefined:undefined:undefined":44,"s:212:2:215:Infinity":96,"s:213:4:215:Infinity":97,"s:214:6:215:Infinity":98,"s:215:8:215:Infinity":99,"b:220:2:234:Infinity:undefined:undefined:undefined:undefined":45,"s:220:2:234:Infinity":100,"s:221:29:221:63":101,"s:222:26:222:55":102,"s:223:4:234:Infinity":103,"f:223:22:223:31":12,"s:224:26:224:Infinity":104,"s:225:6:232:Infinity":105,"s:225:19:225:22":106,"s:226:19:226:Infinity":107,"s:227:8:232:Infinity":108,"b:230:16:230:Infinity:231:16:231:Infinity":46,"b:229:12:229:29:229:29:229:57":47,"b:237:2:242:Infinity:undefined:undefined:undefined:undefined":48,"s:237:2:242:Infinity":109,"s:238:4:242:Infinity":110,"b:238:27:238:52:238:52:238:54":49,"s:239:6:242:Infinity":111,"s:240:29:240:69":112,"b:241:8:242:Infinity:undefined:undefined:undefined:undefined":50,"s:241:8:242:Infinity":113,"s:242:10:242:Infinity":114,"b:248:2:264:Infinity:undefined:undefined:undefined:undefined":51,"s:248:2:264:Infinity":115,"s:249:4:264:Infinity":116,"s:250:27:250:77":117,"b:251:6:251:Infinity:undefined:undefined:undefined:undefined":52,"s:251:6:251:Infinity":118,"s:251:25:251:Infinity":119,"s:253:24:259:Infinity":120,"b:254:10:254:Infinity:255:10:259:Infinity":53,"b:256:12:256:Infinity:257:12:259:Infinity":54,"b:258:14:258:Infinity:259:14:259:Infinity":55,"b:257:12:257:32:257:32:257:Infinity":56,"s:261:6:264:Infinity":121,"b:268:2:286:Infinity:undefined:undefined:undefined:undefined":57,"s:268:2:286:Infinity":122,"s:269:4:286:Infinity":123,"s:270:27:270:77":124,"b:271:6:271:Infinity:undefined:undefined:undefined:undefined":58,"s:271:6:271:Infinity":125,"s:271:25:271:Infinity":126,"s:273:24:281:Infinity":127,"b:274:10:274:Infinity:275:10:281:Infinity":59,"b:276:12:276:Infinity:277:12:281:Infinity":60,"b:278:14:278:Infinity:279:14:281:Infinity":61,"b:277:12:277:32:277:32:277:Infinity":62,"b:280:16:280:Infinity:281:16:281:Infinity":63,"s:283:6:286:Infinity":128,"s:290:2:290:Infinity":129}}}
,"/Users/alex/Desktop/RebelCoderz/engine/src/core/engine/index.ts": {"path":"/Users/alex/Desktop/RebelCoderz/engine/src/core/engine/index.ts","statementMap":{},"fnMap":{},"branchMap":{},"s":{},"f":{},"b":{},"meta":{"lastBranch":0,"lastFunction":0,"lastStatement":0,"seen":{}}}
,"/Users/alex/Desktop/RebelCoderz/engine/src/core/engine/item.ts": {"path":"/Users/alex/Desktop/RebelCoderz/engine/src/core/engine/item.ts","statementMap":{"0":{"start":{"line":23,"column":16},"end":{"line":23,"column":33}},"1":{"start":{"line":24,"column":15},"end":{"line":24,"column":null}},"2":{"start":{"line":25,"column":8},"end":{"line":25,"column":51}},"3":{"start":{"line":26,"column":19},"end":{"line":26,"column":39}},"4":{"start":{"line":28,"column":2},"end":{"line":271,"column":null}},"5":{"start":{"line":46,"column":12},"end":{"line":46,"column":71}},"6":{"start":{"line":47,"column":27},"end":{"line":47,"column":44}},"7":{"start":{"line":48,"column":12},"end":{"line":55,"column":null}},"8":{"start":{"line":57,"column":6},"end":{"line":57,"column":null}},"9":{"start":{"line":57,"column":19},"end":{"line":57,"column":null}},"10":{"start":{"line":58,"column":32},"end":{"line":64,"column":null}},"11":{"start":{"line":65,"column":6},"end":{"line":65,"column":null}},"12":{"start":{"line":66,"column":6},"end":{"line":66,"column":null}},"13":{"start":{"line":69,"column":12},"end":{"line":69,"column":71}},"14":{"start":{"line":70,"column":23},"end":{"line":70,"column":72}},"15":{"start":{"line":70,"column":52},"end":{"line":70,"column":72}},"16":{"start":{"line":71,"column":6},"end":{"line":71,"column":null}},"17":{"start":{"line":71,"column":53},"end":{"line":71,"column":null}},"18":{"start":{"line":72,"column":6},"end":{"line":72,"column":null}},"19":{"start":{"line":72,"column":50},"end":{"line":72,"column":73}},"20":{"start":{"line":73,"column":6},"end":{"line":73,"column":null}},"21":{"start":{"line":76,"column":12},"end":{"line":76,"column":71}},"22":{"start":{"line":77,"column":6},"end":{"line":77,"column":null}},"23":{"start":{"line":80,"column":12},"end":{"line":80,"column":71}},"24":{"start":{"line":81,"column":27},"end":{"line":81,"column":44}},"25":{"start":{"line":82,"column":12},"end":{"line":89,"column":null}},"26":{"start":{"line":91,"column":6},"end":{"line":91,"column":null}},"27":{"start":{"line":91,"column":19},"end":{"line":91,"column":null}},"28":{"start":{"line":92,"column":32},"end":{"line":98,"column":null}},"29":{"start":{"line":99,"column":6},"end":{"line":99,"column":null}},"30":{"start":{"line":100,"column":6},"end":{"line":100,"column":null}},"31":{"start":{"line":103,"column":12},"end":{"line":103,"column":71}},"32":{"start":{"line":104,"column":23},"end":{"line":104,"column":77}},"33":{"start":{"line":104,"column":57},"end":{"line":104,"column":77}},"34":{"start":{"line":105,"column":6},"end":{"line":105,"column":null}},"35":{"start":{"line":105,"column":58},"end":{"line":105,"column":null}},"36":{"start":{"line":106,"column":6},"end":{"line":106,"column":null}},"37":{"start":{"line":106,"column":55},"end":{"line":106,"column":78}},"38":{"start":{"line":107,"column":6},"end":{"line":107,"column":null}},"39":{"start":{"line":110,"column":12},"end":{"line":110,"column":71}},"40":{"start":{"line":111,"column":6},"end":{"line":111,"column":null}},"41":{"start":{"line":114,"column":12},"end":{"line":114,"column":71}},"42":{"start":{"line":115,"column":27},"end":{"line":115,"column":44}},"43":{"start":{"line":116,"column":12},"end":{"line":124,"column":null}},"44":{"start":{"line":126,"column":6},"end":{"line":126,"column":null}},"45":{"start":{"line":126,"column":19},"end":{"line":126,"column":null}},"46":{"start":{"line":127,"column":6},"end":{"line":127,"column":null}},"47":{"start":{"line":128,"column":6},"end":{"line":128,"column":null}},"48":{"start":{"line":131,"column":12},"end":{"line":131,"column":71}},"49":{"start":{"line":132,"column":23},"end":{"line":132,"column":74}},"50":{"start":{"line":132,"column":53},"end":{"line":132,"column":74}},"51":{"start":{"line":133,"column":6},"end":{"line":133,"column":null}},"52":{"start":{"line":133,"column":53},"end":{"line":133,"column":null}},"53":{"start":{"line":134,"column":6},"end":{"line":134,"column":null}},"54":{"start":{"line":134,"column":51},"end":{"line":134,"column":75}},"55":{"start":{"line":135,"column":6},"end":{"line":135,"column":null}},"56":{"start":{"line":138,"column":12},"end":{"line":138,"column":71}},"57":{"start":{"line":139,"column":6},"end":{"line":139,"column":null}},"58":{"start":{"line":142,"column":12},"end":{"line":142,"column":71}},"59":{"start":{"line":143,"column":27},"end":{"line":143,"column":44}},"60":{"start":{"line":144,"column":12},"end":{"line":152,"column":null}},"61":{"start":{"line":154,"column":6},"end":{"line":154,"column":null}},"62":{"start":{"line":154,"column":19},"end":{"line":154,"column":null}},"63":{"start":{"line":155,"column":6},"end":{"line":155,"column":null}},"64":{"start":{"line":156,"column":6},"end":{"line":156,"column":null}},"65":{"start":{"line":159,"column":12},"end":{"line":159,"column":71}},"66":{"start":{"line":160,"column":23},"end":{"line":160,"column":79}},"67":{"start":{"line":160,"column":58},"end":{"line":160,"column":79}},"68":{"start":{"line":161,"column":6},"end":{"line":161,"column":null}},"69":{"start":{"line":161,"column":58},"end":{"line":161,"column":null}},"70":{"start":{"line":162,"column":6},"end":{"line":164,"column":null}},"71":{"start":{"line":163,"column":35},"end":{"line":163,"column":59}},"72":{"start":{"line":165,"column":6},"end":{"line":165,"column":null}},"73":{"start":{"line":168,"column":12},"end":{"line":168,"column":71}},"74":{"start":{"line":169,"column":6},"end":{"line":169,"column":null}},"75":{"start":{"line":172,"column":12},"end":{"line":172,"column":71}},"76":{"start":{"line":173,"column":6},"end":{"line":173,"column":null}},"77":{"start":{"line":176,"column":12},"end":{"line":176,"column":71}},"78":{"start":{"line":177,"column":23},"end":{"line":177,"column":75}},"79":{"start":{"line":177,"column":52},"end":{"line":177,"column":75}},"80":{"start":{"line":178,"column":6},"end":{"line":178,"column":null}},"81":{"start":{"line":178,"column":53},"end":{"line":178,"column":null}},"82":{"start":{"line":179,"column":6},"end":{"line":179,"column":null}},"83":{"start":{"line":180,"column":6},"end":{"line":180,"column":null}},"84":{"start":{"line":183,"column":12},"end":{"line":183,"column":71}},"85":{"start":{"line":184,"column":6},"end":{"line":184,"column":null}},"86":{"start":{"line":187,"column":12},"end":{"line":187,"column":71}},"87":{"start":{"line":188,"column":6},"end":{"line":188,"column":null}},"88":{"start":{"line":191,"column":12},"end":{"line":191,"column":71}},"89":{"start":{"line":192,"column":23},"end":{"line":193,"column":null}},"90":{"start":{"line":193,"column":15},"end":{"line":193,"column":null}},"91":{"start":{"line":195,"column":6},"end":{"line":195,"column":null}},"92":{"start":{"line":195,"column":58},"end":{"line":195,"column":null}},"93":{"start":{"line":196,"column":6},"end":{"line":196,"column":null}},"94":{"start":{"line":197,"column":6},"end":{"line":197,"column":null}},"95":{"start":{"line":200,"column":12},"end":{"line":200,"column":71}},"96":{"start":{"line":201,"column":6},"end":{"line":201,"column":null}},"97":{"start":{"line":204,"column":12},"end":{"line":204,"column":71}},"98":{"start":{"line":205,"column":27},"end":{"line":205,"column":44}},"99":{"start":{"line":206,"column":12},"end":{"line":214,"column":null}},"100":{"start":{"line":216,"column":6},"end":{"line":216,"column":null}},"101":{"start":{"line":216,"column":19},"end":{"line":216,"column":null}},"102":{"start":{"line":217,"column":6},"end":{"line":217,"column":null}},"103":{"start":{"line":218,"column":6},"end":{"line":218,"column":null}},"104":{"start":{"line":221,"column":12},"end":{"line":221,"column":71}},"105":{"start":{"line":222,"column":23},"end":{"line":223,"column":null}},"106":{"start":{"line":223,"column":15},"end":{"line":223,"column":null}},"107":{"start":{"line":225,"column":6},"end":{"line":225,"column":null}},"108":{"start":{"line":225,"column":57},"end":{"line":225,"column":null}},"109":{"start":{"line":226,"column":6},"end":{"line":228,"column":null}},"110":{"start":{"line":227,"column":34},"end":{"line":227,"column":61}},"111":{"start":{"line":229,"column":6},"end":{"line":229,"column":null}},"112":{"start":{"line":232,"column":12},"end":{"line":232,"column":71}},"113":{"start":{"line":233,"column":6},"end":{"line":233,"column":null}},"114":{"start":{"line":236,"column":12},"end":{"line":236,"column":71}},"115":{"start":{"line":237,"column":27},"end":{"line":237,"column":44}},"116":{"start":{"line":238,"column":12},"end":{"line":246,"column":null}},"117":{"start":{"line":248,"column":6},"end":{"line":248,"column":null}},"118":{"start":{"line":248,"column":19},"end":{"line":248,"column":null}},"119":{"start":{"line":249,"column":6},"end":{"line":249,"column":null}},"120":{"start":{"line":250,"column":6},"end":{"line":250,"column":null}},"121":{"start":{"line":253,"column":12},"end":{"line":253,"column":71}},"122":{"start":{"line":254,"column":23},"end":{"line":255,"column":null}},"123":{"start":{"line":255,"column":15},"end":{"line":255,"column":null}},"124":{"start":{"line":257,"column":6},"end":{"line":257,"column":null}},"125":{"start":{"line":257,"column":62},"end":{"line":257,"column":null}},"126":{"start":{"line":258,"column":6},"end":{"line":260,"column":null}},"127":{"start":{"line":259,"column":34},"end":{"line":259,"column":61}},"128":{"start":{"line":261,"column":6},"end":{"line":261,"column":null}},"129":{"start":{"line":264,"column":12},"end":{"line":264,"column":71}},"130":{"start":{"line":265,"column":6},"end":{"line":265,"column":null}},"131":{"start":{"line":267,"column":40},"end":{"line":267,"column":76}},"132":{"start":{"line":268,"column":39},"end":{"line":268,"column":74}},"133":{"start":{"line":269,"column":22},"end":{"line":269,"column":36}},"134":{"start":{"line":270,"column":38},"end":{"line":270,"column":null}},"135":{"start":{"line":285,"column":2},"end":{"line":296,"column":null}},"136":{"start":{"line":309,"column":2},"end":{"line":320,"column":null}},"137":{"start":{"line":334,"column":30},"end":{"line":334,"column":null}},"138":{"start":{"line":335,"column":35},"end":{"line":345,"column":null}},"139":{"start":{"line":347,"column":2},"end":{"line":347,"column":null}}},"fnMap":{"0":{"name":"buildContext","decl":{"start":{"line":11,"column":9},"end":{"line":11,"column":null}},"loc":{"start":{"line":22,"column":21},"end":{"line":271,"column":null}},"line":22},"1":{"name":"(anonymous_1)","decl":{"start":{"line":45,"column":4},"end":{"line":45,"column":20}},"loc":{"start":{"line":45,"column":68},"end":{"line":66,"column":null}},"line":45},"2":{"name":"(anonymous_2)","decl":{"start":{"line":68,"column":4},"end":{"line":68,"column":23}},"loc":{"start":{"line":68,"column":34},"end":{"line":73,"column":null}},"line":68},"3":{"name":"(anonymous_3)","decl":{"start":{"line":70,"column":38},"end":{"line":70,"column":46}},"loc":{"start":{"line":70,"column":52},"end":{"line":70,"column":72}},"line":70},"4":{"name":"(anonymous_4)","decl":{"start":{"line":72,"column":33},"end":{"line":72,"column":38}},"loc":{"start":{"line":72,"column":50},"end":{"line":72,"column":73}},"line":72},"5":{"name":"(anonymous_5)","decl":{"start":{"line":75,"column":4},"end":{"line":75,"column":32}},"loc":{"start":{"line":75,"column":32},"end":{"line":77,"column":null}},"line":75},"6":{"name":"(anonymous_6)","decl":{"start":{"line":79,"column":4},"end":{"line":79,"column":19}},"loc":{"start":{"line":79,"column":67},"end":{"line":100,"column":null}},"line":79},"7":{"name":"(anonymous_7)","decl":{"start":{"line":102,"column":4},"end":{"line":102,"column":22}},"loc":{"start":{"line":102,"column":33},"end":{"line":107,"column":null}},"line":102},"8":{"name":"(anonymous_8)","decl":{"start":{"line":104,"column":43},"end":{"line":104,"column":51}},"loc":{"start":{"line":104,"column":57},"end":{"line":104,"column":77}},"line":104},"9":{"name":"(anonymous_9)","decl":{"start":{"line":106,"column":38},"end":{"line":106,"column":43}},"loc":{"start":{"line":106,"column":55},"end":{"line":106,"column":78}},"line":106},"10":{"name":"(anonymous_10)","decl":{"start":{"line":109,"column":4},"end":{"line":109,"column":31}},"loc":{"start":{"line":109,"column":31},"end":{"line":111,"column":null}},"line":109},"11":{"name":"(anonymous_11)","decl":{"start":{"line":113,"column":4},"end":{"line":113,"column":20}},"loc":{"start":{"line":113,"column":33},"end":{"line":128,"column":null}},"line":113},"12":{"name":"(anonymous_12)","decl":{"start":{"line":130,"column":4},"end":{"line":130,"column":23}},"loc":{"start":{"line":130,"column":34},"end":{"line":135,"column":null}},"line":130},"13":{"name":"(anonymous_13)","decl":{"start":{"line":132,"column":38},"end":{"line":132,"column":46}},"loc":{"start":{"line":132,"column":53},"end":{"line":132,"column":74}},"line":132},"14":{"name":"(anonymous_14)","decl":{"start":{"line":134,"column":33},"end":{"line":134,"column":38}},"loc":{"start":{"line":134,"column":51},"end":{"line":134,"column":75}},"line":134},"15":{"name":"(anonymous_15)","decl":{"start":{"line":137,"column":4},"end":{"line":137,"column":32}},"loc":{"start":{"line":137,"column":32},"end":{"line":139,"column":null}},"line":137},"16":{"name":"(anonymous_16)","decl":{"start":{"line":141,"column":4},"end":{"line":141,"column":19}},"loc":{"start":{"line":141,"column":32},"end":{"line":156,"column":null}},"line":141},"17":{"name":"(anonymous_17)","decl":{"start":{"line":158,"column":4},"end":{"line":158,"column":22}},"loc":{"start":{"line":158,"column":33},"end":{"line":165,"column":null}},"line":158},"18":{"name":"(anonymous_18)","decl":{"start":{"line":160,"column":43},"end":{"line":160,"column":51}},"loc":{"start":{"line":160,"column":58},"end":{"line":160,"column":79}},"line":160},"19":{"name":"(anonymous_19)","decl":{"start":{"line":163,"column":17},"end":{"line":163,"column":22}},"loc":{"start":{"line":163,"column":35},"end":{"line":163,"column":59}},"line":163},"20":{"name":"(anonymous_20)","decl":{"start":{"line":167,"column":4},"end":{"line":167,"column":31}},"loc":{"start":{"line":167,"column":31},"end":{"line":169,"column":null}},"line":167},"21":{"name":"(anonymous_21)","decl":{"start":{"line":171,"column":4},"end":{"line":171,"column":20}},"loc":{"start":{"line":171,"column":29},"end":{"line":173,"column":null}},"line":171},"22":{"name":"(anonymous_22)","decl":{"start":{"line":175,"column":4},"end":{"line":175,"column":23}},"loc":{"start":{"line":175,"column":32},"end":{"line":180,"column":null}},"line":175},"23":{"name":"(anonymous_23)","decl":{"start":{"line":177,"column":38},"end":{"line":177,"column":46}},"loc":{"start":{"line":177,"column":52},"end":{"line":177,"column":75}},"line":177},"24":{"name":"(anonymous_24)","decl":{"start":{"line":182,"column":4},"end":{"line":182,"column":32}},"loc":{"start":{"line":182,"column":32},"end":{"line":184,"column":null}},"line":182},"25":{"name":"(anonymous_25)","decl":{"start":{"line":186,"column":4},"end":{"line":186,"column":19}},"loc":{"start":{"line":186,"column":28},"end":{"line":188,"column":null}},"line":186},"26":{"name":"(anonymous_26)","decl":{"start":{"line":190,"column":4},"end":{"line":190,"column":22}},"loc":{"start":{"line":190,"column":31},"end":{"line":197,"column":null}},"line":190},"27":{"name":"(anonymous_27)","decl":{"start":{"line":192,"column":43},"end":{"line":192,"column":null}},"loc":{"start":{"line":193,"column":15},"end":{"line":193,"column":null}},"line":193},"28":{"name":"(anonymous_28)","decl":{"start":{"line":199,"column":4},"end":{"line":199,"column":31}},"loc":{"start":{"line":199,"column":31},"end":{"line":201,"column":null}},"line":199},"29":{"name":"(anonymous_29)","decl":{"start":{"line":203,"column":4},"end":{"line":203,"column":24}},"loc":{"start":{"line":203,"column":37},"end":{"line":218,"column":null}},"line":203},"30":{"name":"(anonymous_30)","decl":{"start":{"line":220,"column":4},"end":{"line":220,"column":27}},"loc":{"start":{"line":220,"column":42},"end":{"line":229,"column":null}},"line":220},"31":{"name":"(anonymous_31)","decl":{"start":{"line":222,"column":42},"end":{"line":222,"column":null}},"loc":{"start":{"line":223,"column":15},"end":{"line":223,"column":null}},"line":223},"32":{"name":"(anonymous_32)","decl":{"start":{"line":227,"column":17},"end":{"line":227,"column":22}},"loc":{"start":{"line":227,"column":34},"end":{"line":227,"column":61}},"line":227},"33":{"name":"(anonymous_33)","decl":{"start":{"line":231,"column":4},"end":{"line":231,"column":36}},"loc":{"start":{"line":231,"column":36},"end":{"line":233,"column":null}},"line":231},"34":{"name":"(anonymous_34)","decl":{"start":{"line":235,"column":4},"end":{"line":235,"column":23}},"loc":{"start":{"line":235,"column":36},"end":{"line":250,"column":null}},"line":235},"35":{"name":"(anonymous_35)","decl":{"start":{"line":252,"column":4},"end":{"line":252,"column":26}},"loc":{"start":{"line":252,"column":41},"end":{"line":261,"column":null}},"line":252},"36":{"name":"(anonymous_36)","decl":{"start":{"line":254,"column":47},"end":{"line":254,"column":null}},"loc":{"start":{"line":255,"column":15},"end":{"line":255,"column":null}},"line":255},"37":{"name":"(anonymous_37)","decl":{"start":{"line":259,"column":17},"end":{"line":259,"column":22}},"loc":{"start":{"line":259,"column":34},"end":{"line":259,"column":61}},"line":259},"38":{"name":"(anonymous_38)","decl":{"start":{"line":263,"column":4},"end":{"line":263,"column":35}},"loc":{"start":{"line":263,"column":35},"end":{"line":265,"column":null}},"line":263},"39":{"name":"(anonymous_39)","decl":{"start":{"line":267,"column":4},"end":{"line":267,"column":29}},"loc":{"start":{"line":267,"column":40},"end":{"line":267,"column":76}},"line":267},"40":{"name":"(anonymous_40)","decl":{"start":{"line":268,"column":4},"end":{"line":268,"column":28}},"loc":{"start":{"line":268,"column":39},"end":{"line":268,"column":74}},"line":268},"41":{"name":"(anonymous_41)","decl":{"start":{"line":269,"column":4},"end":{"line":269,"column":22}},"loc":{"start":{"line":269,"column":22},"end":{"line":269,"column":36}},"line":269},"42":{"name":"(anonymous_42)","decl":{"start":{"line":270,"column":4},"end":{"line":270,"column":17}},"loc":{"start":{"line":270,"column":38},"end":{"line":270,"column":null}},"line":270},"43":{"name":"buildCollectContext","decl":{"start":{"line":274,"column":16},"end":{"line":274,"column":null}},"loc":{"start":{"line":284,"column":21},"end":{"line":296,"column":null}},"line":284},"44":{"name":"buildUseContext","decl":{"start":{"line":299,"column":16},"end":{"line":299,"column":null}},"loc":{"start":{"line":308,"column":21},"end":{"line":320,"column":null}},"line":308},"45":{"name":"buildDestroyContext","decl":{"start":{"line":323,"column":16},"end":{"line":323,"column":null}},"loc":{"start":{"line":333,"column":21},"end":{"line":347,"column":null}},"line":333}},"branchMap":{"0":{"loc":{"start":{"line":24,"column":15},"end":{"line":24,"column":null}},"type":"binary-expr","locations":[{"start":{"line":24,"column":15},"end":{"line":24,"column":34}},{"start":{"line":24,"column":34},"end":{"line":24,"column":null}}],"line":24},"1":{"loc":{"start":{"line":45,"column":20},"end":{"line":45,"column":31}},"type":"default-arg","locations":[{"start":{"line":45,"column":28},"end":{"line":45,"column":31}}],"line":45},"2":{"loc":{"start":{"line":45,"column":31},"end":{"line":45,"column":43}},"type":"default-arg","locations":[{"start":{"line":45,"column":40},"end":{"line":45,"column":43}}],"line":45},"3":{"loc":{"start":{"line":57,"column":6},"end":{"line":57,"column":null}},"type":"if","locations":[{"start":{"line":57,"column":6},"end":{"line":57,"column":null}},{"start":{},"end":{}}],"line":57},"4":{"loc":{"start":{"line":71,"column":6},"end":{"line":71,"column":null}},"type":"if","locations":[{"start":{"line":71,"column":6},"end":{"line":71,"column":null}},{"start":{},"end":{}}],"line":71},"5":{"loc":{"start":{"line":79,"column":19},"end":{"line":79,"column":30}},"type":"default-arg","locations":[{"start":{"line":79,"column":27},"end":{"line":79,"column":30}}],"line":79},"6":{"loc":{"start":{"line":79,"column":30},"end":{"line":79,"column":42}},"type":"default-arg","locations":[{"start":{"line":79,"column":39},"end":{"line":79,"column":42}}],"line":79},"7":{"loc":{"start":{"line":91,"column":6},"end":{"line":91,"column":null}},"type":"if","locations":[{"start":{"line":91,"column":6},"end":{"line":91,"column":null}},{"start":{},"end":{}}],"line":91},"8":{"loc":{"start":{"line":105,"column":6},"end":{"line":105,"column":null}},"type":"if","locations":[{"start":{"line":105,"column":6},"end":{"line":105,"column":null}},{"start":{},"end":{}}],"line":105},"9":{"loc":{"start":{"line":126,"column":6},"end":{"line":126,"column":null}},"type":"if","locations":[{"start":{"line":126,"column":6},"end":{"line":126,"column":null}},{"start":{},"end":{}}],"line":126},"10":{"loc":{"start":{"line":133,"column":6},"end":{"line":133,"column":null}},"type":"if","locations":[{"start":{"line":133,"column":6},"end":{"line":133,"column":null}},{"start":{},"end":{}}],"line":133},"11":{"loc":{"start":{"line":154,"column":6},"end":{"line":154,"column":null}},"type":"if","locations":[{"start":{"line":154,"column":6},"end":{"line":154,"column":null}},{"start":{},"end":{}}],"line":154},"12":{"loc":{"start":{"line":161,"column":6},"end":{"line":161,"column":null}},"type":"if","locations":[{"start":{"line":161,"column":6},"end":{"line":161,"column":null}},{"start":{},"end":{}}],"line":161},"13":{"loc":{"start":{"line":177,"column":52},"end":{"line":177,"column":75}},"type":"binary-expr","locations":[{"start":{"line":177,"column":52},"end":{"line":177,"column":65}},{"start":{"line":177,"column":65},"end":{"line":177,"column":75}}],"line":177},"14":{"loc":{"start":{"line":178,"column":6},"end":{"line":178,"column":null}},"type":"if","locations":[{"start":{"line":178,"column":6},"end":{"line":178,"column":null}},{"start":{},"end":{}}],"line":178},"15":{"loc":{"start":{"line":193,"column":15},"end":{"line":193,"column":null}},"type":"binary-expr","locations":[{"start":{"line":193,"column":15},"end":{"line":193,"column":28}},{"start":{"line":193,"column":28},"end":{"line":193,"column":null}}],"line":193},"16":{"loc":{"start":{"line":195,"column":6},"end":{"line":195,"column":null}},"type":"if","locations":[{"start":{"line":195,"column":6},"end":{"line":195,"column":null}},{"start":{},"end":{}}],"line":195},"17":{"loc":{"start":{"line":216,"column":6},"end":{"line":216,"column":null}},"type":"if","locations":[{"start":{"line":216,"column":6},"end":{"line":216,"column":null}},{"start":{},"end":{}}],"line":216},"18":{"loc":{"start":{"line":225,"column":6},"end":{"line":225,"column":null}},"type":"if","locations":[{"start":{"line":225,"column":6},"end":{"line":225,"column":null}},{"start":{},"end":{}}],"line":225},"19":{"loc":{"start":{"line":248,"column":6},"end":{"line":248,"column":null}},"type":"if","locations":[{"start":{"line":248,"column":6},"end":{"line":248,"column":null}},{"start":{},"end":{}}],"line":248},"20":{"loc":{"start":{"line":257,"column":6},"end":{"line":257,"column":null}},"type":"if","locations":[{"start":{"line":257,"column":6},"end":{"line":257,"column":null}},{"start":{},"end":{}}],"line":257}},"s":{"0":79,"1":79,"2":79,"3":79,"4":79,"5":3,"6":3,"7":3,"8":3,"9":1,"10":2,"11":2,"12":2,"13":4,"14":4,"15":6,"16":4,"17":2,"18":2,"19":2,"20":2,"21":1,"22":1,"23":3,"24":3,"25":3,"26":3,"27":1,"28":2,"29":2,"30":2,"31":2,"32":2,"33":3,"34":2,"35":1,"36":1,"37":1,"38":1,"39":1,"40":1,"41":4,"42":4,"43":4,"44":4,"45":1,"46":3,"47":3,"48":3,"49":3,"50":5,"51":3,"52":2,"53":1,"54":2,"55":1,"56":2,"57":2,"58":4,"59":4,"60":4,"61":4,"62":1,"63":3,"64":3,"65":3,"66":3,"67":5,"68":3,"69":2,"70":1,"71":2,"72":1,"73":2,"74":2,"75":1,"76":1,"77":2,"78":2,"79":1,"80":2,"81":1,"82":1,"83":1,"84":1,"85":1,"86":1,"87":1,"88":2,"89":2,"90":1,"91":2,"92":1,"93":1,"94":1,"95":1,"96":1,"97":5,"98":5,"99":5,"100":5,"101":1,"102":4,"103":4,"104":4,"105":4,"106":4,"107":4,"108":2,"109":2,"110":1,"111":2,"112":2,"113":2,"114":5,"115":5,"116":5,"117":5,"118":1,"119":4,"120":4,"121":4,"122":4,"123":4,"124":4,"125":2,"126":2,"127":1,"128":2,"129":2,"130":2,"131":9,"132":10,"133":13,"134":5,"135":59,"136":12,"137":8,"138":8,"139":8},"f":{"0":79,"1":3,"2":4,"3":6,"4":2,"5":1,"6":3,"7":2,"8":3,"9":1,"10":1,"11":4,"12":3,"13":5,"14":2,"15":2,"16":4,"17":3,"18":5,"19":2,"20":2,"21":1,"22":2,"23":1,"24":1,"25":1,"26":2,"27":1,"28":1,"29":5,"30":4,"31":4,"32":1,"33":2,"34":5,"35":4,"36":4,"37":1,"38":2,"39":9,"40":10,"41":13,"42":5,"43":59,"44":12,"45":8},"b":{"0":[79,20],"1":[3],"2":[3],"3":[1,2],"4":[2,2],"5":[3],"6":[3],"7":[1,2],"8":[1,1],"9":[1,3],"10":[2,1],"11":[1,3],"12":[2,1],"13":[1,1],"14":[1,1],"15":[1,1],"16":[1,1],"17":[1,4],"18":[2,2],"19":[1,4],"20":[2,2]},"meta":{"lastBranch":21,"lastFunction":46,"lastStatement":140,"seen":{"f:11:9:11:Infinity":0,"s:23:16:23:33":0,"s:24:15:24:Infinity":1,"b:24:15:24:34:24:34:24:Infinity":0,"s:25:8:25:51":2,"s:26:19:26:39":3,"s:28:2:271:Infinity":4,"f:45:4:45:20":1,"b:45:28:45:31":1,"b:45:40:45:43":2,"s:46:12:46:71":5,"s:47:27:47:44":6,"s:48:12:55:Infinity":7,"b:57:6:57:Infinity:undefined:undefined:undefined:undefined":3,"s:57:6:57:Infinity":8,"s:57:19:57:Infinity":9,"s:58:32:64:Infinity":10,"s:65:6:65:Infinity":11,"s:66:6:66:Infinity":12,"f:68:4:68:23":2,"s:69:12:69:71":13,"s:70:23:70:72":14,"f:70:38:70:46":3,"s:70:52:70:72":15,"b:71:6:71:Infinity:undefined:undefined:undefined:undefined":4,"s:71:6:71:Infinity":16,"s:71:53:71:Infinity":17,"s:72:6:72:Infinity":18,"f:72:33:72:38":4,"s:72:50:72:73":19,"s:73:6:73:Infinity":20,"f:75:4:75:32":5,"s:76:12:76:71":21,"s:77:6:77:Infinity":22,"f:79:4:79:19":6,"b:79:27:79:30":5,"b:79:39:79:42":6,"s:80:12:80:71":23,"s:81:27:81:44":24,"s:82:12:89:Infinity":25,"b:91:6:91:Infinity:undefined:undefined:undefined:undefined":7,"s:91:6:91:Infinity":26,"s:91:19:91:Infinity":27,"s:92:32:98:Infinity":28,"s:99:6:99:Infinity":29,"s:100:6:100:Infinity":30,"f:102:4:102:22":7,"s:103:12:103:71":31,"s:104:23:104:77":32,"f:104:43:104:51":8,"s:104:57:104:77":33,"b:105:6:105:Infinity:undefined:undefined:undefined:undefined":8,"s:105:6:105:Infinity":34,"s:105:58:105:Infinity":35,"s:106:6:106:Infinity":36,"f:106:38:106:43":9,"s:106:55:106:78":37,"s:107:6:107:Infinity":38,"f:109:4:109:31":10,"s:110:12:110:71":39,"s:111:6:111:Infinity":40,"f:113:4:113:20":11,"s:114:12:114:71":41,"s:115:27:115:44":42,"s:116:12:124:Infinity":43,"b:126:6:126:Infinity:undefined:undefined:undefined:undefined":9,"s:126:6:126:Infinity":44,"s:126:19:126:Infinity":45,"s:127:6:127:Infinity":46,"s:128:6:128:Infinity":47,"f:130:4:130:23":12,"s:131:12:131:71":48,"s:132:23:132:74":49,"f:132:38:132:46":13,"s:132:53:132:74":50,"b:133:6:133:Infinity:undefined:undefined:undefined:undefined":10,"s:133:6:133:Infinity":51,"s:133:53:133:Infinity":52,"s:134:6:134:Infinity":53,"f:134:33:134:38":14,"s:134:51:134:75":54,"s:135:6:135:Infinity":55,"f:137:4:137:32":15,"s:138:12:138:71":56,"s:139:6:139:Infinity":57,"f:141:4:141:19":16,"s:142:12:142:71":58,"s:143:27:143:44":59,"s:144:12:152:Infinity":60,"b:154:6:154:Infinity:undefined:undefined:undefined:undefined":11,"s:154:6:154:Infinity":61,"s:154:19:154:Infinity":62,"s:155:6:155:Infinity":63,"s:156:6:156:Infinity":64,"f:158:4:158:22":17,"s:159:12:159:71":65,"s:160:23:160:79":66,"f:160:43:160:51":18,"s:160:58:160:79":67,"b:161:6:161:Infinity:undefined:undefined:undefined:undefined":12,"s:161:6:161:Infinity":68,"s:161:58:161:Infinity":69,"s:162:6:164:Infinity":70,"f:163:17:163:22":19,"s:163:35:163:59":71,"s:165:6:165:Infinity":72,"f:167:4:167:31":20,"s:168:12:168:71":73,"s:169:6:169:Infinity":74,"f:171:4:171:20":21,"s:172:12:172:71":75,"s:173:6:173:Infinity":76,"f:175:4:175:23":22,"s:176:12:176:71":77,"s:177:23:177:75":78,"f:177:38:177:46":23,"s:177:52:177:75":79,"b:177:52:177:65:177:65:177:75":13,"b:178:6:178:Infinity:undefined:undefined:undefined:undefined":14,"s:178:6:178:Infinity":80,"s:178:53:178:Infinity":81,"s:179:6:179:Infinity":82,"s:180:6:180:Infinity":83,"f:182:4:182:32":24,"s:183:12:183:71":84,"s:184:6:184:Infinity":85,"f:186:4:186:19":25,"s:187:12:187:71":86,"s:188:6:188:Infinity":87,"f:190:4:190:22":26,"s:191:12:191:71":88,"s:192:23:193:Infinity":89,"f:192:43:192:Infinity":27,"s:193:15:193:Infinity":90,"b:193:15:193:28:193:28:193:Infinity":15,"b:195:6:195:Infinity:undefined:undefined:undefined:undefined":16,"s:195:6:195:Infinity":91,"s:195:58:195:Infinity":92,"s:196:6:196:Infinity":93,"s:197:6:197:Infinity":94,"f:199:4:199:31":28,"s:200:12:200:71":95,"s:201:6:201:Infinity":96,"f:203:4:203:24":29,"s:204:12:204:71":97,"s:205:27:205:44":98,"s:206:12:214:Infinity":99,"b:216:6:216:Infinity:undefined:undefined:undefined:undefined":17,"s:216:6:216:Infinity":100,"s:216:19:216:Infinity":101,"s:217:6:217:Infinity":102,"s:218:6:218:Infinity":103,"f:220:4:220:27":30,"s:221:12:221:71":104,"s:222:23:223:Infinity":105,"f:222:42:222:Infinity":31,"s:223:15:223:Infinity":106,"b:225:6:225:Infinity:undefined:undefined:undefined:undefined":18,"s:225:6:225:Infinity":107,"s:225:57:225:Infinity":108,"s:226:6:228:Infinity":109,"f:227:17:227:22":32,"s:227:34:227:61":110,"s:229:6:229:Infinity":111,"f:231:4:231:36":33,"s:232:12:232:71":112,"s:233:6:233:Infinity":113,"f:235:4:235:23":34,"s:236:12:236:71":114,"s:237:27:237:44":115,"s:238:12:246:Infinity":116,"b:248:6:248:Infinity:undefined:undefined:undefined:undefined":19,"s:248:6:248:Infinity":117,"s:248:19:248:Infinity":118,"s:249:6:249:Infinity":119,"s:250:6:250:Infinity":120,"f:252:4:252:26":35,"s:253:12:253:71":121,"s:254:23:255:Infinity":122,"f:254:47:254:Infinity":36,"s:255:15:255:Infinity":123,"b:257:6:257:Infinity:undefined:undefined:undefined:undefined":20,"s:257:6:257:Infinity":124,"s:257:62:257:Infinity":125,"s:258:6:260:Infinity":126,"f:259:17:259:22":37,"s:259:34:259:61":127,"s:261:6:261:Infinity":128,"f:263:4:263:35":38,"s:264:12:264:71":129,"s:265:6:265:Infinity":130,"f:267:4:267:29":39,"s:267:40:267:76":131,"f:268:4:268:28":40,"s:268:39:268:74":132,"f:269:4:269:22":41,"s:269:22:269:36":133,"f:270:4:270:17":42,"s:270:38:270:Infinity":134,"f:274:16:274:Infinity":43,"s:285:2:296:Infinity":135,"f:299:16:299:Infinity":44,"s:309:2:320:Infinity":136,"f:323:16:323:Infinity":45,"s:334:30:334:Infinity":137,"s:335:35:345:Infinity":138,"s:347:2:347:Infinity":139}}}
,"/Users/alex/Desktop/RebelCoderz/engine/src/core/engine/logic.ts": {"path":"/Users/alex/Desktop/RebelCoderz/engine/src/core/engine/logic.ts","statementMap":{"0":{"start":{"line":29,"column":6},"end":{"line":29,"column":null}},"1":{"start":{"line":29,"column":54},"end":{"line":29,"column":null}},"2":{"start":{"line":32,"column":2},"end":{"line":46,"column":null}},"3":{"start":{"line":58,"column":29},"end":{"line":58,"column":null}},"4":{"start":{"line":62,"column":4},"end":{"line":62,"column":null}},"5":{"start":{"line":63,"column":4},"end":{"line":63,"column":null}},"6":{"start":{"line":64,"column":4},"end":{"line":64,"column":null}},"7":{"start":{"line":65,"column":4},"end":{"line":65,"column":null}},"8":{"start":{"line":66,"column":4},"end":{"line":66,"column":null}},"9":{"start":{"line":67,"column":4},"end":{"line":67,"column":null}},"10":{"start":{"line":68,"column":4},"end":{"line":68,"column":null}},"11":{"start":{"line":69,"column":4},"end":{"line":69,"column":null}},"12":{"start":{"line":70,"column":4},"end":{"line":70,"column":null}},"13":{"start":{"line":74,"column":4},"end":{"line":74,"column":null}},"14":{"start":{"line":78,"column":4},"end":{"line":78,"column":null}},"15":{"start":{"line":82,"column":4},"end":{"line":82,"column":null}},"16":{"start":{"line":83,"column":4},"end":{"line":83,"column":null}},"17":{"start":{"line":84,"column":4},"end":{"line":84,"column":null}},"18":{"start":{"line":85,"column":4},"end":{"line":85,"column":null}},"19":{"start":{"line":86,"column":4},"end":{"line":86,"column":null}},"20":{"start":{"line":87,"column":4},"end":{"line":87,"column":null}},"21":{"start":{"line":88,"column":4},"end":{"line":88,"column":null}},"22":{"start":{"line":89,"column":4},"end":{"line":89,"column":null}},"23":{"start":{"line":90,"column":4},"end":{"line":90,"column":null}},"24":{"start":{"line":91,"column":4},"end":{"line":91,"column":null}},"25":{"start":{"line":92,"column":4},"end":{"line":92,"column":null}},"26":{"start":{"line":93,"column":4},"end":{"line":93,"column":null}},"27":{"start":{"line":94,"column":4},"end":{"line":94,"column":null}},"28":{"start":{"line":98,"column":4},"end":{"line":98,"column":null}},"29":{"start":{"line":99,"column":4},"end":{"line":99,"column":null}},"30":{"start":{"line":100,"column":4},"end":{"line":100,"column":null}},"31":{"start":{"line":101,"column":4},"end":{"line":101,"column":null}},"32":{"start":{"line":102,"column":4},"end":{"line":102,"column":null}},"33":{"start":{"line":115,"column":4},"end":{"line":115,"column":null}},"34":{"start":{"line":117,"column":4},"end":{"line":117,"column":null}},"35":{"start":{"line":118,"column":4},"end":{"line":118,"column":null}},"36":{"start":{"line":119,"column":4},"end":{"line":119,"column":null}},"37":{"start":{"line":120,"column":4},"end":{"line":120,"column":null}},"38":{"start":{"line":121,"column":4},"end":{"line":121,"column":null}},"39":{"start":{"line":122,"column":4},"end":{"line":122,"column":null}},"40":{"start":{"line":123,"column":4},"end":{"line":126,"column":null}},"41":{"start":{"line":127,"column":4},"end":{"line":128,"column":null}},"42":{"start":{"line":130,"column":4},"end":{"line":134,"column":null}},"43":{"start":{"line":135,"column":4},"end":{"line":139,"column":null}},"44":{"start":{"line":141,"column":4},"end":{"line":141,"column":null}},"45":{"start":{"line":142,"column":4},"end":{"line":142,"column":null}},"46":{"start":{"line":144,"column":4},"end":{"line":147,"column":null}},"47":{"start":{"line":148,"column":4},"end":{"line":151,"column":null}},"48":{"start":{"line":153,"column":4},"end":{"line":153,"column":null}},"49":{"start":{"line":154,"column":4},"end":{"line":154,"column":null}},"50":{"start":{"line":158,"column":4},"end":{"line":158,"column":null}},"51":{"start":{"line":159,"column":4},"end":{"line":159,"column":null}},"52":{"start":{"line":160,"column":4},"end":{"line":160,"column":null}},"53":{"start":{"line":164,"column":4},"end":{"line":164,"column":null}},"54":{"start":{"line":165,"column":4},"end":{"line":165,"column":null}},"55":{"start":{"line":166,"column":4},"end":{"line":166,"column":null}},"56":{"start":{"line":175,"column":19},"end":{"line":175,"column":53}},"57":{"start":{"line":177,"column":27},"end":{"line":179,"column":null}},"58":{"start":{"line":181,"column":25},"end":{"line":183,"column":null}},"59":{"start":{"line":185,"column":23},"end":{"line":202,"column":null}},"60":{"start":{"line":204,"column":16},"end":{"line":204,"column":28}},"61":{"start":{"line":205,"column":26},"end":{"line":205,"column":58}},"62":{"start":{"line":206,"column":4},"end":{"line":206,"column":null}},"63":{"start":{"line":208,"column":4},"end":{"line":214,"column":null}},"64":{"start":{"line":212,"column":6},"end":{"line":214,"column":null}},"65":{"start":{"line":213,"column":8},"end":{"line":214,"column":null}},"66":{"start":{"line":214,"column":10},"end":{"line":214,"column":null}},"67":{"start":{"line":219,"column":4},"end":{"line":222,"column":null}},"68":{"start":{"line":220,"column":28},"end":{"line":220,"column":60}},"69":{"start":{"line":221,"column":12},"end":{"line":221,"column":null}},"70":{"start":{"line":222,"column":6},"end":{"line":222,"column":null}},"71":{"start":{"line":225,"column":4},"end":{"line":225,"column":null}},"72":{"start":{"line":228,"column":6},"end":{"line":230,"column":null}},"73":{"start":{"line":232,"column":4},"end":{"line":232,"column":null}},"74":{"start":{"line":234,"column":4},"end":{"line":246,"column":null}},"75":{"start":{"line":255,"column":6},"end":{"line":255,"column":null}},"76":{"start":{"line":256,"column":23},"end":{"line":256,"column":58}},"77":{"start":{"line":257,"column":4},"end":{"line":257,"column":null}},"78":{"start":{"line":266,"column":4},"end":{"line":273,"column":null}},"79":{"start":{"line":267,"column":6},"end":{"line":273,"column":null}},"80":{"start":{"line":276,"column":30},"end":{"line":276,"column":null}},"81":{"start":{"line":277,"column":4},"end":{"line":284,"column":null}},"82":{"start":{"line":278,"column":6},"end":{"line":284,"column":null}},"83":{"start":{"line":286,"column":20},"end":{"line":286,"column":null}},"84":{"start":{"line":287,"column":30},"end":{"line":287,"column":null}},"85":{"start":{"line":289,"column":37},"end":{"line":289,"column":39}},"86":{"start":{"line":291,"column":4},"end":{"line":343,"column":null}},"87":{"start":{"line":292,"column":22},"end":{"line":292,"column":null}},"88":{"start":{"line":293,"column":22},"end":{"line":293,"column":null}},"89":{"start":{"line":295,"column":6},"end":{"line":302,"column":null}},"90":{"start":{"line":296,"column":8},"end":{"line":301,"column":null}},"91":{"start":{"line":302,"column":8},"end":{"line":302,"column":null}},"92":{"start":{"line":305,"column":6},"end":{"line":319,"column":null}},"93":{"start":{"line":306,"column":29},"end":{"line":309,"column":null}},"94":{"start":{"line":312,"column":8},"end":{"line":318,"column":null}},"95":{"start":{"line":319,"column":8},"end":{"line":319,"column":null}},"96":{"start":{"line":322,"column":25},"end":{"line":326,"column":8}},"97":{"start":{"line":328,"column":6},"end":{"line":343,"column":null}},"98":{"start":{"line":346,"column":4},"end":{"line":351,"column":null}},"99":{"start":{"line":359,"column":26},"end":{"line":359,"column":null}},"100":{"start":{"line":360,"column":16},"end":{"line":360,"column":28}},"101":{"start":{"line":361,"column":19},"end":{"line":361,"column":41}},"102":{"start":{"line":363,"column":4},"end":{"line":364,"column":null}},"103":{"start":{"line":364,"column":6},"end":{"line":364,"column":null}},"104":{"start":{"line":367,"column":4},"end":{"line":367,"column":null}},"105":{"start":{"line":371,"column":4},"end":{"line":371,"column":null}},"106":{"start":{"line":375,"column":17},"end":{"line":375,"column":49}},"107":{"start":{"line":376,"column":4},"end":{"line":376,"column":null}},"108":{"start":{"line":376,"column":37},"end":{"line":376,"column":null}},"109":{"start":{"line":378,"column":17},"end":{"line":378,"column":null}},"110":{"start":{"line":379,"column":17},"end":{"line":379,"column":43}},"111":{"start":{"line":381,"column":4},"end":{"line":381,"column":null}},"112":{"start":{"line":385,"column":17},"end":{"line":385,"column":null}},"113":{"start":{"line":387,"column":4},"end":{"line":388,"column":null}},"114":{"start":{"line":388,"column":6},"end":{"line":388,"column":null}},"115":{"start":{"line":391,"column":4},"end":{"line":393,"column":null}},"116":{"start":{"line":392,"column":6},"end":{"line":392,"column":50}},"117":{"start":{"line":397,"column":4},"end":{"line":397,"column":null}},"118":{"start":{"line":398,"column":4},"end":{"line":398,"column":null}},"119":{"start":{"line":399,"column":4},"end":{"line":399,"column":null}},"120":{"start":{"line":407,"column":4},"end":{"line":420,"column":null}},"121":{"start":{"line":408,"column":12},"end":{"line":408,"column":46}},"122":{"start":{"line":409,"column":23},"end":{"line":409,"column":null}},"123":{"start":{"line":411,"column":6},"end":{"line":417,"column":null}},"124":{"start":{"line":412,"column":20},"end":{"line":412,"column":32}},"125":{"start":{"line":413,"column":8},"end":{"line":415,"column":null}},"126":{"start":{"line":414,"column":10},"end":{"line":414,"column":null}},"127":{"start":{"line":415,"column":10},"end":{"line":415,"column":null}},"128":{"start":{"line":419,"column":6},"end":{"line":419,"column":null}},"129":{"start":{"line":427,"column":4},"end":{"line":432,"column":null}},"130":{"start":{"line":428,"column":12},"end":{"line":428,"column":58}},"131":{"start":{"line":429,"column":6},"end":{"line":431,"column":null}},"132":{"start":{"line":430,"column":8},"end":{"line":430,"column":null}},"133":{"start":{"line":439,"column":4},"end":{"line":444,"column":null}},"134":{"start":{"line":440,"column":26},"end":{"line":440,"column":null}},"135":{"start":{"line":441,"column":6},"end":{"line":442,"column":null}},"136":{"start":{"line":441,"column":19},"end":{"line":441,"column":22}},"137":{"start":{"line":442,"column":8},"end":{"line":442,"column":null}},"138":{"start":{"line":456,"column":26},"end":{"line":456,"column":58}},"139":{"start":{"line":457,"column":26},"end":{"line":457,"column":58}},"140":{"start":{"line":458,"column":26},"end":{"line":458,"column":null}},"141":{"start":{"line":459,"column":18},"end":{"line":459,"column":null}},"142":{"start":{"line":460,"column":21},"end":{"line":460,"column":null}},"143":{"start":{"line":461,"column":25},"end":{"line":461,"column":null}},"144":{"start":{"line":463,"column":16},"end":{"line":463,"column":28}},"145":{"start":{"line":464,"column":19},"end":{"line":464,"column":41}},"146":{"start":{"line":466,"column":4},"end":{"line":466,"column":null}},"147":{"start":{"line":466,"column":30},"end":{"line":466,"column":null}},"148":{"start":{"line":468,"column":4},"end":{"line":468,"column":null}},"149":{"start":{"line":468,"column":34},"end":{"line":468,"column":null}},"150":{"start":{"line":470,"column":10},"end":{"line":470,"column":null}},"151":{"start":{"line":471,"column":4},"end":{"line":471,"column":null}},"152":{"start":{"line":473,"column":17},"end":{"line":473,"column":null}},"153":{"start":{"line":474,"column":31},"end":{"line":474,"column":null}},"154":{"start":{"line":476,"column":4},"end":{"line":477,"column":null}},"155":{"start":{"line":477,"column":6},"end":{"line":477,"column":null}},"156":{"start":{"line":480,"column":4},"end":{"line":480,"column":null}},"157":{"start":{"line":484,"column":4},"end":{"line":484,"column":null}},"158":{"start":{"line":485,"column":4},"end":{"line":485,"column":null}},"159":{"start":{"line":486,"column":4},"end":{"line":486,"column":null}},"160":{"start":{"line":487,"column":4},"end":{"line":491,"column":null}},"161":{"start":{"line":493,"column":4},"end":{"line":493,"column":null}},"162":{"start":{"line":494,"column":4},"end":{"line":506,"column":null}},"163":{"start":{"line":495,"column":19},"end":{"line":495,"column":51}},"164":{"start":{"line":496,"column":6},"end":{"line":506,"column":null}},"165":{"start":{"line":497,"column":8},"end":{"line":501,"column":null}},"166":{"start":{"line":498,"column":10},"end":{"line":498,"column":null}},"167":{"start":{"line":499,"column":10},"end":{"line":499,"column":null}},"168":{"start":{"line":500,"column":19},"end":{"line":501,"column":null}},"169":{"start":{"line":501,"column":10},"end":{"line":501,"column":null}},"170":{"start":{"line":503,"column":8},"end":{"line":506,"column":null}},"171":{"start":{"line":509,"column":4},"end":{"line":509,"column":null}},"172":{"start":{"line":513,"column":4},"end":{"line":513,"column":null}},"173":{"start":{"line":514,"column":4},"end":{"line":514,"column":null}},"174":{"start":{"line":515,"column":4},"end":{"line":515,"column":null}},"175":{"start":{"line":516,"column":4},"end":{"line":520,"column":null}},"176":{"start":{"line":522,"column":4},"end":{"line":522,"column":null}},"177":{"start":{"line":523,"column":4},"end":{"line":535,"column":null}},"178":{"start":{"line":524,"column":19},"end":{"line":524,"column":52}},"179":{"start":{"line":525,"column":6},"end":{"line":535,"column":null}},"180":{"start":{"line":526,"column":8},"end":{"line":530,"column":null}},"181":{"start":{"line":527,"column":10},"end":{"line":527,"column":null}},"182":{"start":{"line":528,"column":10},"end":{"line":528,"column":null}},"183":{"start":{"line":529,"column":19},"end":{"line":530,"column":null}},"184":{"start":{"line":530,"column":10},"end":{"line":530,"column":null}},"185":{"start":{"line":532,"column":8},"end":{"line":535,"co
[...]
lumn":16}},"loc":{"start":{"line":45,"column":52},"end":{"line":53,"column":null}},"line":45},"4":{"name":"getShipSize","decl":{"start":{"line":69,"column":16},"end":{"line":69,"column":28}},"loc":{"start":{"line":69,"column":52},"end":{"line":70,"column":null}},"line":69},"5":{"name":"isValidShipPlacement","decl":{"start":{"line":73,"column":16},"end":{"line":73,"column":null}},"loc":{"start":{"line":79,"column":11},"end":{"line":104,"column":null}},"line":79},"6":{"name":"generateShip","decl":{"start":{"line":107,"column":16},"end":{"line":107,"column":null}},"loc":{"start":{"line":113,"column":19},"end":{"line":190,"column":null}},"line":113},"7":{"name":"getQuadrantPreferences","decl":{"start":{"line":193,"column":16},"end":{"line":193,"column":39}},"loc":{"start":{"line":193,"column":71},"end":{"line":209,"column":null}},"line":193},"8":{"name":"generatePositionInPreferredQuadrant","decl":{"start":{"line":212,"column":16},"end":{"line":212,"column":null}},"loc":{"start":{"line":218,"column":20},"end":{"line":248,"column":null}},"line":218},"9":{"name":"generateRandomPosition","decl":{"start":{"line":251,"column":16},"end":{"line":251,"column":null}},"loc":{"start":{"line":256,"column":20},"end":{"line":267,"column":null}},"line":256},"10":{"name":"generateShip2D","decl":{"start":{"line":270,"column":16},"end":{"line":270,"column":null}},"loc":{"start":{"line":277,"column":19},"end":{"line":296,"column":null}},"line":277},"11":{"name":"generateShips","decl":{"start":{"line":299,"column":16},"end":{"line":299,"column":30}},"loc":{"start":{"line":299,"column":91},"end":{"line":331,"column":null}},"line":299},"12":{"name":"(anonymous_12)","decl":{"start":{"line":302,"column":19},"end":{"line":302,"column":23}},"loc":{"start":{"line":302,"column":31},"end":{"line":302,"column":46}},"line":302},"13":{"name":"(anonymous_13)","decl":{"start":{"line":306,"column":16},"end":{"line":306,"column":null}},"loc":{"start":{"line":308,"column":6},"end":{"line":309,"column":null}},"line":308}},"branchMap":{"0":{"loc":{"start":{"line":46,"column":4},"end":{"line":46,"column":null}},"type":"if","locations":[{"start":{"line":46,"column":4},"end":{"line":46,"column":null}},{"start":{},"end":{}}],"line":46},"1":{"loc":{"start":{"line":46,"column":8},"end":{"line":46,"column":43}},"type":"binary-expr","locations":[{"start":{"line":46,"column":8},"end":{"line":46,"column":18}},{"start":{"line":46,"column":18},"end":{"line":46,"column":43}}],"line":46},"2":{"loc":{"start":{"line":47,"column":4},"end":{"line":47,"column":null}},"type":"if","locations":[{"start":{"line":47,"column":4},"end":{"line":47,"column":null}},{"start":{},"end":{}}],"line":47},"3":{"loc":{"start":{"line":47,"column":8},"end":{"line":47,"column":45}},"type":"binary-expr","locations":[{"start":{"line":47,"column":8},"end":{"line":47,"column":18}},{"start":{"line":47,"column":18},"end":{"line":47,"column":45}}],"line":47},"4":{"loc":{"start":{"line":50,"column":8},"end":{"line":50,"column":null}},"type":"if","locations":[{"start":{"line":50,"column":8},"end":{"line":50,"column":null}},{"start":{},"end":{}}],"line":50},"5":{"loc":{"start":{"line":56,"column":2},"end":{"line":57,"column":null}},"type":"if","locations":[{"start":{"line":56,"column":2},"end":{"line":57,"column":null}},{"start":{},"end":{}}],"line":56},"6":{"loc":{"start":{"line":56,"column":6},"end":{"line":56,"column":51}},"type":"binary-expr","locations":[{"start":{"line":56,"column":6},"end":{"line":56,"column":19}},{"start":{"line":56,"column":19},"end":{"line":56,"column":51}}],"line":56},"7":{"loc":{"start":{"line":62,"column":6},"end":{"line":62,"column":null}},"type":"if","locations":[{"start":{"line":62,"column":6},"end":{"line":62,"column":null}},{"start":{},"end":{}}],"line":62},"8":{"loc":{"start":{"line":83,"column":4},"end":{"line":84,"column":null}},"type":"if","locations":[{"start":{"line":83,"column":4},"end":{"line":84,"column":null}},{"start":{},"end":{}}],"line":83},"9":{"loc":{"start":{"line":83,"column":8},"end":{"line":83,"column":63}},"type":"binary-expr","locations":[{"start":{"line":83,"column":8},"end":{"line":83,"column":17}},{"start":{"line":83,"column":17},"end":{"line":83,"column":36}},{"start":{"line":83,"column":36},"end":{"line":83,"column":45}},{"start":{"line":83,"column":45},"end":{"line":83,"column":63}}],"line":83},"10":{"loc":{"start":{"line":97,"column":8},"end":{"line":98,"column":null}},"type":"if","locations":[{"start":{"line":97,"column":8},"end":{"line":98,"column":null}},{"start":{},"end":{}}],"line":97},"11":{"loc":{"start":{"line":122,"column":6},"end":{"line":124,"column":null}},"type":"binary-expr","locations":[{"start":{"line":122,"column":6},"end":{"line":122,"column":null}},{"start":{"line":123,"column":6},"end":{"line":124,"column":null}}],"line":122},"12":{"loc":{"start":{"line":126,"column":18},"end":{"line":126,"column":null}},"type":"cond-expr","locations":[{"start":{"line":126,"column":27},"end":{"line":126,"column":45}},{"start":{"line":126,"column":45},"end":{"line":126,"column":null}}],"line":126},"13":{"loc":{"start":{"line":127,"column":19},"end":{"line":127,"column":null}},"type":"cond-expr","locations":[{"start":{"line":127,"column":28},"end":{"line":127,"column":45}},{"start":{"line":127,"column":45},"end":{"line":127,"column":null}}],"line":127},"14":{"loc":{"start":{"line":130,"column":24},"end":{"line":130,"column":null}},"type":"cond-expr","locations":[{"start":{"line":130,"column":42},"end":{"line":130,"column":57}},{"start":{"line":130,"column":57},"end":{"line":130,"column":null}}],"line":130},"15":{"loc":{"start":{"line":134,"column":4},"end":{"line":148,"column":null}},"type":"if","locations":[{"start":{"line":134,"column":4},"end":{"line":148,"column":null}},{"start":{"line":142,"column":11},"end":{"line":148,"column":null}}],"line":134},"16":{"loc":{"start":{"line":134,"column":8},"end":{"line":134,"column":57}},"type":"binary-expr","locations":[{"start":{"line":134,"column":8},"end":{"line":134,"column":31}},{"start":{"line":134,"column":31},"end":{"line":134,"column":57}}],"line":134},"17":{"loc":{"start":{"line":159,"column":4},"end":{"line":160,"column":null}},"type":"if","locations":[{"start":{"line":159,"column":4},"end":{"line":160,"column":null}},{"start":{},"end":{}}],"line":159},"18":{"loc":{"start":{"line":165,"column":4},"end":{"line":169,"column":null}},"type":"cond-expr","locations":[{"start":{"line":166,"column":8},"end":{"line":166,"column":43}},{"start":{"line":167,"column":8},"end":{"line":169,"column":null}}],"line":165},"19":{"loc":{"start":{"line":183,"column":8},"end":{"line":184,"column":null}},"type":"if","locations":[{"start":{"line":183,"column":8},"end":{"line":184,"column":null}},{"start":{},"end":{}}],"line":183},"20":{"loc":{"start":{"line":194,"column":2},"end":{"line":198,"column":null}},"type":"if","locations":[{"start":{"line":194,"column":2},"end":{"line":198,"column":null}},{"start":{},"end":{}}],"line":194},"21":{"loc":{"start":{"line":199,"column":2},"end":{"line":203,"column":null}},"type":"if","locations":[{"start":{"line":199,"column":2},"end":{"line":203,"column":null}},{"start":{},"end":{}}],"line":199},"22":{"loc":{"start":{"line":204,"column":2},"end":{"line":208,"column":null}},"type":"if","locations":[{"start":{"line":204,"column":2},"end":{"line":208,"column":null}},{"start":{},"end":{}}],"line":204},"23":{"loc":{"start":{"line":234,"column":2},"end":{"line":245,"column":null}},"type":"if","locations":[{"start":{"line":234,"column":2},"end":{"line":245,"column":null}},{"start":{"line":240,"column":9},"end":{"line":245,"column":null}}],"line":234},"24":{"loc":{"start":{"line":259,"column":2},"end":{"line":264,"column":null}},"type":"if","locations":[{"start":{"line":259,"column":2},"end":{"line":264,"column":null}},{"start":{"line":262,"column":9},"end":{"line":264,"column":null}}],"line":259},"25":{"loc":{"start":{"line":291,"column":4},"end":{"line":292,"column":null}},"type":"if","locations":[{"start":{"line":291,"column":4},"end":{"line":292,"column":null}},{"start":{},"end":{}}],"line":291},"26":{"loc":{"start":{"line":313,"column":18},"end":{"line":313,"column":null}},"type":"binary-expr","locations":[{"start":{"line":313,"column":18},"end":{"line":313,"column":47}},{"start":{"line":313,"column":47},"end":{"line":313,"column":null}}],"line":313},"27":{"loc":{"start":{"line":319,"column":8},"end":{"line":319,"column":null}},"type":"binary-expr","locations":[{"start":{"line":319,"column":8},"end":{"line":319,"column":35}},{"start":{"line":319,"column":35},"end":{"line":319,"column":null}}],"line":319},"28":{"loc":{"start":{"line":320,"column":8},"end":{"line":320,"column":null}},"type":"binary-expr","locations":[{"start":{"line":320,"column":8},"end":{"line":320,"column":36}},{"start":{"line":320,"column":36},"end":{"line":320,"column":null}}],"line":320},"29":{"loc":{"start":{"line":325,"column":6},"end":{"line":326,"column":null}},"type":"if","locations":[{"start":{"line":325,"column":6},"end":{"line":326,"column":null}},{"start":{},"end":{}}],"line":325}},"s":{"0":14920,"1":14920,"2":14920,"3":33888,"4":33888,"5":56321,"6":14920,"7":14525,"8":14525,"9":10,"10":10,"11":5,"12":9,"13":10,"14":1,"15":10,"16":19,"17":1,"18":18,"19":1,"20":17,"21":17,"22":17,"23":17,"24":17,"25":8,"26":9,"27":10,"28":1,"29":9,"30":9,"31":8,"32":8,"33":14,"34":8,"35":1,"36":1,"37":4462,"38":4462,"39":10544,"40":215,"41":4247,"42":7848,"43":7848,"44":13683,"45":50369,"46":50369,"47":3967,"48":280,"49":289,"50":289,"51":289,"52":289,"53":3867,"54":3867,"55":3867,"56":3867,"57":3867,"58":3867,"59":2533,"60":1334,"61":3867,"62":3867,"63":276,"64":13,"65":289,"66":20,"67":20,"68":98,"69":98,"70":592,"71":592,"72":3,"73":10,"74":293,"75":89,"76":204,"77":101,"78":103,"79":57,"80":46,"81":2533,"82":2533,"83":2533,"84":2533,"85":2533,"86":2533,"87":2533,"88":2533,"89":1292,"90":1292,"91":1241,"92":1241,"93":2533,"94":1336,"95":768,"96":768,"97":568,"98":568,"99":1336,"100":2,"101":2,"102":2,"103":3,"104":3,"105":3,"106":3,"107":1,"108":1,"109":74,"110":74,"111":288,"112":74,"113":74,"114":214,"115":74,"116":288,"117":288,"118":288,"119":288,"120":284,"121":284,"122":276,"123":74},"f":{"0":14920,"1":14525,"2":10,"3":19,"4":1,"5":4462,"6":289,"7":293,"8":2533,"9":1336,"10":2,"11":74,"12":288,"13":214},"b":{"0":[1,18],"1":[19,18],"2":[1,17],"3":[18,17],"4":[8,9],"5":[1,9],"6":[10,5],"7":[8,6],"8":[215,10329],"9":[10544,10340,10339,10339],"10":[3967,46402],"11":[3867,3660],"12":[1808,2059],"13":[1808,2059],"14":[2059,1808],"15":[2533,1334],"16":[3867,2699],"17":[276,3591],"18":[4,9],"19":[3,589],"20":[89,204],"21":[101,103],"22":[57,46],"23":[1292,1241],"24":[768,568],"25":[1,2],"26":[288,5],"27":[284,3],"28":[284,3],"29":[276,8]},"meta":{"lastBranch":30,"lastFunction":14,"lastStatement":124,"seen":{"f:5:16:5:Infinity":0,"s:11:36:11:38":0,"s:12:2:14:Infinity":1,"s:12:17:12:20":2,"s:13:4:14:Infinity":3,"s:13:19:13:22":4,"s:14:6:14:Infinity":5,"s:17:2:17:Infinity":6,"f:20:16:20:37":1,"s:21:17:21:Infinity":7,"s:22:2:22:Infinity":8,"f:25:16:25:Infinity":2,"s:34:18:34:35":9,"s:36:2:38:Infinity":10,"s:37:4:38:Infinity":11,"s:38:6:38:Infinity":12,"s:41:2:42:Infinity":13,"s:42:4:42:Infinity":14,"s:45:8:53:Infinity":15,"f:45:8:45:16":3,"b:46:4:46:Infinity:undefined:undefined:undefined:undefined":0,"s:46:4:46:Infinity":16,"b:46:8:46:18:46:18:46:43":1,"s:46:43:46:Infinity":17,"b:47:4:47:Infinity:undefined:undefined:undefined:undefined":2,"s:47:4:47:Infinity":18,"b:47:8:47:18:47:18:47:45":3,"s:47:45:47:Infinity":19,"s:48:4:50:Infinity":20,"s:48:19:48:22":21,"s:49:6:50:Infinity":22,"s:49:21:49:24":23,"b:50:8:50:Infinity:undefined:undefined:undefined:undefined":4,"s:50:8:50:Infinity":24,"s:50:52:50:Infinity":25,"s:53:4:53:Infinity":26,"b:56:2:57:Infinity:undefined:undefined:undefined:undefined":5,"s:56:2:57:Infinity":27,"b:56:6:56:19:56:19:56:51":6,"s:57:4:57:Infinity":28,"s:60:2:62:Infinity":29,"s:60:15:60:18":30,"s:61:4:62:Infinity":31,"s:61:17:61:20":32,"b:62:6:62:Infinity:undefined:undefined:undefined:undefined":7,"s:62:6:62:Infinity":33,"s:62:22:62:Infinity":34,"s:66:2:66:Infinity":35,"f:69:16:69:28":4,"s:70:2:70:Infinity":36,"f:73:16:73:Infinity":5,"s:80:20:80:46":37,"s:82:2:84:Infinity":38,"b:83:4:84:Infinity:undefined:undefined:undefined:undefined":8,"s:83:4:84:Infinity":39,"b:83:8:83:17:83:17:83:36:83:36:83:45:83:45:83:63":9,"s:84:6:84:Infinity":40,"s:88:2:98:Infinity":41,"s:89:26:89:60":42,"s:91:4:98:Infinity":43,"s:92:6:98:Infinity":44,"s:93:25:95:Infinity":45,"b:97:8:98:Infinity:undefined:undefined:undefined:undefined":10,"s:97:8:98:Infinity":46,"s:98:10:98:Infinity":47,"s:104:2:104:Infinity":48,"f:107:16:107:Infinity":6,"s:114:22:114:Infinity":49,"s:116:30:117:Infinity":50,"s:120:2:160:Infinity":51,"s:120:21:120:24":52,"s:122:6:124:Infinity":53,"b:122:6:122:Infinity:123:6:124:Infinity":11,"s:126:18:126:Infinity":54,"b:126:27:126:45:126:45:126:Infinity":12,"s:127:19:127:Infinity":55,"b:127:28:127:45:127:45:127:Infinity":13,"s:129:21:129:44":56,"s:130:24:130:Infinity":57,"b:130:42:130:57:130:57:130:Infinity":14,"b:134:4:148:Infinity:142:11:148:Infinity":15,"s:134:4:148:Infinity":58,"b:134:8:134:31:134:31:134:57":16,"s:135:6:141:Infinity":59,"s:143:6:148:Infinity":60,"s:151:27:157:Infinity":61,"b:159:4:160:Infinity:undefined:undefined:undefined:undefined":17,"s:159:4:160:Infinity":62,"s:160:6:160:Infinity":63,"s:165:4:169:Infinity":64,"b:166:8:166:43:167:8:169:Infinity":18,"s:172:2:184:Infinity":65,"s:173:4:184:Infinity":66,"s:173:17:173:20":67,"s:174:6:184:Infinity":68,"s:174:19:174:22":69,"s:175:31:181:Infinity":70,"b:183:8:184:Infinity:undefined:undefined:undefined:undefined":19,"s:183:8:184:Infinity":71,"s:184:10:184:Infinity":72,"s:190:2:190:Infinity":73,"f:193:16:193:39":7,"b:194:2:198:Infinity:undefined:undefined:undefined:undefined":20,"s:194:2:198:Infinity":74,"s:195:4:198:Infinity":75,"b:199:2:203:Infinity:undefined:undefined:undefined:undefined":21,"s:199:2:203:Infinity":76,"s:200:4:203:Infinity":77,"b:204:2:208:Infinity:undefined:undefined:undefined:undefined":22,"s:204:2:208:Infinity":78,"s:205:4:208:Infinity":79,"s:209:2:209:Infinity":80,"f:212:16:212:Infinity":8,"s:220:4:220:Infinity":81,"s:222:4:222:Infinity":82,"s:224:23:225:Infinity":83,"s:227:15:227:56":84,"s:228:15:228:66":85,"s:229:15:229:50":86,"s:230:15:230:50":87,"b:234:2:245:Infinity:240:9:245:Infinity":23,"s:234:2:245:Infinity":88,"s:235:4:238:Infinity":89,"s:239:4:239:Infinity":90,"s:241:4:241:Infinity":91,"s:242:4:245:Infinity":92,"s:248:2:248:Infinity":93,"f:251:16:251:Infinity":9,"b:259:2:264:Infinity:262:9:264:Infinity":24,"s:259:2:264:Infinity":94,"s:260:4:260:Infinity":95,"s:261:4:261:Infinity":96,"s:263:4:263:Infinity":97,"s:264:4:264:Infinity":98,"s:267:2:267:Infinity":99,"f:270:16:270:Infinity":10,"s:278:22:278:Infinity":100,"s:280:2:292:Infinity":101,"s:280:21:280:24":102,"s:281:14:281:66":103,"s:282:14:282:68":104,"s:284:27:289:Infinity":105,"b:291:4:292:Infinity:undefined:undefined:undefined:undefined":25,"s:291:4:292:Infinity":106,"s:292:6:292:Infinity":107,"s:296:2:296:Infinity":108,"f:299:16:299:30":11,"s:300:28:300:30":109,"s:301:24:302:Infinity":110,"f:302:19:302:23":12,"s:302:31:302:46":111,"s:304:24:304:50":112,"s:306:2:310:Infinity":113,"f:306:16:306:Infinity":13,"s:308:6:309:Infinity":114,"s:312:2:326:Infinity":115,"s:313:18:313:Infinity":116,"b:313:18:313:47:313:47:313:Infinity":26,"s:314:21:314:Infinity":117,"s:316:4:326:Infinity":118,"s:316:17:316:20":119,"s:317:19:322:Infinity":120,"b:319:8:319:35:319:35:319:Infinity":27,"b:320:8:320:36:320:36:320:Infinity":28,"b:325:6:326:Infinity:undefined:undefined:undefined:undefined":29,"s:325:6:326:Infinity":121,"s:326:8:326:Infinity":122,"s:331:2:331:Infinity":123}}}
,"/Users/alex/Desktop/RebelCoderz/engine/src/core/tools/shots.ts": {"path":"/Users/alex/Desktop/RebelCoderz/engine/src/core/tools/shots.ts","statementMap":{"0":{"start":{"line":10,"column":4},"end":{"line":10,"column":85}},"1":{"start":{"line":10,"column":68},"end":{"line":10,"column":85}},"2":{"start":{"line":12,"column":15},"end":{"line":12,"column":32}},"3":{"start":{"line":13,"column":34},"end":{"line":13,"column":36}},"4":{"start":{"line":14,"column":23},"end":{"line":15,"column":null}},"5":{"start":{"line":15,"column":43},"end":{"line":15,"column":64}},"6":{"start":{"line":18,"column":2},"end":{"line":26,"column":null}},"7":{"start":{"line":19,"column":4},"end":{"line":19,"column":null}},"8":{"start":{"line":19,"column":22},"end":{"line":19,"column":null}},"9":{"start":{"line":20,"column":4},"end":{"line":20,"column":null}},"10":{"start":{"line":21,"column":20},"end":{"line":21,"column":null}},"11":{"start":{"line":22,"column":4},"end":{"line":26,"column":null}},"12":{"start":{"line":23,"column":6},"end":{"line":26,"column":null}},"13":{"start":{"line":30,"column":2},"end":{"line":30,"column":null}}},"fnMap":{"0":{"name":"generateShotPatterns","decl":{"start":{"line":5,"column":16},"end":{"line":5,"column":null}},"loc":{"start":{"line":8,"column":17},"end":{"line":30,"column":null}},"line":8},"1":{"name":"(anonymous_1)","decl":{"start":{"line":10,"column":51},"end":{"line":10,"column":56}},"loc":{"start":{"line":10,"column":68},"end":{"line":10,"column":85}},"line":10},"2":{"name":"(anonymous_2)","decl":{"start":{"line":15,"column":26},"end":{"line":15,"column":31}},"loc":{"start":{"line":15,"column":43},"end":{"line":15,"column":64}},"line":15}},"branchMap":{"0":{"loc":{"start":{"line":10,"column":4},"end":{"line":10,"column":85}},"type":"binary-expr","locations":[{"start":{"line":10,"column":4},"end":{"line":10,"column":29}},{"start":{"line":10,"column":29},"end":{"line":10,"column":85}}],"line":10},"1":{"loc":{"start":{"line":10,"column":68},"end":{"line":10,"column":85}},"type":"binary-expr","locations":[{"start":{"line":10,"column":68},"end":{"line":10,"column":82}},{"start":{"line":10,"column":82},"end":{"line":10,"column":85}}],"line":10},"2":{"loc":{"start":{"line":19,"column":4},"end":{"line":19,"column":null}},"type":"if","locations":[{"start":{"line":19,"column":4},"end":{"line":19,"column":null}},{"start":{},"end":{}}],"line":19},"3":{"loc":{"start":{"line":22,"column":4},"end":{"line":26,"column":null}},"type":"if","locations":[{"start":{"line":22,"column":4},"end":{"line":26,"column":null}},{"start":{},"end":{}}],"line":22}},"s":{"0":66,"1":643,"2":66,"3":66,"4":66,"5":646,"6":66,"7":646,"8":1,"9":645,"10":645,"11":645,"12":643,"13":66},"f":{"0":66,"1":643,"2":646},"b":{"0":[66,65],"1":[643,1],"2":[1,645],"3":[643,2]},"meta":{"lastBranch":4,"lastFunction":3,"lastStatement":14,"seen":{"f:5:16:5:Infinity":0,"s:10:4:10:85":0,"b:10:4:10:29:10:29:10:85":0,"f:10:51:10:56":1,"s:10:68:10:85":1,"b:10:68:10:82:10:82:10:85":1,"s:12:15:12:32":2,"s:13:34:13:36":3,"s:14:23:15:Infinity":4,"f:15:26:15:31":2,"s:15:43:15:64":5,"s:18:2:26:Infinity":6,"b:19:4:19:Infinity:undefined:undefined:undefined:undefined":2,"s:19:4:19:Infinity":7,"s:19:22:19:Infinity":8,"s:20:4:20:Infinity":9,"s:21:20:21:Infinity":10,"b:22:4:26:Infinity:undefined:undefined:undefined:undefined":3,"s:22:4:26:Infinity":11,"s:23:6:26:Infinity":12,"s:30:2:30:Infinity":13}}}
,"/Users/alex/Desktop/RebelCoderz/engine/src/core/tools/views.ts": {"path":"/Users/alex/Desktop/RebelCoderz/engine/src/core/tools/views.ts","statementMap":{"0":{"start":{"line":4,"column":13},"end":{"line":7,"column":null}},"1":{"start":{"line":7,"column":23},"end":{"line":7,"column":null}}},"fnMap":{"0":{"name":"(anonymous_0)","decl":{"start":{"line":4,"column":13},"end":{"line":4,"column":null}},"loc":{"start":{"line":7,"column":23},"end":{"line":7,"column":null}},"line":7}},"branchMap":{"0":{"loc":{"start":{"line":6,"column":2},"end":{"line":6,"column":null}},"type":"default-arg","locations":[{"start":{"line":6,"column":26},"end":{"line":6,"column":null}}],"line":6}},"s":{"0":1,"1":2},"f":{"0":2},"b":{"0":[2]},"meta":{"lastBranch":1,"lastFunction":1,"lastStatement":2,"seen":{"s:4:13:7:Infinity":0,"f:4:13:4:Infinity":0,"s:7:23:7:Infinity":1,"b:6:26:6:Infinity":0}}}
}
